my_rank: 0 [INFO][0-0:0:0](t=0s) Loading the initial graph
my_rank: 0 [INFO][0-0:0:0](t=0s) Finished loading the initial graph
my_rank: 0 [DEBUG][0-0:0:0](t=0s) Iteration number: 0
my_rank: 0 [INFO][0-0:0:0](t=0s) Iteration number: 0
my_rank: 0 [DEBUG][0-0:0:0](t=0s) 2 [connected components / clusters] to be mincut
my_rank: 0 [DEBUG][0-0:0:0](t=0s) 0 [connected components / clusters] to be clustered after a round of mincuts
my_rank: 0 [DEBUG][0-0:0:0](t=0s) 2 [connected components / clusters] were found to be well connected
my_rank: 0 [INFO][0-0:0:0](t=0s) all clusters are well-connected
my_rank: 0 [INFO][0-0:0:0](t=0s) Total number of iterations: 1
my_rank: 0 [INFO][0-0:0:0](t=0s) Writing output to: ./output_clusters_network_simple.tsv_0
my_rank: 0 [DEBUG][0-0:0:0](t=0s) final clusters:
my_rank: 0 [DEBUG][0-0:0:0](t=0s) new cluster
my_rank: 0 [DEBUG][0-0:0:0](t=0s) 0
my_rank: 0 [DEBUG][0-0:0:0](t=0s) 3
my_rank: 0 [DEBUG][0-0:0:0](t=0s) 4
my_rank: 0 [DEBUG][0-0:0:0](t=0s) 5
my_rank: 0 [DEBUG][0-0:0:0](t=0s) 6
my_rank: 0 [DEBUG][0-0:0:0](t=0s) new cluster
my_rank: 0 [DEBUG][0-0:0:0](t=0s) 1
my_rank: 0 [DEBUG][0-0:0:0](t=0s) 2
my_rank: 0 [DEBUG][0-0:0:0](t=0s) 7
my_rank: 0 [DEBUG][0-0:0:0](t=0s) 10
my_rank: 0 [DEBUG][0-0:0:0](t=0s) 12
my_rank: 1 [INFO][0-0:0:0](t=0s) Loading the initial graph
my_rank: 1 [INFO][0-0:0:0](t=0s) Finished loading the initial graph
my_rank: 1 [DEBUG][0-0:0:0](t=0s) Iteration number: 0
my_rank: 1 [INFO][0-0:0:0](t=0s) Iteration number: 0
my_rank: 1 [DEBUG][0-0:0:0](t=0s) 2 [connected components / clusters] to be mincut
my_rank: 1 [DEBUG][0-0:0:0](t=0s) 0 [connected components / clusters] to be clustered after a round of mincuts
my_rank: 1 [DEBUG][0-0:0:0](t=0s) 2 [connected components / clusters] were found to be well connected
my_rank: 1 [INFO][0-0:0:0](t=0s) all clusters are well-connected
my_rank: 1 [INFO][0-0:0:0](t=0s) Total number of iterations: 1
my_rank: 1 [INFO][0-0:0:0](t=0s) Writing output to: ./output_clusters_network_simple.tsv_1
my_rank: 1 [DEBUG][0-0:0:0](t=0s) final clusters:
my_rank: 1 [DEBUG][0-0:0:0](t=0s) new cluster
my_rank: 1 [DEBUG][0-0:0:0](t=0s) 11
my_rank: 1 [DEBUG][0-0:0:0](t=0s) 13
my_rank: 1 [DEBUG][0-0:0:0](t=0s) new cluster
my_rank: 1 [DEBUG][0-0:0:0](t=0s) 14
my_rank: 1 [DEBUG][0-0:0:0](t=0s) 16
my_rank: 1 [DEBUG][0-0:0:0](t=0s) 17
my_rank: 1 [DEBUG][0-0:0:0](t=0s) 18
my_rank: 1 [DEBUG][0-0:0:0](t=0s) 19
