my_rank: 0 [INFO][0-0:0:0](t=4ms) Loading the initial graph
my_rank: 0 [INFO][0-0:0:0](t=10ms) Finished loading the initial graph
my_rank: 0 [INFO][0-0:0:0](t=10ms) my_rank: %d before rice edge_count 10429
my_rank: 0 [INFO][0-0:0:0](t=55ms) my_rank: %d after rice edge_count 3162
my_rank: 0 [DEBUG][0-0:0:0](t=55ms) Iteration number: 0
my_rank: 0 [INFO][0-0:0:0](t=55ms) Iteration number: 0
my_rank: 0 [DEBUG][0-0:0:0](t=55ms) 17 [connected components / clusters] to be mincut
my_rank: 0 [DEBUG][0-0:0:0](t=65ms) 12 [connected components / clusters] to be clustered after a round of mincuts
my_rank: 0 [DEBUG][0-0:0:0](t=65ms) 16 [connected components / clusters] were found to be well connected
my_rank: 0 [INFO][0-0:0:0](t=65ms) my_rank: 0 Writing output to: ./output/output_network_clusters_0
my_rank: 0 [DEBUG][0-0:0:0](t=65ms) final clusters:
my_rank: 0 [DEBUG][0-0:0:0](t=65ms) new cluster
my_rank: 0 [DEBUG][0-0:0:0](t=65ms) 0
my_rank: 0 [DEBUG][0-0:0:0](t=65ms) 1
my_rank: 0 [DEBUG][0-0:0:0](t=65ms) 2
my_rank: 0 [DEBUG][0-0:0:0](t=65ms) 3
my_rank: 0 [DEBUG][0-0:0:0](t=65ms) 211
my_rank: 0 [DEBUG][0-0:0:0](t=65ms) 212
my_rank: 0 [DEBUG][0-0:0:0](t=65ms) 420
my_rank: 0 [DEBUG][0-0:0:0](t=65ms) 902
my_rank: 0 [DEBUG][0-0:0:0](t=65ms) new cluster
my_rank: 0 [DEBUG][0-0:0:0](t=65ms) 5
my_rank: 0 [DEBUG][0-0:0:0](t=65ms) 13
my_rank: 0 [DEBUG][0-0:0:0](t=65ms) 16
my_rank: 0 [DEBUG][0-0:0:0](t=65ms) 27
my_rank: 0 [DEBUG][0-0:0:0](t=65ms) 32
my_rank: 0 [DEBUG][0-0:0:0](t=65ms) 56
my_rank: 0 [DEBUG][0-0:0:0](t=65ms) 73
my_rank: 0 [DEBUG][0-0:0:0](t=65ms) 74
my_rank: 0 [DEBUG][0-0:0:0](t=65ms) 79
my_rank: 0 [DEBUG][0-0:0:0](t=65ms) 85
my_rank: 0 [DEBUG][0-0:0:0](t=65ms) 87
my_rank: 0 [DEBUG][0-0:0:0](t=65ms) 374
my_rank: 0 [DEBUG][0-0:0:0](t=65ms) 467
my_rank: 0 [DEBUG][0-0:0:0](t=65ms) new cluster
my_rank: 0 [DEBUG][0-0:0:0](t=65ms) 6
my_rank: 0 [DEBUG][0-0:0:0](t=65ms) 17
my_rank: 0 [DEBUG][0-0:0:0](t=65ms) new cluster
my_rank: 0 [DEBUG][0-0:0:0](t=65ms) 7
my_rank: 0 [DEBUG][0-0:0:0](t=65ms) 31
my_rank: 0 [DEBUG][0-0:0:0](t=65ms) 118
my_rank: 0 [DEBUG][0-0:0:0](t=65ms) 235
my_rank: 0 [DEBUG][0-0:0:0](t=65ms) 245
my_rank: 0 [DEBUG][0-0:0:0](t=65ms) 260
my_rank: 0 [DEBUG][0-0:0:0](t=65ms) 272
my_rank: 0 [DEBUG][0-0:0:0](t=65ms) 273
my_rank: 0 [DEBUG][0-0:0:0](t=65ms) 274
my_rank: 0 [DEBUG][0-0:0:0](t=65ms) 275
my_rank: 0 [DEBUG][0-0:0:0](t=65ms) 276
my_rank: 0 [DEBUG][0-0:0:0](t=65ms) 277
my_rank: 0 [DEBUG][0-0:0:0](t=65ms) 278
my_rank: 0 [DEBUG][0-0:0:0](t=65ms) 415
my_rank: 0 [DEBUG][0-0:0:0](t=65ms) 416
my_rank: 0 [DEBUG][0-0:0:0](t=65ms) 442
my_rank: 0 [DEBUG][0-0:0:0](t=65ms) 443
my_rank: 0 [DEBUG][0-0:0:0](t=65ms) 444
my_rank: 0 [DEBUG][0-0:0:0](t=65ms) 579
my_rank: 0 [DEBUG][0-0:0:0](t=65ms) new cluster
my_rank: 0 [DEBUG][0-0:0:0](t=65ms) 8
my_rank: 0 [DEBUG][0-0:0:0](t=65ms) 19
my_rank: 0 [DEBUG][0-0:0:0](t=65ms) 23
my_rank: 0 [DEBUG][0-0:0:0](t=65ms) 24
my_rank: 0 [DEBUG][0-0:0:0](t=65ms) 42
my_rank: 0 [DEBUG][0-0:0:0](t=65ms) 47
my_rank: 0 [DEBUG][0-0:0:0](t=65ms) 204
my_rank: 0 [DEBUG][0-0:0:0](t=65ms) 206
my_rank: 0 [DEBUG][0-0:0:0](t=65ms) 207
my_rank: 0 [DEBUG][0-0:0:0](t=65ms) 234
my_rank: 0 [DEBUG][0-0:0:0](t=65ms) 247
my_rank: 0 [DEBUG][0-0:0:0](t=65ms) 279
my_rank: 0 [DEBUG][0-0:0:0](t=65ms) 312
my_rank: 0 [DEBUG][0-0:0:0](t=65ms) 377
my_rank: 0 [DEBUG][0-0:0:0](t=65ms) new cluster
my_rank: 0 [DEBUG][0-0:0:0](t=65ms) 9
my_rank: 0 [DEBUG][0-0:0:0](t=65ms) 12
my_rank: 0 [DEBUG][0-0:0:0](t=65ms) 14
my_rank: 0 [DEBUG][0-0:0:0](t=65ms) 18
my_rank: 0 [DEBUG][0-0:0:0](t=65ms) 44
my_rank: 0 [DEBUG][0-0:0:0](t=65ms) 55
my_rank: 0 [DEBUG][0-0:0:0](t=65ms) 62
my_rank: 0 [DEBUG][0-0:0:0](t=65ms) new cluster
my_rank: 0 [DEBUG][0-0:0:0](t=65ms) 10
my_rank: 0 [DEBUG][0-0:0:0](t=65ms) 41
my_rank: 0 [DEBUG][0-0:0:0](t=65ms) 100
my_rank: 0 [DEBUG][0-0:0:0](t=65ms) new cluster
my_rank: 0 [DEBUG][0-0:0:0](t=65ms) 11
my_rank: 0 [DEBUG][0-0:0:0](t=65ms) 33
my_rank: 0 [DEBUG][0-0:0:0](t=65ms) 34
my_rank: 0 [DEBUG][0-0:0:0](t=65ms) 37
my_rank: 0 [DEBUG][0-0:0:0](t=65ms) 38
my_rank: 0 [DEBUG][0-0:0:0](t=65ms) 39
my_rank: 0 [DEBUG][0-0:0:0](t=66ms) 40
my_rank: 0 [DEBUG][0-0:0:0](t=66ms) 43
my_rank: 0 [DEBUG][0-0:0:0](t=66ms) 48
my_rank: 0 [DEBUG][0-0:0:0](t=66ms) 49
my_rank: 0 [DEBUG][0-0:0:0](t=66ms) 51
my_rank: 0 [DEBUG][0-0:0:0](t=66ms) 214
my_rank: 0 [DEBUG][0-0:0:0](t=66ms) 259
my_rank: 0 [DEBUG][0-0:0:0](t=66ms) 316
my_rank: 0 [DEBUG][0-0:0:0](t=66ms) new cluster
my_rank: 0 [DEBUG][0-0:0:0](t=66ms) 20
my_rank: 0 [DEBUG][0-0:0:0](t=66ms) 21
my_rank: 0 [DEBUG][0-0:0:0](t=66ms) 30
my_rank: 0 [DEBUG][0-0:0:0](t=66ms) 45
my_rank: 0 [DEBUG][0-0:0:0](t=66ms) 46
my_rank: 0 [DEBUG][0-0:0:0](t=66ms) 130
my_rank: 0 [DEBUG][0-0:0:0](t=66ms) 233
my_rank: 0 [DEBUG][0-0:0:0](t=66ms) 249
my_rank: 0 [DEBUG][0-0:0:0](t=66ms) 361
my_rank: 0 [DEBUG][0-0:0:0](t=66ms) 670
my_rank: 0 [DEBUG][0-0:0:0](t=66ms) new cluster
my_rank: 0 [DEBUG][0-0:0:0](t=66ms) 22
my_rank: 0 [DEBUG][0-0:0:0](t=66ms) 25
my_rank: 0 [DEBUG][0-0:0:0](t=66ms) 26
my_rank: 0 [DEBUG][0-0:0:0](t=66ms) 28
my_rank: 0 [DEBUG][0-0:0:0](t=66ms) 29
my_rank: 0 [DEBUG][0-0:0:0](t=66ms) 35
my_rank: 0 [DEBUG][0-0:0:0](t=66ms) 36
my_rank: 0 [DEBUG][0-0:0:0](t=66ms) 68
my_rank: 0 [DEBUG][0-0:0:0](t=66ms) 76
my_rank: 0 [DEBUG][0-0:0:0](t=66ms) 77
my_rank: 0 [DEBUG][0-0:0:0](t=66ms) 80
my_rank: 0 [DEBUG][0-0:0:0](t=66ms) 82
my_rank: 0 [DEBUG][0-0:0:0](t=66ms) 84
my_rank: 0 [DEBUG][0-0:0:0](t=66ms) 86
my_rank: 0 [DEBUG][0-0:0:0](t=66ms) 171
my_rank: 0 [DEBUG][0-0:0:0](t=66ms) 232
my_rank: 0 [DEBUG][0-0:0:0](t=66ms) new cluster
my_rank: 0 [DEBUG][0-0:0:0](t=66ms) 50
my_rank: 0 [DEBUG][0-0:0:0](t=66ms) 52
my_rank: 0 [DEBUG][0-0:0:0](t=66ms) 187
my_rank: 0 [DEBUG][0-0:0:0](t=66ms) 205
my_rank: 0 [DEBUG][0-0:0:0](t=66ms) 229
my_rank: 0 [DEBUG][0-0:0:0](t=66ms) 248
my_rank: 0 [DEBUG][0-0:0:0](t=66ms) 349
my_rank: 0 [DEBUG][0-0:0:0](t=66ms) 360
my_rank: 0 [DEBUG][0-0:0:0](t=66ms) new cluster
my_rank: 0 [DEBUG][0-0:0:0](t=66ms) 53
my_rank: 0 [DEBUG][0-0:0:0](t=66ms) 54
my_rank: 0 [DEBUG][0-0:0:0](t=66ms) 58
my_rank: 0 [DEBUG][0-0:0:0](t=66ms) 59
my_rank: 0 [DEBUG][0-0:0:0](t=66ms) 60
my_rank: 0 [DEBUG][0-0:0:0](t=66ms) 61
my_rank: 0 [DEBUG][0-0:0:0](t=66ms) 63
my_rank: 0 [DEBUG][0-0:0:0](t=66ms) 64
my_rank: 0 [DEBUG][0-0:0:0](t=66ms) 65
my_rank: 0 [DEBUG][0-0:0:0](t=66ms) 66
my_rank: 0 [DEBUG][0-0:0:0](t=66ms) 125
my_rank: 0 [DEBUG][0-0:0:0](t=66ms) 131
my_rank: 0 [DEBUG][0-0:0:0](t=66ms) 152
my_rank: 0 [DEBUG][0-0:0:0](t=66ms) 900
my_rank: 0 [DEBUG][0-0:0:0](t=66ms) new cluster
my_rank: 0 [DEBUG][0-0:0:0](t=66ms) 57
my_rank: 0 [DEBUG][0-0:0:0](t=66ms) 67
my_rank: 0 [DEBUG][0-0:0:0](t=66ms) 69
my_rank: 0 [DEBUG][0-0:0:0](t=66ms) 70
my_rank: 0 [DEBUG][0-0:0:0](t=66ms) 71
my_rank: 0 [DEBUG][0-0:0:0](t=66ms) 72
my_rank: 0 [DEBUG][0-0:0:0](t=66ms) 78
my_rank: 0 [DEBUG][0-0:0:0](t=66ms) 81
my_rank: 0 [DEBUG][0-0:0:0](t=66ms) 83
my_rank: 0 [DEBUG][0-0:0:0](t=66ms) 155
my_rank: 0 [DEBUG][0-0:0:0](t=66ms) 170
my_rank: 0 [DEBUG][0-0:0:0](t=66ms) 261
my_rank: 0 [DEBUG][0-0:0:0](t=66ms) 306
my_rank: 0 [DEBUG][0-0:0:0](t=66ms) 307
my_rank: 0 [DEBUG][0-0:0:0](t=66ms) 373
my_rank: 0 [DEBUG][0-0:0:0](t=66ms) new cluster
my_rank: 0 [DEBUG][0-0:0:0](t=66ms) 88
my_rank: 0 [DEBUG][0-0:0:0](t=66ms) 90
my_rank: 0 [DEBUG][0-0:0:0](t=66ms) 91
my_rank: 0 [DEBUG][0-0:0:0](t=66ms) 92
my_rank: 0 [DEBUG][0-0:0:0](t=66ms) 93
my_rank: 0 [DEBUG][0-0:0:0](t=66ms) 94
my_rank: 0 [DEBUG][0-0:0:0](t=66ms) 95
my_rank: 0 [DEBUG][0-0:0:0](t=66ms) 96
my_rank: 0 [DEBUG][0-0:0:0](t=66ms) 99
my_rank: 0 [DEBUG][0-0:0:0](t=66ms) 102
my_rank: 0 [DEBUG][0-0:0:0](t=66ms) 103
my_rank: 0 [DEBUG][0-0:0:0](t=66ms) 104
my_rank: 0 [DEBUG][0-0:0:0](t=66ms) 105
my_rank: 0 [DEBUG][0-0:0:0](t=66ms) 106
my_rank: 0 [DEBUG][0-0:0:0](t=66ms) 107
my_rank: 0 [DEBUG][0-0:0:0](t=66ms) 109
my_rank: 0 [DEBUG][0-0:0:0](t=66ms) 110
my_rank: 0 [DEBUG][0-0:0:0](t=66ms) 111
my_rank: 0 [DEBUG][0-0:0:0](t=66ms) 112
my_rank: 0 [DEBUG][0-0:0:0](t=66ms) 113
my_rank: 0 [DEBUG][0-0:0:0](t=66ms) 114
my_rank: 0 [DEBUG][0-0:0:0](t=66ms) 115
my_rank: 0 [DEBUG][0-0:0:0](t=66ms) 116
my_rank: 0 [DEBUG][0-0:0:0](t=66ms) 117
my_rank: 0 [DEBUG][0-0:0:0](t=66ms) 119
my_rank: 0 [DEBUG][0-0:0:0](t=66ms) 120
my_rank: 0 [DEBUG][0-0:0:0](t=66ms) 121
my_rank: 0 [DEBUG][0-0:0:0](t=66ms) 122
my_rank: 0 [DEBUG][0-0:0:0](t=66ms) 123
my_rank: 0 [DEBUG][0-0:0:0](t=66ms) 124
my_rank: 0 [DEBUG][0-0:0:0](t=66ms) 126
my_rank: 0 [DEBUG][0-0:0:0](t=66ms) 127
my_rank: 0 [DEBUG][0-0:0:0](t=66ms) 128
my_rank: 0 [DEBUG][0-0:0:0](t=66ms) 129
my_rank: 0 [DEBUG][0-0:0:0](t=66ms) 132
my_rank: 0 [DEBUG][0-0:0:0](t=66ms) 133
my_rank: 0 [DEBUG][0-0:0:0](t=66ms) 134
my_rank: 0 [DEBUG][0-0:0:0](t=66ms) 135
my_rank: 0 [DEBUG][0-0:0:0](t=66ms) 136
my_rank: 0 [DEBUG][0-0:0:0](t=66ms) 137
my_rank: 0 [DEBUG][0-0:0:0](t=66ms) 138
my_rank: 0 [DEBUG][0-0:0:0](t=66ms) 139
my_rank: 0 [DEBUG][0-0:0:0](t=66ms) 140
my_rank: 0 [DEBUG][0-0:0:0](t=66ms) 141
my_rank: 0 [DEBUG][0-0:0:0](t=66ms) 142
my_rank: 0 [DEBUG][0-0:0:0](t=66ms) 143
my_rank: 0 [DEBUG][0-0:0:0](t=66ms) 144
my_rank: 0 [DEBUG][0-0:0:0](t=66ms) 145
my_rank: 0 [DEBUG][0-0:0:0](t=66ms) 146
my_rank: 0 [DEBUG][0-0:0:0](t=66ms) new cluster
my_rank: 0 [DEBUG][0-0:0:0](t=66ms) 97
my_rank: 0 [DEBUG][0-0:0:0](t=66ms) 151
my_rank: 0 [DEBUG][0-0:0:0](t=66ms) 153
my_rank: 0 [DEBUG][0-0:0:0](t=66ms) 160
my_rank: 0 [DEBUG][0-0:0:0](t=66ms) 161
my_rank: 0 [DEBUG][0-0:0:0](t=66ms) 199
my_rank: 0 [DEBUG][0-0:0:0](t=66ms) 239
my_rank: 0 [DEBUG][0-0:0:0](t=66ms) 240
my_rank: 0 [DEBUG][0-0:0:0](t=66ms) 241
my_rank: 0 [DEBUG][0-0:0:0](t=66ms) 242
my_rank: 0 [DEBUG][0-0:0:0](t=66ms) 243
my_rank: 0 [DEBUG][0-0:0:0](t=66ms) 244
my_rank: 0 [DEBUG][0-0:0:0](t=66ms) 352
my_rank: 0 [DEBUG][0-0:0:0](t=66ms) 353
my_rank: 0 [DEBUG][0-0:0:0](t=66ms) 392
my_rank: 0 [DEBUG][0-0:0:0](t=66ms) 509
my_rank: 0 [DEBUG][0-0:0:0](t=66ms) 547
my_rank: 0 [DEBUG][0-0:0:0](t=66ms) 603
my_rank: 0 [DEBUG][0-0:0:0](t=66ms) 904
my_rank: 0 [DEBUG][0-0:0:0](t=66ms) new cluster
my_rank: 0 [DEBUG][0-0:0:0](t=66ms) 108
my_rank: 0 [DEBUG][0-0:0:0](t=66ms) 169
my_rank: 0 [DEBUG][0-0:0:0](t=66ms) 208
my_rank: 0 [DEBUG][0-0:0:0](t=66ms) 209
my_rank: 0 [DEBUG][0-0:0:0](t=66ms) 210
my_rank: 0 [DEBUG][0-0:0:0](t=66ms) 217
my_rank: 0 [DEBUG][0-0:0:0](t=66ms) 218
my_rank: 0 [DEBUG][0-0:0:0](t=66ms) 219
my_rank: 0 [DEBUG][0-0:0:0](t=66ms) 220
my_rank: 0 [DEBUG][0-0:0:0](t=66ms) 221
my_rank: 0 [DEBUG][0-0:0:0](t=66ms) 222
my_rank: 0 [DEBUG][0-0:0:0](t=66ms) 223
my_rank: 0 [DEBUG][0-0:0:0](t=66ms) 224
my_rank: 0 [DEBUG][0-0:0:0](t=66ms) 225
my_rank: 0 [DEBUG][0-0:0:0](t=66ms) 226
my_rank: 0 [DEBUG][0-0:0:0](t=66ms) 290
my_rank: 0 [DEBUG][0-0:0:0](t=66ms) 291
my_rank: 0 [DEBUG][0-0:0:0](t=66ms) 292
my_rank: 0 [DEBUG][0-0:0:0](t=66ms) 362
my_rank: 0 [DEBUG][0-0:0:0](t=66ms) 363
my_rank: 0 [DEBUG][0-0:0:0](t=66ms) 364
my_rank: 0 [DEBUG][0-0:0:0](t=66ms) 365
my_rank: 0 [DEBUG][0-0:0:0](t=66ms) 406
my_rank: 0 [DEBUG][0-0:0:0](t=66ms) 407
my_rank: 0 [DEBUG][0-0:0:0](t=66ms) 417
my_rank: 0 [DEBUG][0-0:0:0](t=66ms) 441
my_rank: 0 [DEBUG][0-0:0:0](t=66ms) 447
my_rank: 0 [DEBUG][0-0:0:0](t=66ms) 448
my_rank: 0 [DEBUG][0-0:0:0](t=66ms) 450
my_rank: 0 [DEBUG][0-0:0:0](t=66ms) 454
my_rank: 0 [DEBUG][0-0:0:0](t=66ms) 474
my_rank: 0 [DEBUG][0-0:0:0](t=66ms) 475
my_rank: 0 [DEBUG][0-0:0:0](t=66ms) 478
my_rank: 0 [DEBUG][0-0:0:0](t=66ms) 486
my_rank: 0 [DEBUG][0-0:0:0](t=66ms) 487
my_rank: 0 [DEBUG][0-0:0:0](t=66ms) 489
my_rank: 0 [DEBUG][0-0:0:0](t=66ms) 490
my_rank: 0 [DEBUG][0-0:0:0](t=66ms) 500
my_rank: 0 [DEBUG][0-0:0:0](t=66ms) 501
my_rank: 0 [DEBUG][0-0:0:0](t=66ms) 514
my_rank: 0 [DEBUG][0-0:0:0](t=66ms) 555
my_rank: 0 [DEBUG][0-0:0:0](t=66ms) 556
my_rank: 0 [DEBUG][0-0:0:0](t=66ms) 560
my_rank: 0 [DEBUG][0-0:0:0](t=66ms) 561
my_rank: 0 [DEBUG][0-0:0:0](t=66ms) 569
my_rank: 0 [DEBUG][0-0:0:0](t=66ms) 598
my_rank: 0 [DEBUG][0-0:0:0](t=66ms) 599
my_rank: 0 [DEBUG][0-0:0:0](t=66ms) 606
my_rank: 0 [DEBUG][0-0:0:0](t=66ms) 624
my_rank: 0 [DEBUG][0-0:0:0](t=66ms) 630
my_rank: 0 [DEBUG][0-0:0:0](t=66ms) 640
my_rank: 0 [DEBUG][0-0:0:0](t=66ms) 641
my_rank: 0 [DEBUG][0-0:0:0](t=66ms) 653
my_rank: 0 [DEBUG][0-0:0:0](t=66ms) 658
my_rank: 0 [DEBUG][0-0:0:0](t=66ms) 659
my_rank: 0 [DEBUG][0-0:0:0](t=66ms) 666
my_rank: 0 [DEBUG][0-0:0:0](t=66ms) 681
my_rank: 0 [DEBUG][0-0:0:0](t=66ms) 905
my_rank: 0 [DEBUG][0-0:0:0](t=66ms) Write to MPI Output
my_rank: 0 [DEBUG][0-0:0:0](t=67ms) my_rank: 0 Write to cluster mpi file
my_rank: 0 [DEBUG][0-0:0:0](t=70ms) Iteration number: 1
my_rank: 0 [DEBUG][0-0:0:0](t=70ms) 12 [connected components / clusters] to be mincut
my_rank: 0 [DEBUG][0-0:0:0](t=70ms) 0 [connected components / clusters] to be clustered after a round of mincuts
my_rank: 0 [DEBUG][0-0:0:0](t=70ms) 18446744073709551612 [connected components / clusters] were found to be well connected
my_rank: 0 [INFO][0-0:0:0](t=70ms) all clusters are well-connected
my_rank: 0 [INFO][0-0:0:0](t=70ms) Total number of iterations: 2
my_rank: 0 [INFO][0-0:0:0](t=70ms) my_rank: 0 Writing output to: ./output/output_network_clusters_0
my_rank: 0 [DEBUG][0-0:0:0](t=70ms) final clusters:
my_rank: 0 [DEBUG][0-0:0:0](t=70ms) new cluster
my_rank: 0 [DEBUG][0-0:0:0](t=70ms) 385
my_rank: 0 [DEBUG][0-0:0:0](t=70ms) 386
my_rank: 0 [DEBUG][0-0:0:0](t=70ms) 387
my_rank: 0 [DEBUG][0-0:0:0](t=70ms) 539
my_rank: 0 [DEBUG][0-0:0:0](t=70ms) new cluster
my_rank: 0 [DEBUG][0-0:0:0](t=70ms) 892
my_rank: 0 [DEBUG][0-0:0:0](t=70ms) 893
my_rank: 0 [DEBUG][0-0:0:0](t=70ms) 894
my_rank: 0 [DEBUG][0-0:0:0](t=70ms) new cluster
my_rank: 0 [DEBUG][0-0:0:0](t=70ms) 147
my_rank: 0 [DEBUG][0-0:0:0](t=70ms) 148
my_rank: 0 [DEBUG][0-0:0:0](t=70ms) 150
my_rank: 0 [DEBUG][0-0:0:0](t=70ms) 413
my_rank: 0 [DEBUG][0-0:0:0](t=70ms) 464
my_rank: 0 [DEBUG][0-0:0:0](t=70ms) 837
my_rank: 0 [DEBUG][0-0:0:0](t=70ms) new cluster
my_rank: 0 [DEBUG][0-0:0:0](t=70ms) 149
my_rank: 0 [DEBUG][0-0:0:0](t=70ms) 227
my_rank: 0 [DEBUG][0-0:0:0](t=71ms) 228
my_rank: 0 [DEBUG][0-0:0:0](t=71ms) 230
my_rank: 0 [DEBUG][0-0:0:0](t=71ms) 231
my_rank: 0 [DEBUG][0-0:0:0](t=71ms) 303
my_rank: 0 [DEBUG][0-0:0:0](t=71ms) 317
my_rank: 0 [DEBUG][0-0:0:0](t=71ms) 318
my_rank: 0 [DEBUG][0-0:0:0](t=71ms) 319
my_rank: 0 [DEBUG][0-0:0:0](t=71ms) 338
my_rank: 0 [DEBUG][0-0:0:0](t=71ms) 494
my_rank: 0 [DEBUG][0-0:0:0](t=71ms) new cluster
my_rank: 0 [DEBUG][0-0:0:0](t=71ms) 162
my_rank: 0 [DEBUG][0-0:0:0](t=71ms) 163
my_rank: 0 [DEBUG][0-0:0:0](t=71ms) 164
my_rank: 0 [DEBUG][0-0:0:0](t=71ms) 165
my_rank: 0 [DEBUG][0-0:0:0](t=71ms) 341
my_rank: 0 [DEBUG][0-0:0:0](t=71ms) 342
my_rank: 0 [DEBUG][0-0:0:0](t=71ms) 476
my_rank: 0 [DEBUG][0-0:0:0](t=71ms) 477
my_rank: 0 [DEBUG][0-0:0:0](t=71ms) 503
my_rank: 0 [DEBUG][0-0:0:0](t=71ms) 549
my_rank: 0 [DEBUG][0-0:0:0](t=71ms) new cluster
my_rank: 0 [DEBUG][0-0:0:0](t=71ms) 252
my_rank: 0 [DEBUG][0-0:0:0](t=71ms) 402
my_rank: 0 [DEBUG][0-0:0:0](t=71ms) 440
my_rank: 0 [DEBUG][0-0:0:0](t=71ms) new cluster
my_rank: 0 [DEBUG][0-0:0:0](t=71ms) 255
my_rank: 0 [DEBUG][0-0:0:0](t=71ms) 690
my_rank: 0 [DEBUG][0-0:0:0](t=71ms) new cluster
my_rank: 0 [DEBUG][0-0:0:0](t=71ms) 340
my_rank: 0 [DEBUG][0-0:0:0](t=71ms) 343
my_rank: 0 [DEBUG][0-0:0:0](t=71ms) new cluster
my_rank: 0 [DEBUG][0-0:0:0](t=71ms) 346
my_rank: 0 [DEBUG][0-0:0:0](t=71ms) 821
my_rank: 0 [DEBUG][0-0:0:0](t=71ms) new cluster
my_rank: 0 [DEBUG][0-0:0:0](t=71ms) 401
my_rank: 0 [DEBUG][0-0:0:0](t=71ms) 499
my_rank: 0 [DEBUG][0-0:0:0](t=71ms) new cluster
my_rank: 0 [DEBUG][0-0:0:0](t=71ms) 404
my_rank: 0 [DEBUG][0-0:0:0](t=71ms) 418
my_rank: 0 [DEBUG][0-0:0:0](t=71ms) 419
my_rank: 0 [DEBUG][0-0:0:0](t=71ms) new cluster
my_rank: 0 [DEBUG][0-0:0:0](t=71ms) 414
my_rank: 0 [DEBUG][0-0:0:0](t=71ms) 445
my_rank: 0 [DEBUG][0-0:0:0](t=71ms) 465
my_rank: 0 [DEBUG][0-0:0:0](t=71ms) 466
my_rank: 0 [DEBUG][0-0:0:0](t=71ms) Write to MPI Output
my_rank: 0 [DEBUG][0-0:0:0](t=71ms) my_rank: 0 Write to cluster mpi file
my_rank: 1 [INFO][0-0:0:0](t=4ms) Loading the initial graph
my_rank: 1 [INFO][0-0:0:0](t=10ms) Finished loading the initial graph
my_rank: 1 [INFO][0-0:0:0](t=10ms) my_rank: %d before rice edge_count 10429
my_rank: 1 [INFO][0-0:0:0](t=63ms) my_rank: %d after rice edge_count 3162
my_rank: 1 [DEBUG][0-0:0:0](t=63ms) Iteration number: 0
my_rank: 1 [INFO][0-0:0:0](t=63ms) Iteration number: 0
my_rank: 1 [DEBUG][0-0:0:0](t=63ms) 17 [connected components / clusters] to be mincut
my_rank: 1 [DEBUG][0-0:0:0](t=65ms) 0 [connected components / clusters] to be clustered after a round of mincuts
my_rank: 1 [DEBUG][0-0:0:0](t=65ms) 17 [connected components / clusters] were found to be well connected
my_rank: 1 [INFO][0-0:0:0](t=65ms) all clusters are well-connected
my_rank: 1 [INFO][0-0:0:0](t=65ms) Total number of iterations: 1
my_rank: 1 [INFO][0-0:0:0](t=65ms) my_rank: 1 Writing output to: ./output/output_network_clusters_1
my_rank: 1 [DEBUG][0-0:0:0](t=65ms) final clusters:
my_rank: 1 [DEBUG][0-0:0:0](t=65ms) new cluster
my_rank: 1 [DEBUG][0-0:0:0](t=65ms) 158
my_rank: 1 [DEBUG][0-0:0:0](t=65ms) 200
my_rank: 1 [DEBUG][0-0:0:0](t=65ms) 201
my_rank: 1 [DEBUG][0-0:0:0](t=65ms) 215
my_rank: 1 [DEBUG][0-0:0:0](t=65ms) 216
my_rank: 1 [DEBUG][0-0:0:0](t=65ms) 281
my_rank: 1 [DEBUG][0-0:0:0](t=65ms) 293
my_rank: 1 [DEBUG][0-0:0:0](t=65ms) 294
my_rank: 1 [DEBUG][0-0:0:0](t=65ms) 295
my_rank: 1 [DEBUG][0-0:0:0](t=65ms) 296
my_rank: 1 [DEBUG][0-0:0:0](t=65ms) 297
my_rank: 1 [DEBUG][0-0:0:0](t=65ms) 298
my_rank: 1 [DEBUG][0-0:0:0](t=65ms) 299
my_rank: 1 [DEBUG][0-0:0:0](t=65ms) 300
my_rank: 1 [DEBUG][0-0:0:0](t=65ms) 368
my_rank: 1 [DEBUG][0-0:0:0](t=65ms) 369
my_rank: 1 [DEBUG][0-0:0:0](t=65ms) 370
my_rank: 1 [DEBUG][0-0:0:0](t=65ms) 371
my_rank: 1 [DEBUG][0-0:0:0](t=65ms) 372
my_rank: 1 [DEBUG][0-0:0:0](t=65ms) 375
my_rank: 1 [DEBUG][0-0:0:0](t=65ms) 398
my_rank: 1 [DEBUG][0-0:0:0](t=65ms) 399
my_rank: 1 [DEBUG][0-0:0:0](t=65ms) 472
my_rank: 1 [DEBUG][0-0:0:0](t=65ms) 473
my_rank: 1 [DEBUG][0-0:0:0](t=65ms) 544
my_rank: 1 [DEBUG][0-0:0:0](t=65ms) 545
my_rank: 1 [DEBUG][0-0:0:0](t=65ms) 564
my_rank: 1 [DEBUG][0-0:0:0](t=65ms) 565
my_rank: 1 [DEBUG][0-0:0:0](t=65ms) 566
my_rank: 1 [DEBUG][0-0:0:0](t=65ms) 567
my_rank: 1 [DEBUG][0-0:0:0](t=65ms) 612
my_rank: 1 [DEBUG][0-0:0:0](t=65ms) 657
my_rank: 1 [DEBUG][0-0:0:0](t=65ms) 665
my_rank: 1 [DEBUG][0-0:0:0](t=65ms) 683
my_rank: 1 [DEBUG][0-0:0:0](t=65ms) new cluster
my_rank: 1 [DEBUG][0-0:0:0](t=65ms) 166
my_rank: 1 [DEBUG][0-0:0:0](t=65ms) 167
my_rank: 1 [DEBUG][0-0:0:0](t=65ms) 520
my_rank: 1 [DEBUG][0-0:0:0](t=65ms) 552
my_rank: 1 [DEBUG][0-0:0:0](t=65ms) 553
my_rank: 1 [DEBUG][0-0:0:0](t=65ms) new cluster
my_rank: 1 [DEBUG][0-0:0:0](t=65ms) 173
my_rank: 1 [DEBUG][0-0:0:0](t=65ms) 174
my_rank: 1 [DEBUG][0-0:0:0](t=65ms) 175
my_rank: 1 [DEBUG][0-0:0:0](t=65ms) 176
my_rank: 1 [DEBUG][0-0:0:0](t=65ms) 177
my_rank: 1 [DEBUG][0-0:0:0](t=65ms) 178
my_rank: 1 [DEBUG][0-0:0:0](t=65ms) 179
my_rank: 1 [DEBUG][0-0:0:0](t=65ms) 180
my_rank: 1 [DEBUG][0-0:0:0](t=65ms) 181
my_rank: 1 [DEBUG][0-0:0:0](t=65ms) 182
my_rank: 1 [DEBUG][0-0:0:0](t=65ms) 183
my_rank: 1 [DEBUG][0-0:0:0](t=65ms) 184
my_rank: 1 [DEBUG][0-0:0:0](t=65ms) 185
my_rank: 1 [DEBUG][0-0:0:0](t=65ms) 236
my_rank: 1 [DEBUG][0-0:0:0](t=65ms) 237
my_rank: 1 [DEBUG][0-0:0:0](t=65ms) 327
my_rank: 1 [DEBUG][0-0:0:0](t=65ms) 328
my_rank: 1 [DEBUG][0-0:0:0](t=65ms) 329
my_rank: 1 [DEBUG][0-0:0:0](t=65ms) 408
my_rank: 1 [DEBUG][0-0:0:0](t=65ms) 409
my_rank: 1 [DEBUG][0-0:0:0](t=65ms) 410
my_rank: 1 [DEBUG][0-0:0:0](t=65ms) 411
my_rank: 1 [DEBUG][0-0:0:0](t=65ms) 422
my_rank: 1 [DEBUG][0-0:0:0](t=65ms) 423
my_rank: 1 [DEBUG][0-0:0:0](t=65ms) 424
my_rank: 1 [DEBUG][0-0:0:0](t=65ms) 425
my_rank: 1 [DEBUG][0-0:0:0](t=65ms) 426
my_rank: 1 [DEBUG][0-0:0:0](t=65ms) 427
my_rank: 1 [DEBUG][0-0:0:0](t=65ms) 428
my_rank: 1 [DEBUG][0-0:0:0](t=65ms) 429
my_rank: 1 [DEBUG][0-0:0:0](t=65ms) 430
my_rank: 1 [DEBUG][0-0:0:0](t=65ms) 431
my_rank: 1 [DEBUG][0-0:0:0](t=65ms) 593
my_rank: 1 [DEBUG][0-0:0:0](t=65ms) 668
my_rank: 1 [DEBUG][0-0:0:0](t=65ms) 895
my_rank: 1 [DEBUG][0-0:0:0](t=65ms) new cluster
my_rank: 1 [DEBUG][0-0:0:0](t=66ms) 186
my_rank: 1 [DEBUG][0-0:0:0](t=66ms) 384
my_rank: 1 [DEBUG][0-0:0:0](t=66ms) new cluster
my_rank: 1 [DEBUG][0-0:0:0](t=66ms) 189
my_rank: 1 [DEBUG][0-0:0:0](t=66ms) 190
my_rank: 1 [DEBUG][0-0:0:0](t=66ms) 191
my_rank: 1 [DEBUG][0-0:0:0](t=66ms) 192
my_rank: 1 [DEBUG][0-0:0:0](t=66ms) new cluster
my_rank: 1 [DEBUG][0-0:0:0](t=66ms) 193
my_rank: 1 [DEBUG][0-0:0:0](t=66ms) 194
my_rank: 1 [DEBUG][0-0:0:0](t=66ms) 195
my_rank: 1 [DEBUG][0-0:0:0](t=66ms) 196
my_rank: 1 [DEBUG][0-0:0:0](t=66ms) 197
my_rank: 1 [DEBUG][0-0:0:0](t=66ms) 198
my_rank: 1 [DEBUG][0-0:0:0](t=66ms) 262
my_rank: 1 [DEBUG][0-0:0:0](t=66ms) 263
my_rank: 1 [DEBUG][0-0:0:0](t=66ms) 264
my_rank: 1 [DEBUG][0-0:0:0](t=66ms) 265
my_rank: 1 [DEBUG][0-0:0:0](t=66ms) 266
my_rank: 1 [DEBUG][0-0:0:0](t=66ms) 267
my_rank: 1 [DEBUG][0-0:0:0](t=66ms) 268
my_rank: 1 [DEBUG][0-0:0:0](t=66ms) 269
my_rank: 1 [DEBUG][0-0:0:0](t=66ms) 270
my_rank: 1 [DEBUG][0-0:0:0](t=66ms) 271
my_rank: 1 [DEBUG][0-0:0:0](t=66ms) 309
my_rank: 1 [DEBUG][0-0:0:0](t=66ms) 310
my_rank: 1 [DEBUG][0-0:0:0](t=66ms) 311
my_rank: 1 [DEBUG][0-0:0:0](t=66ms) 580
my_rank: 1 [DEBUG][0-0:0:0](t=66ms) new cluster
my_rank: 1 [DEBUG][0-0:0:0](t=66ms) 238
my_rank: 1 [DEBUG][0-0:0:0](t=66ms) 528
my_rank: 1 [DEBUG][0-0:0:0](t=66ms) new cluster
my_rank: 1 [DEBUG][0-0:0:0](t=66ms) 250
my_rank: 1 [DEBUG][0-0:0:0](t=66ms) 251
my_rank: 1 [DEBUG][0-0:0:0](t=66ms) new cluster
my_rank: 1 [DEBUG][0-0:0:0](t=66ms) 253
my_rank: 1 [DEBUG][0-0:0:0](t=66ms) 256
my_rank: 1 [DEBUG][0-0:0:0](t=66ms) new cluster
my_rank: 1 [DEBUG][0-0:0:0](t=66ms) 257
my_rank: 1 [DEBUG][0-0:0:0](t=66ms) 258
my_rank: 1 [DEBUG][0-0:0:0](t=66ms) 320
my_rank: 1 [DEBUG][0-0:0:0](t=66ms) 334
my_rank: 1 [DEBUG][0-0:0:0](t=66ms) 335
my_rank: 1 [DEBUG][0-0:0:0](t=66ms) 336
my_rank: 1 [DEBUG][0-0:0:0](t=66ms) 337
my_rank: 1 [DEBUG][0-0:0:0](t=66ms) 339
my_rank: 1 [DEBUG][0-0:0:0](t=66ms) 449
my_rank: 1 [DEBUG][0-0:0:0](t=66ms) 453
my_rank: 1 [DEBUG][0-0:0:0](t=66ms) new cluster
my_rank: 1 [DEBUG][0-0:0:0](t=66ms) 283
my_rank: 1 [DEBUG][0-0:0:0](t=66ms) 284
my_rank: 1 [DEBUG][0-0:0:0](t=66ms) 853
my_rank: 1 [DEBUG][0-0:0:0](t=66ms) new cluster
my_rank: 1 [DEBUG][0-0:0:0](t=66ms) 285
my_rank: 1 [DEBUG][0-0:0:0](t=66ms) 286
my_rank: 1 [DEBUG][0-0:0:0](t=66ms) 287
my_rank: 1 [DEBUG][0-0:0:0](t=66ms) new cluster
my_rank: 1 [DEBUG][0-0:0:0](t=66ms) 301
my_rank: 1 [DEBUG][0-0:0:0](t=66ms) 508
my_rank: 1 [DEBUG][0-0:0:0](t=66ms) new cluster
my_rank: 1 [DEBUG][0-0:0:0](t=66ms) 304
my_rank: 1 [DEBUG][0-0:0:0](t=66ms) 305
my_rank: 1 [DEBUG][0-0:0:0](t=66ms) new cluster
my_rank: 1 [DEBUG][0-0:0:0](t=66ms) 314
my_rank: 1 [DEBUG][0-0:0:0](t=66ms) 315
my_rank: 1 [DEBUG][0-0:0:0](t=66ms) 482
my_rank: 1 [DEBUG][0-0:0:0](t=66ms) new cluster
my_rank: 1 [DEBUG][0-0:0:0](t=66ms) 322
my_rank: 1 [DEBUG][0-0:0:0](t=66ms) 323
my_rank: 1 [DEBUG][0-0:0:0](t=66ms) new cluster
my_rank: 1 [DEBUG][0-0:0:0](t=66ms) 330
my_rank: 1 [DEBUG][0-0:0:0](t=66ms) 347
my_rank: 1 [DEBUG][0-0:0:0](t=66ms) Write to MPI Output
my_rank: 1 [DEBUG][0-0:0:0](t=70ms) Iteration number: 1
my_rank: 1 [DEBUG][0-0:0:0](t=70ms) 0 [connected components / clusters] to be mincut
my_rank: 1 [DEBUG][0-0:0:0](t=70ms) 0 [connected components / clusters] to be clustered after a round of mincuts
my_rank: 1 [DEBUG][0-0:0:0](t=70ms) 18446744073709551599 [connected components / clusters] were found to be well connected
my_rank: 1 [INFO][0-0:0:0](t=70ms) all clusters are well-connected
my_rank: 1 [INFO][0-0:0:0](t=70ms) Total number of iterations: 2
my_rank: 1 [INFO][0-0:0:0](t=70ms) my_rank: 1 Writing output to: ./output/output_network_clusters_1
my_rank: 1 [DEBUG][0-0:0:0](t=70ms) final clusters:
my_rank: 1 [DEBUG][0-0:0:0](t=70ms) Write to MPI Output
my_rank: 2 [INFO][0-0:0:0](t=4ms) Loading the initial graph
my_rank: 2 [INFO][0-0:0:0](t=11ms) Finished loading the initial graph
my_rank: 2 [INFO][0-0:0:0](t=11ms) my_rank: %d before rice edge_count 10429
my_rank: 2 [INFO][0-0:0:0](t=55ms) my_rank: %d after rice edge_count 3162
my_rank: 2 [DEBUG][0-0:0:0](t=55ms) Iteration number: 0
my_rank: 2 [INFO][0-0:0:0](t=55ms) Iteration number: 0
my_rank: 2 [DEBUG][0-0:0:0](t=55ms) 17 [connected components / clusters] to be mincut
my_rank: 2 [DEBUG][0-0:0:0](t=55ms) 0 [connected components / clusters] to be clustered after a round of mincuts
my_rank: 2 [DEBUG][0-0:0:0](t=55ms) 17 [connected components / clusters] were found to be well connected
my_rank: 2 [INFO][0-0:0:0](t=55ms) all clusters are well-connected
my_rank: 2 [INFO][0-0:0:0](t=55ms) Total number of iterations: 1
my_rank: 2 [INFO][0-0:0:0](t=55ms) my_rank: 2 Writing output to: ./output/output_network_clusters_2
my_rank: 2 [DEBUG][0-0:0:0](t=55ms) final clusters:
my_rank: 2 [DEBUG][0-0:0:0](t=55ms) new cluster
my_rank: 2 [DEBUG][0-0:0:0](t=55ms) 331
my_rank: 2 [DEBUG][0-0:0:0](t=55ms) 332
my_rank: 2 [DEBUG][0-0:0:0](t=55ms) 333
my_rank: 2 [DEBUG][0-0:0:0](t=55ms) new cluster
my_rank: 2 [DEBUG][0-0:0:0](t=55ms) 354
my_rank: 2 [DEBUG][0-0:0:0](t=55ms) 412
my_rank: 2 [DEBUG][0-0:0:0](t=55ms) new cluster
my_rank: 2 [DEBUG][0-0:0:0](t=55ms) 357
my_rank: 2 [DEBUG][0-0:0:0](t=55ms) 358
my_rank: 2 [DEBUG][0-0:0:0](t=55ms) new cluster
my_rank: 2 [DEBUG][0-0:0:0](t=55ms) 379
my_rank: 2 [DEBUG][0-0:0:0](t=55ms) 380
my_rank: 2 [DEBUG][0-0:0:0](t=55ms) new cluster
my_rank: 2 [DEBUG][0-0:0:0](t=55ms) 389
my_rank: 2 [DEBUG][0-0:0:0](t=55ms) 390
my_rank: 2 [DEBUG][0-0:0:0](t=55ms) new cluster
my_rank: 2 [DEBUG][0-0:0:0](t=55ms) 393
my_rank: 2 [DEBUG][0-0:0:0](t=55ms) 394
my_rank: 2 [DEBUG][0-0:0:0](t=55ms) new cluster
my_rank: 2 [DEBUG][0-0:0:0](t=55ms) 395
my_rank: 2 [DEBUG][0-0:0:0](t=55ms) 396
my_rank: 2 [DEBUG][0-0:0:0](t=55ms) new cluster
my_rank: 2 [DEBUG][0-0:0:0](t=55ms) 437
my_rank: 2 [DEBUG][0-0:0:0](t=55ms) 438
my_rank: 2 [DEBUG][0-0:0:0](t=55ms) new cluster
my_rank: 2 [DEBUG][0-0:0:0](t=55ms) 458
my_rank: 2 [DEBUG][0-0:0:0](t=55ms) 488
my_rank: 2 [DEBUG][0-0:0:0](t=55ms) new cluster
my_rank: 2 [DEBUG][0-0:0:0](t=55ms) 470
my_rank: 2 [DEBUG][0-0:0:0](t=55ms) 471
my_rank: 2 [DEBUG][0-0:0:0](t=55ms) new cluster
my_rank: 2 [DEBUG][0-0:0:0](t=55ms) 484
my_rank: 2 [DEBUG][0-0:0:0](t=55ms) 485
my_rank: 2 [DEBUG][0-0:0:0](t=55ms) new cluster
my_rank: 2 [DEBUG][0-0:0:0](t=55ms) 497
my_rank: 2 [DEBUG][0-0:0:0](t=55ms) 498
my_rank: 2 [DEBUG][0-0:0:0](t=55ms) new cluster
my_rank: 2 [DEBUG][0-0:0:0](t=55ms) 511
my_rank: 2 [DEBUG][0-0:0:0](t=55ms) 512
my_rank: 2 [DEBUG][0-0:0:0](t=55ms) new cluster
my_rank: 2 [DEBUG][0-0:0:0](t=55ms) 515
my_rank: 2 [DEBUG][0-0:0:0](t=55ms) 516
my_rank: 2 [DEBUG][0-0:0:0](t=55ms) new cluster
my_rank: 2 [DEBUG][0-0:0:0](t=55ms) 521
my_rank: 2 [DEBUG][0-0:0:0](t=55ms) 522
my_rank: 2 [DEBUG][0-0:0:0](t=55ms) new cluster
my_rank: 2 [DEBUG][0-0:0:0](t=55ms) 524
my_rank: 2 [DEBUG][0-0:0:0](t=55ms) 525
my_rank: 2 [DEBUG][0-0:0:0](t=55ms) new cluster
my_rank: 2 [DEBUG][0-0:0:0](t=55ms) 541
my_rank: 2 [DEBUG][0-0:0:0](t=55ms) 542
my_rank: 2 [DEBUG][0-0:0:0](t=55ms) Write to MPI Output
my_rank: 2 [DEBUG][0-0:0:0](t=70ms) Iteration number: 1
my_rank: 2 [DEBUG][0-0:0:0](t=70ms) 0 [connected components / clusters] to be mincut
my_rank: 2 [DEBUG][0-0:0:0](t=70ms) 0 [connected components / clusters] to be clustered after a round of mincuts
my_rank: 2 [DEBUG][0-0:0:0](t=70ms) 18446744073709551599 [connected components / clusters] were found to be well connected
my_rank: 2 [INFO][0-0:0:0](t=70ms) all clusters are well-connected
my_rank: 2 [INFO][0-0:0:0](t=70ms) Total number of iterations: 2
my_rank: 2 [INFO][0-0:0:0](t=70ms) my_rank: 2 Writing output to: ./output/output_network_clusters_2
my_rank: 2 [DEBUG][0-0:0:0](t=70ms) final clusters:
my_rank: 2 [DEBUG][0-0:0:0](t=70ms) Write to MPI Output
my_rank: 3 [INFO][0-0:0:0](t=4ms) Loading the initial graph
my_rank: 3 [INFO][0-0:0:0](t=10ms) Finished loading the initial graph
my_rank: 3 [INFO][0-0:0:0](t=10ms) my_rank: %d before rice edge_count 10429
my_rank: 3 [INFO][0-0:0:0](t=62ms) my_rank: %d after rice edge_count 3162
my_rank: 3 [DEBUG][0-0:0:0](t=63ms) Iteration number: 0
my_rank: 3 [INFO][0-0:0:0](t=63ms) Iteration number: 0
my_rank: 3 [DEBUG][0-0:0:0](t=63ms) 14 [connected components / clusters] to be mincut
my_rank: 3 [DEBUG][0-0:0:0](t=63ms) 0 [connected components / clusters] to be clustered after a round of mincuts
my_rank: 3 [DEBUG][0-0:0:0](t=63ms) 14 [connected components / clusters] were found to be well connected
my_rank: 3 [INFO][0-0:0:0](t=63ms) all clusters are well-connected
my_rank: 3 [INFO][0-0:0:0](t=63ms) Total number of iterations: 1
my_rank: 3 [INFO][0-0:0:0](t=63ms) my_rank: 3 Writing output to: ./output/output_network_clusters_3
my_rank: 3 [DEBUG][0-0:0:0](t=63ms) final clusters:
my_rank: 3 [DEBUG][0-0:0:0](t=63ms) new cluster
my_rank: 3 [DEBUG][0-0:0:0](t=63ms) 562
my_rank: 3 [DEBUG][0-0:0:0](t=63ms) 563
my_rank: 3 [DEBUG][0-0:0:0](t=63ms) new cluster
my_rank: 3 [DEBUG][0-0:0:0](t=63ms) 571
my_rank: 3 [DEBUG][0-0:0:0](t=63ms) 572
my_rank: 3 [DEBUG][0-0:0:0](t=63ms) new cluster
my_rank: 3 [DEBUG][0-0:0:0](t=63ms) 581
my_rank: 3 [DEBUG][0-0:0:0](t=63ms) 582
my_rank: 3 [DEBUG][0-0:0:0](t=63ms) new cluster
my_rank: 3 [DEBUG][0-0:0:0](t=63ms) 585
my_rank: 3 [DEBUG][0-0:0:0](t=63ms) 586
my_rank: 3 [DEBUG][0-0:0:0](t=63ms) 596
my_rank: 3 [DEBUG][0-0:0:0](t=63ms) 834
my_rank: 3 [DEBUG][0-0:0:0](t=63ms) new cluster
my_rank: 3 [DEBUG][0-0:0:0](t=63ms) 597
my_rank: 3 [DEBUG][0-0:0:0](t=63ms) 618
my_rank: 3 [DEBUG][0-0:0:0](t=63ms) new cluster
my_rank: 3 [DEBUG][0-0:0:0](t=63ms) 635
my_rank: 3 [DEBUG][0-0:0:0](t=63ms) 636
my_rank: 3 [DEBUG][0-0:0:0](t=63ms) new cluster
my_rank: 3 [DEBUG][0-0:0:0](t=63ms) 645
my_rank: 3 [DEBUG][0-0:0:0](t=63ms) 646
my_rank: 3 [DEBUG][0-0:0:0](t=63ms) new cluster
my_rank: 3 [DEBUG][0-0:0:0](t=63ms) 655
my_rank: 3 [DEBUG][0-0:0:0](t=63ms) 656
my_rank: 3 [DEBUG][0-0:0:0](t=63ms) new cluster
my_rank: 3 [DEBUG][0-0:0:0](t=63ms) 674
my_rank: 3 [DEBUG][0-0:0:0](t=63ms) 675
my_rank: 3 [DEBUG][0-0:0:0](t=63ms) new cluster
my_rank: 3 [DEBUG][0-0:0:0](t=63ms) 678
my_rank: 3 [DEBUG][0-0:0:0](t=63ms) 679
my_rank: 3 [DEBUG][0-0:0:0](t=63ms) new cluster
my_rank: 3 [DEBUG][0-0:0:0](t=63ms) 840
my_rank: 3 [DEBUG][0-0:0:0](t=63ms) 841
my_rank: 3 [DEBUG][0-0:0:0](t=63ms) new cluster
my_rank: 3 [DEBUG][0-0:0:0](t=63ms) 843
my_rank: 3 [DEBUG][0-0:0:0](t=63ms) 844
my_rank: 3 [DEBUG][0-0:0:0](t=63ms) new cluster
my_rank: 3 [DEBUG][0-0:0:0](t=63ms) 846
my_rank: 3 [DEBUG][0-0:0:0](t=63ms) 847
my_rank: 3 [DEBUG][0-0:0:0](t=63ms) new cluster
my_rank: 3 [DEBUG][0-0:0:0](t=63ms) 897
my_rank: 3 [DEBUG][0-0:0:0](t=63ms) 898
my_rank: 3 [DEBUG][0-0:0:0](t=63ms) Write to MPI Output
my_rank: 3 [DEBUG][0-0:0:0](t=70ms) Iteration number: 1
my_rank: 3 [DEBUG][0-0:0:0](t=70ms) 0 [connected components / clusters] to be mincut
my_rank: 3 [DEBUG][0-0:0:0](t=70ms) 0 [connected components / clusters] to be clustered after a round of mincuts
my_rank: 3 [DEBUG][0-0:0:0](t=70ms) 18446744073709551602 [connected components / clusters] were found to be well connected
my_rank: 3 [INFO][0-0:0:0](t=70ms) all clusters are well-connected
my_rank: 3 [INFO][0-0:0:0](t=70ms) Total number of iterations: 2
my_rank: 3 [INFO][0-0:0:0](t=70ms) my_rank: 3 Writing output to: ./output/output_network_clusters_3
my_rank: 3 [DEBUG][0-0:0:0](t=70ms) final clusters:
my_rank: 3 [DEBUG][0-0:0:0](t=70ms) Write to MPI Output
