my_rank: 0 [INFO][0-0:0:0](t=4ms) Loading the initial graph
my_rank: 0 [INFO][0-0:0:0](t=4ms) Finished loading the initial graph
my_rank: 0 [INFO][0-0:0:0](t=4ms) my_rank: %d before rice edge_count 23
my_rank: 0 [INFO][0-0:0:0](t=5ms) my_rank: %d after rice edge_count 17
my_rank: 0 [DEBUG][0-0:0:0](t=5ms) Iteration number: 0
my_rank: 0 [INFO][0-0:0:0](t=5ms) Iteration number: 0
my_rank: 0 [DEBUG][0-0:0:0](t=5ms) 1 [connected components / clusters] to be mincut
my_rank: 0 [DEBUG][0-0:0:0](t=5ms) 0 [connected components / clusters] to be clustered after a round of mincuts
my_rank: 0 [DEBUG][0-0:0:0](t=5ms) 1 [connected components / clusters] were found to be well connected
my_rank: 0 [INFO][0-0:0:0](t=5ms) all clusters are well-connected
my_rank: 0 [INFO][0-0:0:0](t=5ms) Total number of iterations: 1
my_rank: 0 [INFO][0-0:0:0](t=5ms) my_rank: 0 Writing output to: ./output/output_clusters_network_simple_0
my_rank: 0 [DEBUG][0-0:0:0](t=5ms) final clusters:
my_rank: 0 [DEBUG][0-0:0:0](t=5ms) new cluster
my_rank: 0 [DEBUG][0-0:0:0](t=5ms) 0
my_rank: 0 [DEBUG][0-0:0:0](t=5ms) 3
my_rank: 0 [DEBUG][0-0:0:0](t=5ms) 4
my_rank: 0 [DEBUG][0-0:0:0](t=5ms) 5
my_rank: 0 [DEBUG][0-0:0:0](t=5ms) 6
my_rank: 0 [DEBUG][0-0:0:0](t=5ms) Write to MPI Output
my_rank: 0 [DEBUG][0-0:0:0](t=34ms) my_rank: 0 Write to cluster mpi file
my_rank: 1 [INFO][0-0:0:0](t=10ms) Loading the initial graph
my_rank: 1 [INFO][0-0:0:0](t=11ms) Finished loading the initial graph
my_rank: 1 [INFO][0-0:0:0](t=11ms) my_rank: %d before rice edge_count 23
my_rank: 1 [INFO][0-0:0:0](t=12ms) my_rank: %d after rice edge_count 17
my_rank: 1 [DEBUG][0-0:0:0](t=12ms) Iteration number: 0
my_rank: 1 [INFO][0-0:0:0](t=12ms) Iteration number: 0
my_rank: 1 [DEBUG][0-0:0:0](t=12ms) 1 [connected components / clusters] to be mincut
my_rank: 1 [DEBUG][0-0:0:0](t=12ms) 0 [connected components / clusters] to be clustered after a round of mincuts
my_rank: 1 [DEBUG][0-0:0:0](t=12ms) 1 [connected components / clusters] were found to be well connected
my_rank: 1 [INFO][0-0:0:0](t=12ms) all clusters are well-connected
my_rank: 1 [INFO][0-0:0:0](t=12ms) Total number of iterations: 1
my_rank: 1 [INFO][0-0:0:0](t=12ms) my_rank: 1 Writing output to: ./output/output_clusters_network_simple_1
my_rank: 1 [DEBUG][0-0:0:0](t=12ms) final clusters:
my_rank: 1 [DEBUG][0-0:0:0](t=12ms) new cluster
my_rank: 1 [DEBUG][0-0:0:0](t=12ms) 1
my_rank: 1 [DEBUG][0-0:0:0](t=12ms) 2
my_rank: 1 [DEBUG][0-0:0:0](t=12ms) 7
my_rank: 1 [DEBUG][0-0:0:0](t=12ms) 10
my_rank: 1 [DEBUG][0-0:0:0](t=12ms) 12
my_rank: 1 [DEBUG][0-0:0:0](t=12ms) Write to MPI Output
my_rank: 2 [INFO][0-0:0:0](t=8ms) Loading the initial graph
my_rank: 2 [INFO][0-0:0:0](t=9ms) Finished loading the initial graph
my_rank: 2 [INFO][0-0:0:0](t=9ms) my_rank: %d before rice edge_count 23
my_rank: 2 [INFO][0-0:0:0](t=9ms) my_rank: %d after rice edge_count 17
my_rank: 2 [DEBUG][0-0:0:0](t=9ms) Iteration number: 0
my_rank: 2 [INFO][0-0:0:0](t=9ms) Iteration number: 0
my_rank: 2 [DEBUG][0-0:0:0](t=9ms) 1 [connected components / clusters] to be mincut
my_rank: 2 [DEBUG][0-0:0:0](t=10ms) 0 [connected components / clusters] to be clustered after a round of mincuts
my_rank: 2 [DEBUG][0-0:0:0](t=10ms) 1 [connected components / clusters] were found to be well connected
my_rank: 2 [INFO][0-0:0:0](t=10ms) all clusters are well-connected
my_rank: 2 [INFO][0-0:0:0](t=10ms) Total number of iterations: 1
my_rank: 2 [INFO][0-0:0:0](t=10ms) my_rank: 2 Writing output to: ./output/output_clusters_network_simple_2
my_rank: 2 [DEBUG][0-0:0:0](t=10ms) final clusters:
my_rank: 2 [DEBUG][0-0:0:0](t=10ms) new cluster
my_rank: 2 [DEBUG][0-0:0:0](t=10ms) 11
my_rank: 2 [DEBUG][0-0:0:0](t=10ms) 13
my_rank: 2 [DEBUG][0-0:0:0](t=10ms) Write to MPI Output
my_rank: 3 [INFO][0-0:0:0](t=6ms) Loading the initial graph
my_rank: 3 [INFO][0-0:0:0](t=6ms) Finished loading the initial graph
my_rank: 3 [INFO][0-0:0:0](t=6ms) my_rank: %d before rice edge_count 23
my_rank: 3 [INFO][0-0:0:0](t=7ms) my_rank: %d after rice edge_count 17
my_rank: 3 [DEBUG][0-0:0:0](t=7ms) Iteration number: 0
my_rank: 3 [INFO][0-0:0:0](t=7ms) Iteration number: 0
my_rank: 3 [DEBUG][0-0:0:0](t=7ms) 1 [connected components / clusters] to be mincut
my_rank: 3 [DEBUG][0-0:0:0](t=7ms) 0 [connected components / clusters] to be clustered after a round of mincuts
my_rank: 3 [DEBUG][0-0:0:0](t=7ms) 1 [connected components / clusters] were found to be well connected
my_rank: 3 [INFO][0-0:0:0](t=7ms) all clusters are well-connected
my_rank: 3 [INFO][0-0:0:0](t=7ms) Total number of iterations: 1
my_rank: 3 [INFO][0-0:0:0](t=7ms) my_rank: 3 Writing output to: ./output/output_clusters_network_simple_3
my_rank: 3 [DEBUG][0-0:0:0](t=7ms) final clusters:
my_rank: 3 [DEBUG][0-0:0:0](t=7ms) new cluster
my_rank: 3 [DEBUG][0-0:0:0](t=7ms) 14
my_rank: 3 [DEBUG][0-0:0:0](t=7ms) 16
my_rank: 3 [DEBUG][0-0:0:0](t=7ms) 17
my_rank: 3 [DEBUG][0-0:0:0](t=7ms) 18
my_rank: 3 [DEBUG][0-0:0:0](t=7ms) 19
my_rank: 3 [DEBUG][0-0:0:0](t=7ms) Write to MPI Output
