[INFO][0-0:0:0](t=4s) Loading the initial graph
[INFO][0-0:0:0](t=5s) Finished loading the initial graph
[INFO][0-0:0:0](t=5s) Number of edges after removal 23

[INFO][0-0:0:0](t=6s) Number of edges after removal 17

[DEBUG][0-0:0:0](t=6s) Iteration number: 0
[INFO][0-0:0:0](t=6s) Iteration number: 0
[DEBUG][0-0:0:0](t=6s) 4 [connected components / clusters] to be mincut
[DEBUG][0-0:0:0](t=6s) 0 [connected components / clusters] to be clustered after a round of mincuts
[DEBUG][0-0:0:0](t=6s) 4 [connected components / clusters] were found to be well connected
[INFO][0-0:0:0](t=6s) all clusters are well-connected
[INFO][0-0:0:0](t=6s) Total number of iterations: 1
[INFO][0-0:0:0](t=6s) Writing output to: ./output/output_clusters_network_simple
[DEBUG][0-0:0:0](t=13s) final clusters:
[DEBUG][0-0:0:0](t=13s) new cluster
[DEBUG][0-0:0:0](t=13s) 0
[DEBUG][0-0:0:0](t=13s) 3
[DEBUG][0-0:0:0](t=13s) 4
[DEBUG][0-0:0:0](t=13s) 5
[DEBUG][0-0:0:0](t=13s) 6
[DEBUG][0-0:0:0](t=13s) new cluster
[DEBUG][0-0:0:0](t=13s) 1
[DEBUG][0-0:0:0](t=13s) 2
[DEBUG][0-0:0:0](t=13s) 7
[DEBUG][0-0:0:0](t=13s) 10
[DEBUG][0-0:0:0](t=13s) 12
[DEBUG][0-0:0:0](t=13s) new cluster
[DEBUG][0-0:0:0](t=13s) 11
[DEBUG][0-0:0:0](t=13s) 13
[DEBUG][0-0:0:0](t=13s) new cluster
[DEBUG][0-0:0:0](t=13s) 14
[DEBUG][0-0:0:0](t=13s) 16
[DEBUG][0-0:0:0](t=13s) 17
[DEBUG][0-0:0:0](t=13s) 18
[DEBUG][0-0:0:0](t=13s) 19
