my_rank: 0 [INFO][0-0:0:0](t=9ms) Loading the initial graph
my_rank: 0 [INFO][0-0:0:0](t=10ms) Finished loading the initial graph
my_rank: 0 [INFO][0-0:0:0](t=10ms) my_rank: %d before rice edge_count 23
my_rank: 0 [INFO][0-0:0:0](t=10ms) my_rank: %d after rice edge_count 17
my_rank: 0 [DEBUG][0-0:0:0](t=10ms) Iteration number: 0
my_rank: 0 [INFO][0-0:0:0](t=10ms) Iteration number: 0
my_rank: 0 [DEBUG][0-0:0:0](t=10ms) 1 [connected components / clusters] to be mincut
my_rank: 0 [DEBUG][0-0:0:0](t=11ms) 0 [connected components / clusters] to be clustered after a round of mincuts
my_rank: 0 [DEBUG][0-0:0:0](t=11ms) 1 [connected components / clusters] were found to be well connected
my_rank: 0 [INFO][0-0:0:0](t=11ms) all clusters are well-connected
my_rank: 0 [INFO][0-0:0:0](t=11ms) Total number of iterations: 1
my_rank: 0 [INFO][0-0:0:0](t=11ms) my_rank: 0 Writing output to: ./output/output_clusters_network_simple_0
my_rank: 0 [DEBUG][0-0:0:0](t=11ms) final clusters:
my_rank: 0 [DEBUG][0-0:0:0](t=11ms) new cluster
my_rank: 0 [DEBUG][0-0:0:0](t=11ms) 0
my_rank: 0 [DEBUG][0-0:0:0](t=11ms) 3
my_rank: 0 [DEBUG][0-0:0:0](t=11ms) 4
my_rank: 0 [DEBUG][0-0:0:0](t=11ms) 5
my_rank: 0 [DEBUG][0-0:0:0](t=11ms) 6
my_rank: 0 [DEBUG][0-0:0:0](t=11ms) Write to MPI Output
my_rank: 0 [DEBUG][0-0:0:0](t=31ms) my_rank: 0 Write to cluster mpi file
my_rank: 1 [INFO][0-0:0:0](t=14ms) Loading the initial graph
my_rank: 1 [INFO][0-0:0:0](t=14ms) Finished loading the initial graph
my_rank: 1 [INFO][0-0:0:0](t=14ms) my_rank: %d before rice edge_count 23
my_rank: 1 [INFO][0-0:0:0](t=15ms) my_rank: %d after rice edge_count 17
my_rank: 1 [DEBUG][0-0:0:0](t=15ms) Iteration number: 0
my_rank: 1 [INFO][0-0:0:0](t=15ms) Iteration number: 0
my_rank: 1 [DEBUG][0-0:0:0](t=15ms) 1 [connected components / clusters] to be mincut
my_rank: 1 [DEBUG][0-0:0:0](t=16ms) 0 [connected components / clusters] to be clustered after a round of mincuts
my_rank: 1 [DEBUG][0-0:0:0](t=16ms) 1 [connected components / clusters] were found to be well connected
my_rank: 1 [INFO][0-0:0:0](t=16ms) all clusters are well-connected
my_rank: 1 [INFO][0-0:0:0](t=16ms) Total number of iterations: 1
my_rank: 1 [INFO][0-0:0:0](t=16ms) my_rank: 1 Writing output to: ./output/output_clusters_network_simple_1
my_rank: 1 [DEBUG][0-0:0:0](t=16ms) final clusters:
my_rank: 1 [DEBUG][0-0:0:0](t=16ms) new cluster
my_rank: 1 [DEBUG][0-0:0:0](t=16ms) 1
my_rank: 1 [DEBUG][0-0:0:0](t=16ms) 2
my_rank: 1 [DEBUG][0-0:0:0](t=16ms) 7
my_rank: 1 [DEBUG][0-0:0:0](t=16ms) 10
my_rank: 1 [DEBUG][0-0:0:0](t=16ms) 12
my_rank: 1 [DEBUG][0-0:0:0](t=16ms) Write to MPI Output
my_rank: 2 [INFO][0-0:0:0](t=7ms) Loading the initial graph
my_rank: 2 [INFO][0-0:0:0](t=8ms) Finished loading the initial graph
my_rank: 2 [INFO][0-0:0:0](t=8ms) my_rank: %d before rice edge_count 23
my_rank: 2 [INFO][0-0:0:0](t=9ms) my_rank: %d after rice edge_count 17
my_rank: 2 [DEBUG][0-0:0:0](t=9ms) Iteration number: 0
my_rank: 2 [INFO][0-0:0:0](t=9ms) Iteration number: 0
my_rank: 2 [DEBUG][0-0:0:0](t=9ms) 1 [connected components / clusters] to be mincut
my_rank: 2 [DEBUG][0-0:0:0](t=9ms) 0 [connected components / clusters] to be clustered after a round of mincuts
my_rank: 2 [DEBUG][0-0:0:0](t=9ms) 1 [connected components / clusters] were found to be well connected
my_rank: 2 [INFO][0-0:0:0](t=9ms) all clusters are well-connected
my_rank: 2 [INFO][0-0:0:0](t=9ms) Total number of iterations: 1
my_rank: 2 [INFO][0-0:0:0](t=9ms) my_rank: 2 Writing output to: ./output/output_clusters_network_simple_2
my_rank: 2 [DEBUG][0-0:0:0](t=9ms) final clusters:
my_rank: 2 [DEBUG][0-0:0:0](t=9ms) new cluster
my_rank: 2 [DEBUG][0-0:0:0](t=9ms) 11
my_rank: 2 [DEBUG][0-0:0:0](t=9ms) 13
my_rank: 2 [DEBUG][0-0:0:0](t=9ms) Write to MPI Output
my_rank: 3 [INFO][0-0:0:0](t=11ms) Loading the initial graph
my_rank: 3 [INFO][0-0:0:0](t=12ms) Finished loading the initial graph
my_rank: 3 [INFO][0-0:0:0](t=12ms) my_rank: %d before rice edge_count 23
my_rank: 3 [INFO][0-0:0:0](t=13ms) my_rank: %d after rice edge_count 17
my_rank: 3 [DEBUG][0-0:0:0](t=13ms) Iteration number: 0
my_rank: 3 [INFO][0-0:0:0](t=13ms) Iteration number: 0
my_rank: 3 [DEBUG][0-0:0:0](t=13ms) 1 [connected components / clusters] to be mincut
my_rank: 3 [DEBUG][0-0:0:0](t=13ms) 0 [connected components / clusters] to be clustered after a round of mincuts
my_rank: 3 [DEBUG][0-0:0:0](t=13ms) 1 [connected components / clusters] were found to be well connected
my_rank: 3 [INFO][0-0:0:0](t=13ms) all clusters are well-connected
my_rank: 3 [INFO][0-0:0:0](t=13ms) Total number of iterations: 1
my_rank: 3 [INFO][0-0:0:0](t=13ms) my_rank: 3 Writing output to: ./output/output_clusters_network_simple_3
my_rank: 3 [DEBUG][0-0:0:0](t=13ms) final clusters:
my_rank: 3 [DEBUG][0-0:0:0](t=13ms) new cluster
my_rank: 3 [DEBUG][0-0:0:0](t=13ms) 14
my_rank: 3 [DEBUG][0-0:0:0](t=13ms) 16
my_rank: 3 [DEBUG][0-0:0:0](t=13ms) 17
my_rank: 3 [DEBUG][0-0:0:0](t=13ms) 18
my_rank: 3 [DEBUG][0-0:0:0](t=13ms) 19
my_rank: 3 [DEBUG][0-0:0:0](t=13ms) Write to MPI Output
