[INFO][0-0:0:0](t=5s) Loading the initial graph
[INFO][0-0:0:0](t=6s) Finished loading the initial graph
[INFO][0-0:0:0](t=6s) Number of edges after removal 23

[INFO][0-0:0:0](t=7s) Number of edges after removal 17

[DEBUG][0-0:0:0](t=7s) Iteration number: 0
[INFO][0-0:0:0](t=7s) Iteration number: 0
[DEBUG][0-0:0:0](t=7s) 4 [connected components / clusters] to be mincut
[DEBUG][0-0:0:0](t=7s) 0 [connected components / clusters] to be clustered after a round of mincuts
[DEBUG][0-0:0:0](t=7s) 4 [connected components / clusters] were found to be well connected
[INFO][0-0:0:0](t=7s) all clusters are well-connected
[INFO][0-0:0:0](t=7s) Total number of iterations: 1
[INFO][0-0:0:0](t=7s) Writing output to: ./output/output_clusters_network_simple
[DEBUG][0-0:0:0](t=11s) final clusters:
[DEBUG][0-0:0:0](t=11s) new cluster
[DEBUG][0-0:0:0](t=11s) 0
[DEBUG][0-0:0:0](t=11s) 3
[DEBUG][0-0:0:0](t=11s) 4
[DEBUG][0-0:0:0](t=11s) 5
[DEBUG][0-0:0:0](t=11s) 6
[DEBUG][0-0:0:0](t=11s) new cluster
[DEBUG][0-0:0:0](t=11s) 1
[DEBUG][0-0:0:0](t=11s) 2
[DEBUG][0-0:0:0](t=11s) 7
[DEBUG][0-0:0:0](t=11s) 10
[DEBUG][0-0:0:0](t=11s) 12
[DEBUG][0-0:0:0](t=11s) new cluster
[DEBUG][0-0:0:0](t=11s) 11
[DEBUG][0-0:0:0](t=11s) 13
[DEBUG][0-0:0:0](t=11s) new cluster
[DEBUG][0-0:0:0](t=11s) 14
[DEBUG][0-0:0:0](t=11s) 16
[DEBUG][0-0:0:0](t=11s) 17
[DEBUG][0-0:0:0](t=11s) 18
[DEBUG][0-0:0:0](t=11s) 19
