[INFO][0-0:0:0](t=0s) Loading the initial graph
[INFO][0-0:0:0](t=7s) Finished loading the initial graph
[INFO][0-0:0:0](t=7s) Number of edges after removal10429

[INFO][0-0:0:0](t=82s) Number of edges after removal3162

[DEBUG][0-0:0:0](t=82s) Iteration number: 0
[INFO][0-0:0:0](t=82s) Iteration number: 0
[DEBUG][0-0:0:0](t=82s) 65 [connected components / clusters] to be mincut
[DEBUG][0-0:0:0](t=95s) 12 [connected components / clusters] to be clustered after a round of mincuts
[DEBUG][0-0:0:0](t=95s) 64 [connected components / clusters] were found to be well connected
[DEBUG][0-0:0:0](t=95s) Iteration number: 1
[DEBUG][0-0:0:0](t=95s) 12 [connected components / clusters] to be mincut
[DEBUG][0-0:0:0](t=95s) 0 [connected components / clusters] to be clustered after a round of mincuts
[DEBUG][0-0:0:0](t=95s) 12 [connected components / clusters] were found to be well connected
[INFO][0-0:0:0](t=95s) all clusters are well-connected
[INFO][0-0:0:0](t=95s) Total number of iterations: 2
[INFO][0-0:0:0](t=95s) Writing output to: ./output/output_clusters_network.tsv
[DEBUG][0-0:0:0](t=95s) final clusters:
[DEBUG][0-0:0:0](t=95s) new cluster
[DEBUG][0-0:0:0](t=95s) 0
[DEBUG][0-0:0:0](t=95s) 1
[DEBUG][0-0:0:0](t=95s) 2
[DEBUG][0-0:0:0](t=95s) 3
[DEBUG][0-0:0:0](t=95s) 211
[DEBUG][0-0:0:0](t=95s) 212
[DEBUG][0-0:0:0](t=96s) 420
[DEBUG][0-0:0:0](t=96s) 902
[DEBUG][0-0:0:0](t=96s) new cluster
[DEBUG][0-0:0:0](t=96s) 5
[DEBUG][0-0:0:0](t=96s) 13
[DEBUG][0-0:0:0](t=96s) 16
[DEBUG][0-0:0:0](t=96s) 27
[DEBUG][0-0:0:0](t=96s) 32
[DEBUG][0-0:0:0](t=96s) 56
[DEBUG][0-0:0:0](t=96s) 73
[DEBUG][0-0:0:0](t=96s) 74
[DEBUG][0-0:0:0](t=96s) 79
[DEBUG][0-0:0:0](t=96s) 85
[DEBUG][0-0:0:0](t=96s) 87
[DEBUG][0-0:0:0](t=96s) 374
[DEBUG][0-0:0:0](t=96s) 467
[DEBUG][0-0:0:0](t=96s) new cluster
[DEBUG][0-0:0:0](t=96s) 6
[DEBUG][0-0:0:0](t=96s) 17
[DEBUG][0-0:0:0](t=96s) new cluster
[DEBUG][0-0:0:0](t=96s) 7
[DEBUG][0-0:0:0](t=96s) 31
[DEBUG][0-0:0:0](t=96s) 118
[DEBUG][0-0:0:0](t=96s) 235
[DEBUG][0-0:0:0](t=96s) 245
[DEBUG][0-0:0:0](t=96s) 260
[DEBUG][0-0:0:0](t=96s) 272
[DEBUG][0-0:0:0](t=96s) 273
[DEBUG][0-0:0:0](t=96s) 274
[DEBUG][0-0:0:0](t=96s) 275
[DEBUG][0-0:0:0](t=96s) 276
[DEBUG][0-0:0:0](t=96s) 277
[DEBUG][0-0:0:0](t=96s) 278
[DEBUG][0-0:0:0](t=96s) 415
[DEBUG][0-0:0:0](t=96s) 416
[DEBUG][0-0:0:0](t=96s) 442
[DEBUG][0-0:0:0](t=96s) 443
[DEBUG][0-0:0:0](t=96s) 444
[DEBUG][0-0:0:0](t=96s) 579
[DEBUG][0-0:0:0](t=96s) new cluster
[DEBUG][0-0:0:0](t=96s) 8
[DEBUG][0-0:0:0](t=96s) 19
[DEBUG][0-0:0:0](t=96s) 23
[DEBUG][0-0:0:0](t=96s) 24
[DEBUG][0-0:0:0](t=96s) 42
[DEBUG][0-0:0:0](t=96s) 47
[DEBUG][0-0:0:0](t=96s) 204
[DEBUG][0-0:0:0](t=96s) 206
[DEBUG][0-0:0:0](t=96s) 207
[DEBUG][0-0:0:0](t=96s) 234
[DEBUG][0-0:0:0](t=96s) 247
[DEBUG][0-0:0:0](t=96s) 279
[DEBUG][0-0:0:0](t=96s) 312
[DEBUG][0-0:0:0](t=96s) 377
[DEBUG][0-0:0:0](t=96s) new cluster
[DEBUG][0-0:0:0](t=96s) 9
[DEBUG][0-0:0:0](t=96s) 12
[DEBUG][0-0:0:0](t=96s) 14
[DEBUG][0-0:0:0](t=96s) 18
[DEBUG][0-0:0:0](t=96s) 44
[DEBUG][0-0:0:0](t=96s) 55
[DEBUG][0-0:0:0](t=96s) 62
[DEBUG][0-0:0:0](t=96s) new cluster
[DEBUG][0-0:0:0](t=96s) 10
[DEBUG][0-0:0:0](t=96s) 41
[DEBUG][0-0:0:0](t=96s) 100
[DEBUG][0-0:0:0](t=96s) new cluster
[DEBUG][0-0:0:0](t=96s) 11
[DEBUG][0-0:0:0](t=96s) 33
[DEBUG][0-0:0:0](t=96s) 34
[DEBUG][0-0:0:0](t=96s) 37
[DEBUG][0-0:0:0](t=96s) 38
[DEBUG][0-0:0:0](t=96s) 39
[DEBUG][0-0:0:0](t=96s) 40
[DEBUG][0-0:0:0](t=96s) 43
[DEBUG][0-0:0:0](t=96s) 48
[DEBUG][0-0:0:0](t=96s) 49
[DEBUG][0-0:0:0](t=96s) 51
[DEBUG][0-0:0:0](t=96s) 214
[DEBUG][0-0:0:0](t=96s) 259
[DEBUG][0-0:0:0](t=96s) 316
[DEBUG][0-0:0:0](t=96s) new cluster
[DEBUG][0-0:0:0](t=96s) 20
[DEBUG][0-0:0:0](t=96s) 21
[DEBUG][0-0:0:0](t=96s) 30
[DEBUG][0-0:0:0](t=96s) 45
[DEBUG][0-0:0:0](t=96s) 46
[DEBUG][0-0:0:0](t=96s) 130
[DEBUG][0-0:0:0](t=96s) 233
[DEBUG][0-0:0:0](t=96s) 249
[DEBUG][0-0:0:0](t=96s) 361
[DEBUG][0-0:0:0](t=96s) 670
[DEBUG][0-0:0:0](t=96s) new cluster
[DEBUG][0-0:0:0](t=96s) 22
[DEBUG][0-0:0:0](t=96s) 25
[DEBUG][0-0:0:0](t=96s) 26
[DEBUG][0-0:0:0](t=96s) 28
[DEBUG][0-0:0:0](t=97s) 29
[DEBUG][0-0:0:0](t=97s) 35
[DEBUG][0-0:0:0](t=97s) 36
[DEBUG][0-0:0:0](t=97s) 68
[DEBUG][0-0:0:0](t=97s) 76
[DEBUG][0-0:0:0](t=97s) 77
[DEBUG][0-0:0:0](t=97s) 80
[DEBUG][0-0:0:0](t=97s) 82
[DEBUG][0-0:0:0](t=97s) 84
[DEBUG][0-0:0:0](t=97s) 86
[DEBUG][0-0:0:0](t=97s) 171
[DEBUG][0-0:0:0](t=97s) 232
[DEBUG][0-0:0:0](t=97s) new cluster
[DEBUG][0-0:0:0](t=97s) 50
[DEBUG][0-0:0:0](t=97s) 52
[DEBUG][0-0:0:0](t=97s) 187
[DEBUG][0-0:0:0](t=97s) 205
[DEBUG][0-0:0:0](t=97s) 229
[DEBUG][0-0:0:0](t=97s) 248
[DEBUG][0-0:0:0](t=97s) 349
[DEBUG][0-0:0:0](t=97s) 360
[DEBUG][0-0:0:0](t=97s) new cluster
[DEBUG][0-0:0:0](t=97s) 53
[DEBUG][0-0:0:0](t=97s) 54
[DEBUG][0-0:0:0](t=97s) 58
[DEBUG][0-0:0:0](t=97s) 59
[DEBUG][0-0:0:0](t=97s) 60
[DEBUG][0-0:0:0](t=97s) 61
[DEBUG][0-0:0:0](t=97s) 63
[DEBUG][0-0:0:0](t=97s) 64
[DEBUG][0-0:0:0](t=97s) 65
[DEBUG][0-0:0:0](t=97s) 66
[DEBUG][0-0:0:0](t=97s) 125
[DEBUG][0-0:0:0](t=97s) 131
[DEBUG][0-0:0:0](t=97s) 152
[DEBUG][0-0:0:0](t=97s) 900
[DEBUG][0-0:0:0](t=97s) new cluster
[DEBUG][0-0:0:0](t=97s) 57
[DEBUG][0-0:0:0](t=97s) 67
[DEBUG][0-0:0:0](t=97s) 69
[DEBUG][0-0:0:0](t=97s) 70
[DEBUG][0-0:0:0](t=97s) 71
[DEBUG][0-0:0:0](t=97s) 72
[DEBUG][0-0:0:0](t=97s) 78
[DEBUG][0-0:0:0](t=97s) 81
[DEBUG][0-0:0:0](t=97s) 83
[DEBUG][0-0:0:0](t=97s) 155
[DEBUG][0-0:0:0](t=97s) 170
[DEBUG][0-0:0:0](t=97s) 261
[DEBUG][0-0:0:0](t=97s) 306
[DEBUG][0-0:0:0](t=97s) 307
[DEBUG][0-0:0:0](t=97s) 373
[DEBUG][0-0:0:0](t=97s) new cluster
[DEBUG][0-0:0:0](t=97s) 88
[DEBUG][0-0:0:0](t=97s) 90
[DEBUG][0-0:0:0](t=97s) 91
[DEBUG][0-0:0:0](t=97s) 92
[DEBUG][0-0:0:0](t=97s) 93
[DEBUG][0-0:0:0](t=97s) 94
[DEBUG][0-0:0:0](t=97s) 95
[DEBUG][0-0:0:0](t=97s) 96
[DEBUG][0-0:0:0](t=97s) 99
[DEBUG][0-0:0:0](t=97s) 102
[DEBUG][0-0:0:0](t=97s) 103
[DEBUG][0-0:0:0](t=97s) 104
[DEBUG][0-0:0:0](t=97s) 105
[DEBUG][0-0:0:0](t=97s) 106
[DEBUG][0-0:0:0](t=97s) 107
[DEBUG][0-0:0:0](t=97s) 109
[DEBUG][0-0:0:0](t=97s) 110
[DEBUG][0-0:0:0](t=97s) 111
[DEBUG][0-0:0:0](t=97s) 112
[DEBUG][0-0:0:0](t=97s) 113
[DEBUG][0-0:0:0](t=97s) 114
[DEBUG][0-0:0:0](t=97s) 115
[DEBUG][0-0:0:0](t=97s) 116
[DEBUG][0-0:0:0](t=97s) 117
[DEBUG][0-0:0:0](t=97s) 119
[DEBUG][0-0:0:0](t=97s) 120
[DEBUG][0-0:0:0](t=97s) 121
[DEBUG][0-0:0:0](t=97s) 122
[DEBUG][0-0:0:0](t=97s) 123
[DEBUG][0-0:0:0](t=97s) 124
[DEBUG][0-0:0:0](t=97s) 126
[DEBUG][0-0:0:0](t=97s) 127
[DEBUG][0-0:0:0](t=97s) 128
[DEBUG][0-0:0:0](t=97s) 129
[DEBUG][0-0:0:0](t=97s) 132
[DEBUG][0-0:0:0](t=97s) 133
[DEBUG][0-0:0:0](t=97s) 134
[DEBUG][0-0:0:0](t=97s) 135
[DEBUG][0-0:0:0](t=97s) 136
[DEBUG][0-0:0:0](t=97s) 137
[DEBUG][0-0:0:0](t=97s) 138
[DEBUG][0-0:0:0](t=97s) 139
[DEBUG][0-0:0:0](t=97s) 140
[DEBUG][0-0:0:0](t=97s) 141
[DEBUG][0-0:0:0](t=97s) 142
[DEBUG][0-0:0:0](t=97s) 143
[DEBUG][0-0:0:0](t=97s) 144
[DEBUG][0-0:0:0](t=97s) 145
[DEBUG][0-0:0:0](t=97s) 146
[DEBUG][0-0:0:0](t=97s) new cluster
[DEBUG][0-0:0:0](t=97s) 97
[DEBUG][0-0:0:0](t=97s) 151
[DEBUG][0-0:0:0](t=97s) 153
[DEBUG][0-0:0:0](t=97s) 160
[DEBUG][0-0:0:0](t=97s) 161
[DEBUG][0-0:0:0](t=97s) 199
[DEBUG][0-0:0:0](t=97s) 239
[DEBUG][0-0:0:0](t=97s) 240
[DEBUG][0-0:0:0](t=97s) 241
[DEBUG][0-0:0:0](t=97s) 242
[DEBUG][0-0:0:0](t=97s) 243
[DEBUG][0-0:0:0](t=97s) 244
[DEBUG][0-0:0:0](t=97s) 352
[DEBUG][0-0:0:0](t=97s) 353
[DEBUG][0-0:0:0](t=97s) 392
[DEBUG][0-0:0:0](t=97s) 509
[DEBUG][0-0:0:0](t=97s) 547
[DEBUG][0-0:0:0](t=97s) 603
[DEBUG][0-0:0:0](t=97s) 904
[DEBUG][0-0:0:0](t=97s) new cluster
[DEBUG][0-0:0:0](t=97s) 108
[DEBUG][0-0:0:0](t=97s) 169
[DEBUG][0-0:0:0](t=97s) 208
[DEBUG][0-0:0:0](t=97s) 209
[DEBUG][0-0:0:0](t=97s) 210
[DEBUG][0-0:0:0](t=97s) 217
[DEBUG][0-0:0:0](t=97s) 218
[DEBUG][0-0:0:0](t=97s) 219
[DEBUG][0-0:0:0](t=97s) 220
[DEBUG][0-0:0:0](t=97s) 221
[DEBUG][0-0:0:0](t=97s) 222
[DEBUG][0-0:0:0](t=97s) 223
[DEBUG][0-0:0:0](t=97s) 224
[DEBUG][0-0:0:0](t=97s) 225
[DEBUG][0-0:0:0](t=97s) 226
[DEBUG][0-0:0:0](t=97s) 290
[DEBUG][0-0:0:0](t=97s) 291
[DEBUG][0-0:0:0](t=97s) 292
[DEBUG][0-0:0:0](t=97s) 362
[DEBUG][0-0:0:0](t=97s) 363
[DEBUG][0-0:0:0](t=97s) 364
[DEBUG][0-0:0:0](t=97s) 365
[DEBUG][0-0:0:0](t=97s) 406
[DEBUG][0-0:0:0](t=97s) 407
[DEBUG][0-0:0:0](t=97s) 417
[DEBUG][0-0:0:0](t=97s) 441
[DEBUG][0-0:0:0](t=97s) 447
[DEBUG][0-0:0:0](t=97s) 448
[DEBUG][0-0:0:0](t=97s) 450
[DEBUG][0-0:0:0](t=97s) 454
[DEBUG][0-0:0:0](t=97s) 474
[DEBUG][0-0:0:0](t=97s) 475
[DEBUG][0-0:0:0](t=97s) 478
[DEBUG][0-0:0:0](t=97s) 486
[DEBUG][0-0:0:0](t=97s) 487
[DEBUG][0-0:0:0](t=97s) 489
[DEBUG][0-0:0:0](t=97s) 490
[DEBUG][0-0:0:0](t=97s) 500
[DEBUG][0-0:0:0](t=97s) 501
[DEBUG][0-0:0:0](t=97s) 514
[DEBUG][0-0:0:0](t=97s) 555
[DEBUG][0-0:0:0](t=97s) 556
[DEBUG][0-0:0:0](t=97s) 560
[DEBUG][0-0:0:0](t=97s) 561
[DEBUG][0-0:0:0](t=97s) 569
[DEBUG][0-0:0:0](t=97s) 598
[DEBUG][0-0:0:0](t=97s) 599
[DEBUG][0-0:0:0](t=97s) 606
[DEBUG][0-0:0:0](t=97s) 624
[DEBUG][0-0:0:0](t=97s) 630
[DEBUG][0-0:0:0](t=97s) 640
[DEBUG][0-0:0:0](t=97s) 641
[DEBUG][0-0:0:0](t=97s) 653
[DEBUG][0-0:0:0](t=97s) 658
[DEBUG][0-0:0:0](t=97s) 659
[DEBUG][0-0:0:0](t=97s) 666
[DEBUG][0-0:0:0](t=97s) 681
[DEBUG][0-0:0:0](t=97s) 905
[DEBUG][0-0:0:0](t=97s) new cluster
[DEBUG][0-0:0:0](t=97s) 158
[DEBUG][0-0:0:0](t=97s) 200
[DEBUG][0-0:0:0](t=97s) 201
[DEBUG][0-0:0:0](t=97s) 215
[DEBUG][0-0:0:0](t=97s) 216
[DEBUG][0-0:0:0](t=97s) 281
[DEBUG][0-0:0:0](t=97s) 293
[DEBUG][0-0:0:0](t=97s) 294
[DEBUG][0-0:0:0](t=97s) 295
[DEBUG][0-0:0:0](t=97s) 296
[DEBUG][0-0:0:0](t=97s) 297
[DEBUG][0-0:0:0](t=97s) 298
[DEBUG][0-0:0:0](t=97s) 299
[DEBUG][0-0:0:0](t=97s) 300
[DEBUG][0-0:0:0](t=97s) 368
[DEBUG][0-0:0:0](t=97s) 369
[DEBUG][0-0:0:0](t=97s) 370
[DEBUG][0-0:0:0](t=97s) 371
[DEBUG][0-0:0:0](t=97s) 372
[DEBUG][0-0:0:0](t=97s) 375
[DEBUG][0-0:0:0](t=97s) 398
[DEBUG][0-0:0:0](t=97s) 399
[DEBUG][0-0:0:0](t=97s) 472
[DEBUG][0-0:0:0](t=97s) 473
[DEBUG][0-0:0:0](t=97s) 544
[DEBUG][0-0:0:0](t=97s) 545
[DEBUG][0-0:0:0](t=97s) 564
[DEBUG][0-0:0:0](t=97s) 565
[DEBUG][0-0:0:0](t=97s) 566
[DEBUG][0-0:0:0](t=97s) 567
[DEBUG][0-0:0:0](t=97s) 612
[DEBUG][0-0:0:0](t=97s) 657
[DEBUG][0-0:0:0](t=97s) 665
[DEBUG][0-0:0:0](t=97s) 683
[DEBUG][0-0:0:0](t=97s) new cluster
[DEBUG][0-0:0:0](t=97s) 166
[DEBUG][0-0:0:0](t=97s) 167
[DEBUG][0-0:0:0](t=97s) 520
[DEBUG][0-0:0:0](t=97s) 552
[DEBUG][0-0:0:0](t=97s) 553
[DEBUG][0-0:0:0](t=97s) new cluster
[DEBUG][0-0:0:0](t=97s) 173
[DEBUG][0-0:0:0](t=97s) 174
[DEBUG][0-0:0:0](t=97s) 175
[DEBUG][0-0:0:0](t=97s) 176
[DEBUG][0-0:0:0](t=97s) 177
[DEBUG][0-0:0:0](t=97s) 178
[DEBUG][0-0:0:0](t=97s) 179
[DEBUG][0-0:0:0](t=97s) 180
[DEBUG][0-0:0:0](t=97s) 181
[DEBUG][0-0:0:0](t=97s) 182
[DEBUG][0-0:0:0](t=97s) 183
[DEBUG][0-0:0:0](t=97s) 184
[DEBUG][0-0:0:0](t=97s) 185
[DEBUG][0-0:0:0](t=97s) 236
[DEBUG][0-0:0:0](t=97s) 237
[DEBUG][0-0:0:0](t=97s) 327
[DEBUG][0-0:0:0](t=97s) 328
[DEBUG][0-0:0:0](t=97s) 329
[DEBUG][0-0:0:0](t=97s) 408
[DEBUG][0-0:0:0](t=97s) 409
[DEBUG][0-0:0:0](t=97s) 410
[DEBUG][0-0:0:0](t=97s) 411
[DEBUG][0-0:0:0](t=97s) 422
[DEBUG][0-0:0:0](t=97s) 423
[DEBUG][0-0:0:0](t=97s) 424
[DEBUG][0-0:0:0](t=97s) 425
[DEBUG][0-0:0:0](t=97s) 426
[DEBUG][0-0:0:0](t=97s) 427
[DEBUG][0-0:0:0](t=97s) 428
[DEBUG][0-0:0:0](t=97s) 429
[DEBUG][0-0:0:0](t=97s) 430
[DEBUG][0-0:0:0](t=97s) 431
[DEBUG][0-0:0:0](t=97s) 593
[DEBUG][0-0:0:0](t=97s) 668
[DEBUG][0-0:0:0](t=97s) 895
[DEBUG][0-0:0:0](t=97s) new cluster
[DEBUG][0-0:0:0](t=97s) 186
[DEBUG][0-0:0:0](t=97s) 384
[DEBUG][0-0:0:0](t=97s) new cluster
[DEBUG][0-0:0:0](t=97s) 189
[DEBUG][0-0:0:0](t=97s) 190
[DEBUG][0-0:0:0](t=97s) 191
[DEBUG][0-0:0:0](t=97s) 192
[DEBUG][0-0:0:0](t=97s) new cluster
[DEBUG][0-0:0:0](t=97s) 193
[DEBUG][0-0:0:0](t=97s) 194
[DEBUG][0-0:0:0](t=97s) 195
[DEBUG][0-0:0:0](t=97s) 196
[DEBUG][0-0:0:0](t=97s) 197
[DEBUG][0-0:0:0](t=97s) 198
[DEBUG][0-0:0:0](t=97s) 262
[DEBUG][0-0:0:0](t=97s) 263
[DEBUG][0-0:0:0](t=97s) 264
[DEBUG][0-0:0:0](t=97s) 265
[DEBUG][0-0:0:0](t=97s) 266
[DEBUG][0-0:0:0](t=97s) 267
[DEBUG][0-0:0:0](t=97s) 268
[DEBUG][0-0:0:0](t=97s) 269
[DEBUG][0-0:0:0](t=97s) 270
[DEBUG][0-0:0:0](t=97s) 271
[DEBUG][0-0:0:0](t=97s) 309
[DEBUG][0-0:0:0](t=97s) 310
[DEBUG][0-0:0:0](t=97s) 311
[DEBUG][0-0:0:0](t=97s) 580
[DEBUG][0-0:0:0](t=97s) new cluster
[DEBUG][0-0:0:0](t=97s) 238
[DEBUG][0-0:0:0](t=97s) 528
[DEBUG][0-0:0:0](t=97s) new cluster
[DEBUG][0-0:0:0](t=97s) 250
[DEBUG][0-0:0:0](t=97s) 251
[DEBUG][0-0:0:0](t=97s) new cluster
[DEBUG][0-0:0:0](t=97s) 253
[DEBUG][0-0:0:0](t=97s) 256
[DEBUG][0-0:0:0](t=97s) new cluster
[DEBUG][0-0:0:0](t=97s) 257
[DEBUG][0-0:0:0](t=97s) 258
[DEBUG][0-0:0:0](t=97s) 320
[DEBUG][0-0:0:0](t=97s) 334
[DEBUG][0-0:0:0](t=97s) 335
[DEBUG][0-0:0:0](t=97s) 336
[DEBUG][0-0:0:0](t=97s) 337
[DEBUG][0-0:0:0](t=97s) 339
[DEBUG][0-0:0:0](t=97s) 449
[DEBUG][0-0:0:0](t=97s) 453
[DEBUG][0-0:0:0](t=97s) new cluster
[DEBUG][0-0:0:0](t=97s) 283
[DEBUG][0-0:0:0](t=97s) 284
[DEBUG][0-0:0:0](t=97s) 853
[DEBUG][0-0:0:0](t=97s) new cluster
[DEBUG][0-0:0:0](t=97s) 285
[DEBUG][0-0:0:0](t=97s) 286
[DEBUG][0-0:0:0](t=97s) 287
[DEBUG][0-0:0:0](t=97s) new cluster
[DEBUG][0-0:0:0](t=97s) 301
[DEBUG][0-0:0:0](t=97s) 508
[DEBUG][0-0:0:0](t=97s) new cluster
[DEBUG][0-0:0:0](t=97s) 304
[DEBUG][0-0:0:0](t=97s) 305
[DEBUG][0-0:0:0](t=97s) new cluster
[DEBUG][0-0:0:0](t=97s) 314
[DEBUG][0-0:0:0](t=97s) 315
[DEBUG][0-0:0:0](t=97s) 482
[DEBUG][0-0:0:0](t=97s) new cluster
[DEBUG][0-0:0:0](t=97s) 322
[DEBUG][0-0:0:0](t=97s) 323
[DEBUG][0-0:0:0](t=97s) new cluster
[DEBUG][0-0:0:0](t=97s) 330
[DEBUG][0-0:0:0](t=97s) 347
[DEBUG][0-0:0:0](t=97s) new cluster
[DEBUG][0-0:0:0](t=97s) 331
[DEBUG][0-0:0:0](t=97s) 332
[DEBUG][0-0:0:0](t=97s) 333
[DEBUG][0-0:0:0](t=97s) new cluster
[DEBUG][0-0:0:0](t=97s) 354
[DEBUG][0-0:0:0](t=97s) 412
[DEBUG][0-0:0:0](t=97s) new cluster
[DEBUG][0-0:0:0](t=97s) 357
[DEBUG][0-0:0:0](t=97s) 358
[DEBUG][0-0:0:0](t=97s) new cluster
[DEBUG][0-0:0:0](t=97s) 379
[DEBUG][0-0:0:0](t=97s) 380
[DEBUG][0-0:0:0](t=97s) new cluster
[DEBUG][0-0:0:0](t=97s) 389
[DEBUG][0-0:0:0](t=97s) 390
[DEBUG][0-0:0:0](t=97s) new cluster
[DEBUG][0-0:0:0](t=97s) 393
[DEBUG][0-0:0:0](t=97s) 394
[DEBUG][0-0:0:0](t=97s) new cluster
[DEBUG][0-0:0:0](t=97s) 395
[DEBUG][0-0:0:0](t=97s) 396
[DEBUG][0-0:0:0](t=97s) new cluster
[DEBUG][0-0:0:0](t=97s) 437
[DEBUG][0-0:0:0](t=97s) 438
[DEBUG][0-0:0:0](t=97s) new cluster
[DEBUG][0-0:0:0](t=97s) 458
[DEBUG][0-0:0:0](t=97s) 488
[DEBUG][0-0:0:0](t=97s) new cluster
[DEBUG][0-0:0:0](t=97s) 470
[DEBUG][0-0:0:0](t=97s) 471
[DEBUG][0-0:0:0](t=97s) new cluster
[DEBUG][0-0:0:0](t=97s) 484
[DEBUG][0-0:0:0](t=97s) 485
[DEBUG][0-0:0:0](t=97s) new cluster
[DEBUG][0-0:0:0](t=97s) 497
[DEBUG][0-0:0:0](t=97s) 498
[DEBUG][0-0:0:0](t=97s) new cluster
[DEBUG][0-0:0:0](t=97s) 511
[DEBUG][0-0:0:0](t=97s) 512
[DEBUG][0-0:0:0](t=97s) new cluster
[DEBUG][0-0:0:0](t=97s) 515
[DEBUG][0-0:0:0](t=97s) 516
[DEBUG][0-0:0:0](t=97s) new cluster
[DEBUG][0-0:0:0](t=97s) 521
[DEBUG][0-0:0:0](t=97s) 522
[DEBUG][0-0:0:0](t=97s) new cluster
[DEBUG][0-0:0:0](t=97s) 524
[DEBUG][0-0:0:0](t=97s) 525
[DEBUG][0-0:0:0](t=97s) new cluster
[DEBUG][0-0:0:0](t=97s) 541
[DEBUG][0-0:0:0](t=97s) 542
[DEBUG][0-0:0:0](t=97s) new cluster
[DEBUG][0-0:0:0](t=97s) 562
[DEBUG][0-0:0:0](t=97s) 563
[DEBUG][0-0:0:0](t=97s) new cluster
[DEBUG][0-0:0:0](t=97s) 571
[DEBUG][0-0:0:0](t=97s) 572
[DEBUG][0-0:0:0](t=97s) new cluster
[DEBUG][0-0:0:0](t=97s) 581
[DEBUG][0-0:0:0](t=97s) 582
[DEBUG][0-0:0:0](t=97s) new cluster
[DEBUG][0-0:0:0](t=97s) 585
[DEBUG][0-0:0:0](t=97s) 586
[DEBUG][0-0:0:0](t=97s) 596
[DEBUG][0-0:0:0](t=97s) 834
[DEBUG][0-0:0:0](t=97s) new cluster
[DEBUG][0-0:0:0](t=97s) 597
[DEBUG][0-0:0:0](t=97s) 618
[DEBUG][0-0:0:0](t=97s) new cluster
[DEBUG][0-0:0:0](t=97s) 635
[DEBUG][0-0:0:0](t=97s) 636
[DEBUG][0-0:0:0](t=97s) new cluster
[DEBUG][0-0:0:0](t=97s) 645
[DEBUG][0-0:0:0](t=97s) 646
[DEBUG][0-0:0:0](t=97s) new cluster
[DEBUG][0-0:0:0](t=97s) 655
[DEBUG][0-0:0:0](t=97s) 656
[DEBUG][0-0:0:0](t=97s) new cluster
[DEBUG][0-0:0:0](t=97s) 674
[DEBUG][0-0:0:0](t=97s) 675
[DEBUG][0-0:0:0](t=97s) new cluster
[DEBUG][0-0:0:0](t=97s) 678
[DEBUG][0-0:0:0](t=97s) 679
[DEBUG][0-0:0:0](t=97s) new cluster
[DEBUG][0-0:0:0](t=97s) 840
[DEBUG][0-0:0:0](t=97s) 841
[DEBUG][0-0:0:0](t=97s) new cluster
[DEBUG][0-0:0:0](t=97s) 843
[DEBUG][0-0:0:0](t=97s) 844
[DEBUG][0-0:0:0](t=97s) new cluster
[DEBUG][0-0:0:0](t=97s) 846
[DEBUG][0-0:0:0](t=97s) 847
[DEBUG][0-0:0:0](t=97s) new cluster
[DEBUG][0-0:0:0](t=97s) 897
[DEBUG][0-0:0:0](t=97s) 898
[DEBUG][0-0:0:0](t=97s) new cluster
[DEBUG][0-0:0:0](t=97s) 385
[DEBUG][0-0:0:0](t=97s) 386
[DEBUG][0-0:0:0](t=97s) 387
[DEBUG][0-0:0:0](t=97s) 539
[DEBUG][0-0:0:0](t=97s) new cluster
[DEBUG][0-0:0:0](t=97s) 892
[DEBUG][0-0:0:0](t=97s) 893
[DEBUG][0-0:0:0](t=97s) 894
[DEBUG][0-0:0:0](t=97s) new cluster
[DEBUG][0-0:0:0](t=97s) 147
[DEBUG][0-0:0:0](t=97s) 148
[DEBUG][0-0:0:0](t=97s) 150
[DEBUG][0-0:0:0](t=97s) 413
[DEBUG][0-0:0:0](t=97s) 464
[DEBUG][0-0:0:0](t=97s) 837
[DEBUG][0-0:0:0](t=97s) new cluster
[DEBUG][0-0:0:0](t=97s) 149
[DEBUG][0-0:0:0](t=97s) 227
[DEBUG][0-0:0:0](t=97s) 228
[DEBUG][0-0:0:0](t=97s) 230
[DEBUG][0-0:0:0](t=97s) 231
[DEBUG][0-0:0:0](t=97s) 303
[DEBUG][0-0:0:0](t=97s) 317
[DEBUG][0-0:0:0](t=97s) 318
[DEBUG][0-0:0:0](t=97s) 319
[DEBUG][0-0:0:0](t=97s) 338
[DEBUG][0-0:0:0](t=97s) 494
[DEBUG][0-0:0:0](t=97s) new cluster
[DEBUG][0-0:0:0](t=97s) 162
[DEBUG][0-0:0:0](t=97s) 163
[DEBUG][0-0:0:0](t=97s) 164
[DEBUG][0-0:0:0](t=97s) 165
[DEBUG][0-0:0:0](t=97s) 341
[DEBUG][0-0:0:0](t=97s) 342
[DEBUG][0-0:0:0](t=97s) 476
[DEBUG][0-0:0:0](t=97s) 477
[DEBUG][0-0:0:0](t=97s) 503
[DEBUG][0-0:0:0](t=97s) 549
[DEBUG][0-0:0:0](t=97s) new cluster
[DEBUG][0-0:0:0](t=97s) 252
[DEBUG][0-0:0:0](t=97s) 402
[DEBUG][0-0:0:0](t=97s) 440
[DEBUG][0-0:0:0](t=97s) new cluster
[DEBUG][0-0:0:0](t=97s) 255
[DEBUG][0-0:0:0](t=97s) 690
[DEBUG][0-0:0:0](t=97s) new cluster
[DEBUG][0-0:0:0](t=97s) 340
[DEBUG][0-0:0:0](t=97s) 343
[DEBUG][0-0:0:0](t=97s) new cluster
[DEBUG][0-0:0:0](t=97s) 346
[DEBUG][0-0:0:0](t=97s) 821
[DEBUG][0-0:0:0](t=97s) new cluster
[DEBUG][0-0:0:0](t=97s) 401
[DEBUG][0-0:0:0](t=97s) 499
[DEBUG][0-0:0:0](t=97s) new cluster
[DEBUG][0-0:0:0](t=97s) 404
[DEBUG][0-0:0:0](t=97s) 418
[DEBUG][0-0:0:0](t=97s) 419
[DEBUG][0-0:0:0](t=97s) new cluster
[DEBUG][0-0:0:0](t=97s) 414
[DEBUG][0-0:0:0](t=97s) 445
[DEBUG][0-0:0:0](t=97s) 465
[DEBUG][0-0:0:0](t=97s) 466
