my_rank: 1 [INFO][0-0:0:0](t=0ms) Loading the distributed graph
my_rank: 1 [INFO][0-0:0:0](t=0ms) Finished loading the initial graph with num_vertices: 10 num_edges: 10
my_rank: 1 [DEBUG][0-0:0:0](t=0ms) Iteration number: 0
my_rank: 1 [INFO][0-0:0:0](t=0ms) Iteration number: 0
my_rank: 1 [DEBUG][0-0:0:0](t=0ms) 2 [connected components / clusters] to be mincut
my_rank: 1 [DEBUG][0-0:0:0](t=0ms) 0 [connected components / clusters] to be clustered after a round of mincuts
my_rank: 1 [DEBUG][0-0:0:0](t=0ms) 2 [connected components / clusters] were found to be well connected
my_rank: 1 [INFO][0-0:0:0](t=0ms) all clusters are well-connected
my_rank: 1 [INFO][0-0:0:0](t=0ms) Total number of iterations: 1
my_rank: 1 [INFO][0-0:0:0](t=0ms) my_rank: 1 Writing output to: ./output/output_network_simple.tsv
my_rank: 1 [DEBUG][0-0:0:0](t=0ms) final clusters:
my_rank: 1 [DEBUG][0-0:0:0](t=0ms) new cluster size: 4
my_rank: 1 [DEBUG][0-0:0:0](t=0ms) 0
my_rank: 1 [DEBUG][0-0:0:0](t=0ms) 1
my_rank: 1 [DEBUG][0-0:0:0](t=0ms) 2
my_rank: 1 [DEBUG][0-0:0:0](t=0ms) 3
my_rank: 1 [DEBUG][0-0:0:0](t=0ms) new cluster size: 6
my_rank: 1 [DEBUG][0-0:0:0](t=0ms) 4
my_rank: 1 [DEBUG][0-0:0:0](t=0ms) 5
my_rank: 1 [DEBUG][0-0:0:0](t=0ms) 6
my_rank: 1 [DEBUG][0-0:0:0](t=0ms) 7
my_rank: 1 [DEBUG][0-0:0:0](t=0ms) 8
my_rank: 1 [DEBUG][0-0:0:0](t=0ms) 9
my_rank: 1 [DEBUG][0-0:0:0](t=0ms) Write to MPI Output
