my_rank: 3 [INFO][0-0:0:0](t=0ms) Loading the distributed graph
my_rank: 3 [INFO][0-0:0:0](t=0ms) Finished loading the initial graph with num_vertices: 12 num_edges: 12
my_rank: 3 [DEBUG][0-0:0:0](t=0ms) Iteration number: 0
my_rank: 3 [INFO][0-0:0:0](t=0ms) Iteration number: 0
my_rank: 3 [DEBUG][0-0:0:0](t=0ms) 3 [connected components / clusters] to be mincut
my_rank: 3 [DEBUG][0-0:0:0](t=1ms) 0 [connected components / clusters] to be clustered after a round of mincuts
my_rank: 3 [DEBUG][0-0:0:0](t=1ms) 3 [connected components / clusters] were found to be well connected
my_rank: 3 [INFO][0-0:0:0](t=1ms) all clusters are well-connected
my_rank: 3 [INFO][0-0:0:0](t=1ms) Total number of iterations: 1
my_rank: 3 [INFO][0-0:0:0](t=1ms) my_rank: 3 Writing output to: ./output/output_network.tsv
my_rank: 3 [DEBUG][0-0:0:0](t=1ms) final clusters:
my_rank: 3 [DEBUG][0-0:0:0](t=1ms) new cluster size: 7
my_rank: 3 [DEBUG][0-0:0:0](t=1ms) 0
my_rank: 3 [DEBUG][0-0:0:0](t=1ms) 1
my_rank: 3 [DEBUG][0-0:0:0](t=1ms) 2
my_rank: 3 [DEBUG][0-0:0:0](t=1ms) 3
my_rank: 3 [DEBUG][0-0:0:0](t=1ms) 7
my_rank: 3 [DEBUG][0-0:0:0](t=1ms) 8
my_rank: 3 [DEBUG][0-0:0:0](t=1ms) 11
my_rank: 3 [DEBUG][0-0:0:0](t=1ms) new cluster size: 3
my_rank: 3 [DEBUG][0-0:0:0](t=1ms) 4
my_rank: 3 [DEBUG][0-0:0:0](t=1ms) 5
my_rank: 3 [DEBUG][0-0:0:0](t=1ms) 6
my_rank: 3 [DEBUG][0-0:0:0](t=1ms) new cluster size: 2
my_rank: 3 [DEBUG][0-0:0:0](t=1ms) 9
my_rank: 3 [DEBUG][0-0:0:0](t=1ms) 10
my_rank: 3 [DEBUG][0-0:0:0](t=1ms) Write to MPI Output
my_rank: 3 [DEBUG][0-0:0:0](t=7ms) Iteration number: 1
my_rank: 3 [DEBUG][0-0:0:0](t=7ms) 0 [connected components / clusters] to be mincut
my_rank: 3 [DEBUG][0-0:0:0](t=7ms) 0 [connected components / clusters] to be clustered after a round of mincuts
my_rank: 3 [DEBUG][0-0:0:0](t=7ms) 18446744073709551613 [connected components / clusters] were found to be well connected
my_rank: 3 [INFO][0-0:0:0](t=7ms) all clusters are well-connected
my_rank: 3 [INFO][0-0:0:0](t=7ms) Total number of iterations: 2
my_rank: 3 [INFO][0-0:0:0](t=7ms) my_rank: 3 Writing output to: ./output/output_network.tsv
my_rank: 3 [DEBUG][0-0:0:0](t=7ms) final clusters:
my_rank: 3 [DEBUG][0-0:0:0](t=7ms) Write to MPI Output
