my_rank: 1 [INFO][0-0:0:0](t=0ms) Loading the distributed graph
my_rank: 1 [INFO][0-0:0:0](t=0ms) Finished loading the initial graph with num_vertices: 289 num_edges: 289
my_rank: 1 [DEBUG][0-0:0:0](t=0ms) Iteration number: 0
my_rank: 1 [INFO][0-0:0:0](t=0ms) Iteration number: 0
my_rank: 1 [DEBUG][0-0:0:0](t=0ms) 26 [connected components / clusters] to be mincut
my_rank: 1 [DEBUG][0-0:0:0](t=6ms) 0 [connected components / clusters] to be clustered after a round of mincuts
my_rank: 1 [DEBUG][0-0:0:0](t=6ms) 26 [connected components / clusters] were found to be well connected
my_rank: 1 [INFO][0-0:0:0](t=6ms) all clusters are well-connected
my_rank: 1 [INFO][0-0:0:0](t=6ms) Total number of iterations: 1
my_rank: 1 [INFO][0-0:0:0](t=6ms) my_rank: 1 Writing output to: ./output/output_network.tsv
my_rank: 1 [DEBUG][0-0:0:0](t=6ms) final clusters:
my_rank: 1 [DEBUG][0-0:0:0](t=6ms) new cluster size: 34
my_rank: 1 [DEBUG][0-0:0:0](t=6ms) 1
my_rank: 1 [DEBUG][0-0:0:0](t=6ms) 72
my_rank: 1 [DEBUG][0-0:0:0](t=6ms) 73
my_rank: 1 [DEBUG][0-0:0:0](t=6ms) 98
my_rank: 1 [DEBUG][0-0:0:0](t=6ms) 114
my_rank: 1 [DEBUG][0-0:0:0](t=6ms) 115
my_rank: 1 [DEBUG][0-0:0:0](t=6ms) 116
my_rank: 1 [DEBUG][0-0:0:0](t=6ms) 117
my_rank: 1 [DEBUG][0-0:0:0](t=6ms) 118
my_rank: 1 [DEBUG][0-0:0:0](t=6ms) 119
my_rank: 1 [DEBUG][0-0:0:0](t=6ms) 120
my_rank: 1 [DEBUG][0-0:0:0](t=6ms) 121
my_rank: 1 [DEBUG][0-0:0:0](t=6ms) 138
my_rank: 1 [DEBUG][0-0:0:0](t=6ms) 139
my_rank: 1 [DEBUG][0-0:0:0](t=6ms) 140
my_rank: 1 [DEBUG][0-0:0:0](t=6ms) 141
my_rank: 1 [DEBUG][0-0:0:0](t=6ms) 142
my_rank: 1 [DEBUG][0-0:0:0](t=6ms) 171
my_rank: 1 [DEBUG][0-0:0:0](t=6ms) 172
my_rank: 1 [DEBUG][0-0:0:0](t=6ms) 173
my_rank: 1 [DEBUG][0-0:0:0](t=6ms) 178
my_rank: 1 [DEBUG][0-0:0:0](t=6ms) 179
my_rank: 1 [DEBUG][0-0:0:0](t=6ms) 180
my_rank: 1 [DEBUG][0-0:0:0](t=6ms) 208
my_rank: 1 [DEBUG][0-0:0:0](t=6ms) 211
my_rank: 1 [DEBUG][0-0:0:0](t=6ms) 212
my_rank: 1 [DEBUG][0-0:0:0](t=6ms) 223
my_rank: 1 [DEBUG][0-0:0:0](t=6ms) 224
my_rank: 1 [DEBUG][0-0:0:0](t=6ms) 225
my_rank: 1 [DEBUG][0-0:0:0](t=6ms) 226
my_rank: 1 [DEBUG][0-0:0:0](t=6ms) 245
my_rank: 1 [DEBUG][0-0:0:0](t=6ms) 260
my_rank: 1 [DEBUG][0-0:0:0](t=6ms) 265
my_rank: 1 [DEBUG][0-0:0:0](t=6ms) 276
my_rank: 1 [DEBUG][0-0:0:0](t=6ms) new cluster size: 5
my_rank: 1 [DEBUG][0-0:0:0](t=6ms) 2
my_rank: 1 [DEBUG][0-0:0:0](t=6ms) 3
my_rank: 1 [DEBUG][0-0:0:0](t=6ms) 204
my_rank: 1 [DEBUG][0-0:0:0](t=6ms) 214
my_rank: 1 [DEBUG][0-0:0:0](t=6ms) 215
my_rank: 1 [DEBUG][0-0:0:0](t=6ms) new cluster size: 58
my_rank: 1 [DEBUG][0-0:0:0](t=6ms) 5
my_rank: 1 [DEBUG][0-0:0:0](t=6ms) 69
my_rank: 1 [DEBUG][0-0:0:0](t=6ms) 70
my_rank: 1 [DEBUG][0-0:0:0](t=6ms) 71
my_rank: 1 [DEBUG][0-0:0:0](t=6ms) 74
my_rank: 1 [DEBUG][0-0:0:0](t=6ms) 75
my_rank: 1 [DEBUG][0-0:0:0](t=6ms) 76
my_rank: 1 [DEBUG][0-0:0:0](t=6ms) 77
my_rank: 1 [DEBUG][0-0:0:0](t=6ms) 78
my_rank: 1 [DEBUG][0-0:0:0](t=6ms) 79
my_rank: 1 [DEBUG][0-0:0:0](t=6ms) 80
my_rank: 1 [DEBUG][0-0:0:0](t=6ms) 81
my_rank: 1 [DEBUG][0-0:0:0](t=6ms) 82
my_rank: 1 [DEBUG][0-0:0:0](t=6ms) 83
my_rank: 1 [DEBUG][0-0:0:0](t=6ms) 84
my_rank: 1 [DEBUG][0-0:0:0](t=6ms) 104
my_rank: 1 [DEBUG][0-0:0:0](t=6ms) 112
my_rank: 1 [DEBUG][0-0:0:0](t=6ms) 113
my_rank: 1 [DEBUG][0-0:0:0](t=6ms) 133
my_rank: 1 [DEBUG][0-0:0:0](t=6ms) 134
my_rank: 1 [DEBUG][0-0:0:0](t=6ms) 135
my_rank: 1 [DEBUG][0-0:0:0](t=6ms) 136
my_rank: 1 [DEBUG][0-0:0:0](t=6ms) 148
my_rank: 1 [DEBUG][0-0:0:0](t=6ms) 149
my_rank: 1 [DEBUG][0-0:0:0](t=6ms) 156
my_rank: 1 [DEBUG][0-0:0:0](t=6ms) 170
my_rank: 1 [DEBUG][0-0:0:0](t=6ms) 174
my_rank: 1 [DEBUG][0-0:0:0](t=6ms) 175
my_rank: 1 [DEBUG][0-0:0:0](t=6ms) 181
my_rank: 1 [DEBUG][0-0:0:0](t=6ms) 182
my_rank: 1 [DEBUG][0-0:0:0](t=6ms) 185
my_rank: 1 [DEBUG][0-0:0:0](t=6ms) 186
my_rank: 1 [DEBUG][0-0:0:0](t=6ms) 187
my_rank: 1 [DEBUG][0-0:0:0](t=6ms) 191
my_rank: 1 [DEBUG][0-0:0:0](t=6ms) 192
my_rank: 1 [DEBUG][0-0:0:0](t=6ms) 193
my_rank: 1 [DEBUG][0-0:0:0](t=6ms) 194
my_rank: 1 [DEBUG][0-0:0:0](t=6ms) 198
my_rank: 1 [DEBUG][0-0:0:0](t=6ms) 216
my_rank: 1 [DEBUG][0-0:0:0](t=6ms) 217
my_rank: 1 [DEBUG][0-0:0:0](t=6ms) 218
my_rank: 1 [DEBUG][0-0:0:0](t=6ms) 221
my_rank: 1 [DEBUG][0-0:0:0](t=6ms) 222
my_rank: 1 [DEBUG][0-0:0:0](t=6ms) 227
my_rank: 1 [DEBUG][0-0:0:0](t=6ms) 231
my_rank: 1 [DEBUG][0-0:0:0](t=6ms) 240
my_rank: 1 [DEBUG][0-0:0:0](t=6ms) 241
my_rank: 1 [DEBUG][0-0:0:0](t=6ms) 243
my_rank: 1 [DEBUG][0-0:0:0](t=6ms) 250
my_rank: 1 [DEBUG][0-0:0:0](t=6ms) 253
my_rank: 1 [DEBUG][0-0:0:0](t=6ms) 254
my_rank: 1 [DEBUG][0-0:0:0](t=6ms) 259
my_rank: 1 [DEBUG][0-0:0:0](t=6ms) 261
my_rank: 1 [DEBUG][0-0:0:0](t=6ms) 262
my_rank: 1 [DEBUG][0-0:0:0](t=6ms) 263
my_rank: 1 [DEBUG][0-0:0:0](t=6ms) 266
my_rank: 1 [DEBUG][0-0:0:0](t=6ms) 275
my_rank: 1 [DEBUG][0-0:0:0](t=6ms) 288
my_rank: 1 [DEBUG][0-0:0:0](t=6ms) new cluster size: 15
my_rank: 1 [DEBUG][0-0:0:0](t=6ms) 6
my_rank: 1 [DEBUG][0-0:0:0](t=6ms) 7
my_rank: 1 [DEBUG][0-0:0:0](t=6ms) 8
my_rank: 1 [DEBUG][0-0:0:0](t=6ms) 64
my_rank: 1 [DEBUG][0-0:0:0](t=6ms) 65
my_rank: 1 [DEBUG][0-0:0:0](t=6ms) 66
my_rank: 1 [DEBUG][0-0:0:0](t=6ms) 67
my_rank: 1 [DEBUG][0-0:0:0](t=6ms) 68
my_rank: 1 [DEBUG][0-0:0:0](t=6ms) 122
my_rank: 1 [DEBUG][0-0:0:0](t=6ms) 123
my_rank: 1 [DEBUG][0-0:0:0](t=6ms) 143
my_rank: 1 [DEBUG][0-0:0:0](t=6ms) 144
my_rank: 1 [DEBUG][0-0:0:0](t=6ms) 145
my_rank: 1 [DEBUG][0-0:0:0](t=6ms) 167
my_rank: 1 [DEBUG][0-0:0:0](t=6ms) 207
my_rank: 1 [DEBUG][0-0:0:0](t=6ms) new cluster size: 35
my_rank: 1 [DEBUG][0-0:0:0](t=6ms) 9
my_rank: 1 [DEBUG][0-0:0:0](t=6ms) 10
my_rank: 1 [DEBUG][0-0:0:0](t=6ms) 11
my_rank: 1 [DEBUG][0-0:0:0](t=6ms) 12
my_rank: 1 [DEBUG][0-0:0:0](t=6ms) 13
my_rank: 1 [DEBUG][0-0:0:0](t=6ms) 14
my_rank: 1 [DEBUG][0-0:0:0](t=6ms) 15
my_rank: 1 [DEBUG][0-0:0:0](t=6ms) 16
my_rank: 1 [DEBUG][0-0:0:0](t=6ms) 17
my_rank: 1 [DEBUG][0-0:0:0](t=6ms) 18
my_rank: 1 [DEBUG][0-0:0:0](t=6ms) 19
my_rank: 1 [DEBUG][0-0:0:0](t=6ms) 20
my_rank: 1 [DEBUG][0-0:0:0](t=6ms) 21
my_rank: 1 [DEBUG][0-0:0:0](t=6ms) 89
my_rank: 1 [DEBUG][0-0:0:0](t=6ms) 90
my_rank: 1 [DEBUG][0-0:0:0](t=6ms) 126
my_rank: 1 [DEBUG][0-0:0:0](t=6ms) 127
my_rank: 1 [DEBUG][0-0:0:0](t=6ms) 128
my_rank: 1 [DEBUG][0-0:0:0](t=6ms) 150
my_rank: 1 [DEBUG][0-0:0:0](t=6ms) 151
my_rank: 1 [DEBUG][0-0:0:0](t=6ms) 152
my_rank: 1 [DEBUG][0-0:0:0](t=6ms) 153
my_rank: 1 [DEBUG][0-0:0:0](t=6ms) 157
my_rank: 1 [DEBUG][0-0:0:0](t=6ms) 158
my_rank: 1 [DEBUG][0-0:0:0](t=6ms) 159
my_rank: 1 [DEBUG][0-0:0:0](t=6ms) 160
my_rank: 1 [DEBUG][0-0:0:0](t=6ms) 161
my_rank: 1 [DEBUG][0-0:0:0](t=6ms) 162
my_rank: 1 [DEBUG][0-0:0:0](t=6ms) 163
my_rank: 1 [DEBUG][0-0:0:0](t=6ms) 164
my_rank: 1 [DEBUG][0-0:0:0](t=6ms) 165
my_rank: 1 [DEBUG][0-0:0:0](t=6ms) 166
my_rank: 1 [DEBUG][0-0:0:0](t=6ms) 238
my_rank: 1 [DEBUG][0-0:0:0](t=6ms) 267
my_rank: 1 [DEBUG][0-0:0:0](t=6ms) 287
my_rank: 1 [DEBUG][0-0:0:0](t=6ms) new cluster size: 49
my_rank: 1 [DEBUG][0-0:0:0](t=6ms) 22
my_rank: 1 [DEBUG][0-0:0:0](t=6ms) 23
my_rank: 1 [DEBUG][0-0:0:0](t=6ms) 24
my_rank: 1 [DEBUG][0-0:0:0](t=6ms) 25
my_rank: 1 [DEBUG][0-0:0:0](t=6ms) 26
my_rank: 1 [DEBUG][0-0:0:0](t=6ms) 27
my_rank: 1 [DEBUG][0-0:0:0](t=6ms) 28
my_rank: 1 [DEBUG][0-0:0:0](t=6ms) 29
my_rank: 1 [DEBUG][0-0:0:0](t=6ms) 30
my_rank: 1 [DEBUG][0-0:0:0](t=6ms) 31
my_rank: 1 [DEBUG][0-0:0:0](t=6ms) 32
my_rank: 1 [DEBUG][0-0:0:0](t=6ms) 33
my_rank: 1 [DEBUG][0-0:0:0](t=6ms) 34
my_rank: 1 [DEBUG][0-0:0:0](t=6ms) 35
my_rank: 1 [DEBUG][0-0:0:0](t=6ms) 36
my_rank: 1 [DEBUG][0-0:0:0](t=6ms) 37
my_rank: 1 [DEBUG][0-0:0:0](t=6ms) 38
my_rank: 1 [DEBUG][0-0:0:0](t=6ms) 39
my_rank: 1 [DEBUG][0-0:0:0](t=6ms) 40
my_rank: 1 [DEBUG][0-0:0:0](t=6ms) 41
my_rank: 1 [DEBUG][0-0:0:0](t=6ms) 42
my_rank: 1 [DEBUG][0-0:0:0](t=6ms) 43
my_rank: 1 [DEBUG][0-0:0:0](t=6ms) 44
my_rank: 1 [DEBUG][0-0:0:0](t=6ms) 45
my_rank: 1 [DEBUG][0-0:0:0](t=6ms) 46
my_rank: 1 [DEBUG][0-0:0:0](t=6ms) 47
my_rank: 1 [DEBUG][0-0:0:0](t=6ms) 48
my_rank: 1 [DEBUG][0-0:0:0](t=6ms) 49
my_rank: 1 [DEBUG][0-0:0:0](t=6ms) 50
my_rank: 1 [DEBUG][0-0:0:0](t=6ms) 51
my_rank: 1 [DEBUG][0-0:0:0](t=6ms) 52
my_rank: 1 [DEBUG][0-0:0:0](t=6ms) 53
my_rank: 1 [DEBUG][0-0:0:0](t=6ms) 54
my_rank: 1 [DEBUG][0-0:0:0](t=6ms) 55
my_rank: 1 [DEBUG][0-0:0:0](t=6ms) 56
my_rank: 1 [DEBUG][0-0:0:0](t=6ms) 57
my_rank: 1 [DEBUG][0-0:0:0](t=6ms) 58
my_rank: 1 [DEBUG][0-0:0:0](t=6ms) 59
my_rank: 1 [DEBUG][0-0:0:0](t=6ms) 60
my_rank: 1 [DEBUG][0-0:0:0](t=6ms) 61
my_rank: 1 [DEBUG][0-0:0:0](t=6ms) 62
my_rank: 1 [DEBUG][0-0:0:0](t=6ms) 63
my_rank: 1 [DEBUG][0-0:0:0](t=6ms) 105
my_rank: 1 [DEBUG][0-0:0:0](t=6ms) 106
my_rank: 1 [DEBUG][0-0:0:0](t=6ms) 107
my_rank: 1 [DEBUG][0-0:0:0](t=6ms) 108
my_rank: 1 [DEBUG][0-0:0:0](t=6ms) 109
my_rank: 1 [DEBUG][0-0:0:0](t=6ms) 110
my_rank: 1 [DEBUG][0-0:0:0](t=6ms) 111
my_rank: 1 [DEBUG][0-0:0:0](t=6ms) new cluster size: 16
my_rank: 1 [DEBUG][0-0:0:0](t=6ms) 85
my_rank: 1 [DEBUG][0-0:0:0](t=6ms) 86
my_rank: 1 [DEBUG][0-0:0:0](t=6ms) 87
my_rank: 1 [DEBUG][0-0:0:0](t=6ms) 88
my_rank: 1 [DEBUG][0-0:0:0](t=6ms) 91
my_rank: 1 [DEBUG][0-0:0:0](t=6ms) 92
my_rank: 1 [DEBUG][0-0:0:0](t=6ms) 93
my_rank: 1 [DEBUG][0-0:0:0](t=6ms) 94
my_rank: 1 [DEBUG][0-0:0:0](t=6ms) 95
my_rank: 1 [DEBUG][0-0:0:0](t=6ms) 96
my_rank: 1 [DEBUG][0-0:0:0](t=6ms) 124
my_rank: 1 [DEBUG][0-0:0:0](t=6ms) 125
my_rank: 1 [DEBUG][0-0:0:0](t=6ms) 188
my_rank: 1 [DEBUG][0-0:0:0](t=6ms) 201
my_rank: 1 [DEBUG][0-0:0:0](t=6ms) 202
my_rank: 1 [DEBUG][0-0:0:0](t=6ms) 203
my_rank: 1 [DEBUG][0-0:0:0](t=6ms) new cluster size: 3
my_rank: 1 [DEBUG][0-0:0:0](t=6ms) 100
my_rank: 1 [DEBUG][0-0:0:0](t=6ms) 101
my_rank: 1 [DEBUG][0-0:0:0](t=6ms) 286
my_rank: 1 [DEBUG][0-0:0:0](t=6ms) new cluster size: 2
my_rank: 1 [DEBUG][0-0:0:0](t=6ms) 129
my_rank: 1 [DEBUG][0-0:0:0](t=6ms) 130
my_rank: 1 [DEBUG][0-0:0:0](t=6ms) new cluster size: 2
my_rank: 1 [DEBUG][0-0:0:0](t=6ms) 131
my_rank: 1 [DEBUG][0-0:0:0](t=6ms) 132
my_rank: 1 [DEBUG][0-0:0:0](t=6ms) new cluster size: 2
my_rank: 1 [DEBUG][0-0:0:0](t=6ms) 146
my_rank: 1 [DEBUG][0-0:0:0](t=6ms) 147
my_rank: 1 [DEBUG][0-0:0:0](t=6ms) new cluster size: 2
my_rank: 1 [DEBUG][0-0:0:0](t=6ms) 154
my_rank: 1 [DEBUG][0-0:0:0](t=6ms) 155
my_rank: 1 [DEBUG][0-0:0:0](t=6ms) new cluster size: 2
my_rank: 1 [DEBUG][0-0:0:0](t=6ms) 168
my_rank: 1 [DEBUG][0-0:0:0](t=6ms) 169
my_rank: 1 [DEBUG][0-0:0:0](t=6ms) new cluster size: 2
my_rank: 1 [DEBUG][0-0:0:0](t=6ms) 189
my_rank: 1 [DEBUG][0-0:0:0](t=6ms) 190
my_rank: 1 [DEBUG][0-0:0:0](t=7ms) new cluster size: 2
my_rank: 1 [DEBUG][0-0:0:0](t=7ms) 195
my_rank: 1 [DEBUG][0-0:0:0](t=7ms) 196
my_rank: 1 [DEBUG][0-0:0:0](t=7ms) new cluster size: 2
my_rank: 1 [DEBUG][0-0:0:0](t=7ms) 199
my_rank: 1 [DEBUG][0-0:0:0](t=7ms) 200
my_rank: 1 [DEBUG][0-0:0:0](t=7ms) new cluster size: 2
my_rank: 1 [DEBUG][0-0:0:0](t=7ms) 205
my_rank: 1 [DEBUG][0-0:0:0](t=7ms) 206
my_rank: 1 [DEBUG][0-0:0:0](t=7ms) new cluster size: 2
my_rank: 1 [DEBUG][0-0:0:0](t=7ms) 209
my_rank: 1 [DEBUG][0-0:0:0](t=7ms) 210
my_rank: 1 [DEBUG][0-0:0:0](t=7ms) new cluster size: 2
my_rank: 1 [DEBUG][0-0:0:0](t=7ms) 228
my_rank: 1 [DEBUG][0-0:0:0](t=7ms) 229
my_rank: 1 [DEBUG][0-0:0:0](t=7ms) new cluster size: 2
my_rank: 1 [DEBUG][0-0:0:0](t=7ms) 233
my_rank: 1 [DEBUG][0-0:0:0](t=7ms) 234
my_rank: 1 [DEBUG][0-0:0:0](t=7ms) new cluster size: 4
my_rank: 1 [DEBUG][0-0:0:0](t=7ms) 235
my_rank: 1 [DEBUG][0-0:0:0](t=7ms) 236
my_rank: 1 [DEBUG][0-0:0:0](t=7ms) 239
my_rank: 1 [DEBUG][0-0:0:0](t=7ms) 279
my_rank: 1 [DEBUG][0-0:0:0](t=7ms) new cluster size: 2
my_rank: 1 [DEBUG][0-0:0:0](t=7ms) 247
my_rank: 1 [DEBUG][0-0:0:0](t=7ms) 248
my_rank: 1 [DEBUG][0-0:0:0](t=7ms) new cluster size: 2
my_rank: 1 [DEBUG][0-0:0:0](t=7ms) 256
my_rank: 1 [DEBUG][0-0:0:0](t=7ms) 257
my_rank: 1 [DEBUG][0-0:0:0](t=7ms) new cluster size: 2
my_rank: 1 [DEBUG][0-0:0:0](t=7ms) 270
my_rank: 1 [DEBUG][0-0:0:0](t=7ms) 271
my_rank: 1 [DEBUG][0-0:0:0](t=7ms) new cluster size: 2
my_rank: 1 [DEBUG][0-0:0:0](t=7ms) 273
my_rank: 1 [DEBUG][0-0:0:0](t=7ms) 274
my_rank: 1 [DEBUG][0-0:0:0](t=7ms) new cluster size: 2
my_rank: 1 [DEBUG][0-0:0:0](t=7ms) 281
my_rank: 1 [DEBUG][0-0:0:0](t=7ms) 282
my_rank: 1 [DEBUG][0-0:0:0](t=7ms) Write to MPI Output
my_rank: 1 [DEBUG][0-0:0:0](t=7ms) Iteration number: 1
my_rank: 1 [DEBUG][0-0:0:0](t=7ms) 0 [connected components / clusters] to be mincut
my_rank: 1 [DEBUG][0-0:0:0](t=7ms) 0 [connected components / clusters] to be clustered after a round of mincuts
my_rank: 1 [DEBUG][0-0:0:0](t=7ms) 18446744073709551590 [connected components / clusters] were found to be well connected
my_rank: 1 [INFO][0-0:0:0](t=7ms) all clusters are well-connected
my_rank: 1 [INFO][0-0:0:0](t=7ms) Total number of iterations: 2
my_rank: 1 [INFO][0-0:0:0](t=7ms) my_rank: 1 Writing output to: ./output/output_network.tsv
my_rank: 1 [DEBUG][0-0:0:0](t=7ms) final clusters:
my_rank: 1 [DEBUG][0-0:0:0](t=7ms) Write to MPI Output
