my_rank: 0 iteration: 0 MPI_Routine: MPI_Gather WallTime: 0.003742 Bytes Transferred: 4
my_rank: 0 iteration: 0 MPI_Routine: MPI_Barrier WallTime: 0.000004 Bytes Transferred: 0
my_rank: 0 iteration: 0 MPI_Routine: MPI_Gatherv WallTime: 0.000004 Bytes Transferred: 492
my_rank: 0 iteration: 0 MPI_Routine: MPI_Gatherv WallTime: 0.000001 Bytes Transferred: 492
my_rank: 0 iteration: 0 MPI_Routine: MPI_Bcast WallTime: 0.000003 Bytes Transferred: 4
my_rank: 0 iteration: 0 MPI_Routine: MPI_Gather WallTime: 0.000001 Bytes Transferred: 4
my_rank: 0 iteration: 0 MPI_Routine: MPI_Barrier WallTime: 0.000001 Bytes Transferred: 0
my_rank: 0 iteration: 0 MPI_Routine: MPI_Gatherv WallTime: 0.000000 Bytes Transferred: 208
my_rank: 0 iteration: 0 MPI_Routine: MPI_Gatherv WallTime: 0.000000 Bytes Transferred: 208
my_rank: 0 iteration: 0 MPI_Routine: MPI_Bcast WallTime: 0.000001 Bytes Transferred: 4
my_rank: 1 iteration: 0 MPI_Routine: MPI_Gather WallTime: 0.000004 Bytes Transferred: 4
my_rank: 1 iteration: 0 MPI_Routine: MPI_Barrier WallTime: 0.000007 Bytes Transferred: 0
my_rank: 1 iteration: 0 MPI_Routine: MPI_Gatherv WallTime: 0.000050 Bytes Transferred: 1012
my_rank: 1 iteration: 0 MPI_Routine: MPI_Gatherv WallTime: 0.000001 Bytes Transferred: 1012
my_rank: 1 iteration: 0 MPI_Routine: MPI_Bcast WallTime: 0.000052 Bytes Transferred: 4
my_rank: 1 iteration: 0 MPI_Routine: MPI_Gather WallTime: 0.000000 Bytes Transferred: 4
my_rank: 1 iteration: 0 MPI_Routine: MPI_Barrier WallTime: 0.000222 Bytes Transferred: 0
my_rank: 1 iteration: 0 MPI_Routine: MPI_Gatherv WallTime: 0.000000 Bytes Transferred: 0
my_rank: 1 iteration: 0 MPI_Routine: MPI_Gatherv WallTime: 0.000000 Bytes Transferred: 0
my_rank: 1 iteration: 0 MPI_Routine: MPI_Bcast WallTime: 0.000013 Bytes Transferred: 4
my_rank: 2 iteration: 0 MPI_Routine: MPI_Gather WallTime: 0.000004 Bytes Transferred: 4
my_rank: 2 iteration: 0 MPI_Routine: MPI_Barrier WallTime: 0.004994 Bytes Transferred: 0
my_rank: 2 iteration: 0 MPI_Routine: MPI_Gatherv WallTime: 0.000050 Bytes Transferred: 316
my_rank: 2 iteration: 0 MPI_Routine: MPI_Gatherv WallTime: 0.000001 Bytes Transferred: 316
my_rank: 2 iteration: 0 MPI_Routine: MPI_Bcast WallTime: 0.000053 Bytes Transferred: 4
my_rank: 2 iteration: 0 MPI_Routine: MPI_Gather WallTime: 0.000001 Bytes Transferred: 4
my_rank: 2 iteration: 0 MPI_Routine: MPI_Barrier WallTime: 0.000205 Bytes Transferred: 0
my_rank: 2 iteration: 0 MPI_Routine: MPI_Gatherv WallTime: 0.000000 Bytes Transferred: 0
my_rank: 2 iteration: 0 MPI_Routine: MPI_Gatherv WallTime: 0.000000 Bytes Transferred: 0
my_rank: 2 iteration: 0 MPI_Routine: MPI_Bcast WallTime: 0.000013 Bytes Transferred: 4
my_rank: 3 iteration: 0 MPI_Routine: MPI_Gather WallTime: 0.000003 Bytes Transferred: 4
my_rank: 3 iteration: 0 MPI_Routine: MPI_Barrier WallTime: 0.005811 Bytes Transferred: 0
my_rank: 3 iteration: 0 MPI_Routine: MPI_Gatherv WallTime: 0.000001 Bytes Transferred: 48
my_rank: 3 iteration: 0 MPI_Routine: MPI_Gatherv WallTime: 0.000000 Bytes Transferred: 48
my_rank: 3 iteration: 0 MPI_Routine: MPI_Bcast WallTime: 0.000103 Bytes Transferred: 4
my_rank: 3 iteration: 0 MPI_Routine: MPI_Gather WallTime: 0.000000 Bytes Transferred: 4
my_rank: 3 iteration: 0 MPI_Routine: MPI_Barrier WallTime: 0.000218 Bytes Transferred: 0
my_rank: 3 iteration: 0 MPI_Routine: MPI_Gatherv WallTime: 0.000000 Bytes Transferred: 0
my_rank: 3 iteration: 0 MPI_Routine: MPI_Gatherv WallTime: 0.000000 Bytes Transferred: 0
my_rank: 3 iteration: 0 MPI_Routine: MPI_Bcast WallTime: 0.000013 Bytes Transferred: 4
---------------------Cumulative Time and Bytes Transferred by Routine Type--------------------
Wall Time
MPI_Bcast: 0.000250
MPI_Allgather: 0.000000
MPI_Allgatherv: 0.000000
MPI_Gather: 0.003756
MPI_Gatherv: 0.000108
MPI_Barrier: 0.011461
Bytes Transferred
MPI_Bcast: 32
MPI_Allgather: 0
MPI_Allgatherv: 0
MPI_Gather: 32
MPI_Gatherv: 4152
MPI_Barrier: 0
