my_rank: 0 [INFO][0-0:0:0](t=0ms) Loading the distributed graph
my_rank: 0 [INFO][0-0:0:0](t=0ms) Finished loading the initial graph with num_vertices: 216 num_edges: 216
my_rank: 0 [DEBUG][0-0:0:0](t=1ms) Iteration number: 0
my_rank: 0 [INFO][0-0:0:0](t=1ms) Iteration number: 0
my_rank: 0 [DEBUG][0-0:0:0](t=1ms) 28 [connected components / clusters] to be mincut
my_rank: 0 [DEBUG][0-0:0:0](t=3ms) 12 [connected components / clusters] to be clustered after a round of mincuts
my_rank: 0 [DEBUG][0-0:0:0](t=3ms) 27 [connected components / clusters] were found to be well connected
my_rank: 0 [INFO][0-0:0:0](t=3ms) my_rank: 0 Writing output to: ./output/output_network.tsv
my_rank: 0 [DEBUG][0-0:0:0](t=3ms) final clusters:
my_rank: 0 [DEBUG][0-0:0:0](t=3ms) new cluster size: 8
my_rank: 0 [DEBUG][0-0:0:0](t=3ms) 0
my_rank: 0 [DEBUG][0-0:0:0](t=3ms) 1
my_rank: 0 [DEBUG][0-0:0:0](t=3ms) 2
my_rank: 0 [DEBUG][0-0:0:0](t=3ms) 3
my_rank: 0 [DEBUG][0-0:0:0](t=3ms) 44
my_rank: 0 [DEBUG][0-0:0:0](t=3ms) 45
my_rank: 0 [DEBUG][0-0:0:0](t=3ms) 113
my_rank: 0 [DEBUG][0-0:0:0](t=3ms) 213
my_rank: 0 [DEBUG][0-0:0:0](t=3ms) new cluster size: 14
my_rank: 0 [DEBUG][0-0:0:0](t=3ms) 4
my_rank: 0 [DEBUG][0-0:0:0](t=3ms) 5
my_rank: 0 [DEBUG][0-0:0:0](t=3ms) 6
my_rank: 0 [DEBUG][0-0:0:0](t=3ms) 7
my_rank: 0 [DEBUG][0-0:0:0](t=3ms) 8
my_rank: 0 [DEBUG][0-0:0:0](t=3ms) 9
my_rank: 0 [DEBUG][0-0:0:0](t=3ms) 10
my_rank: 0 [DEBUG][0-0:0:0](t=3ms) 11
my_rank: 0 [DEBUG][0-0:0:0](t=3ms) 12
my_rank: 0 [DEBUG][0-0:0:0](t=3ms) 13
my_rank: 0 [DEBUG][0-0:0:0](t=3ms) 14
my_rank: 0 [DEBUG][0-0:0:0](t=3ms) 58
my_rank: 0 [DEBUG][0-0:0:0](t=3ms) 59
my_rank: 0 [DEBUG][0-0:0:0](t=3ms) 215
my_rank: 0 [DEBUG][0-0:0:0](t=3ms) new cluster size: 14
my_rank: 0 [DEBUG][0-0:0:0](t=3ms) 15
my_rank: 0 [DEBUG][0-0:0:0](t=3ms) 16
my_rank: 0 [DEBUG][0-0:0:0](t=3ms) 17
my_rank: 0 [DEBUG][0-0:0:0](t=3ms) 18
my_rank: 0 [DEBUG][0-0:0:0](t=3ms) 19
my_rank: 0 [DEBUG][0-0:0:0](t=3ms) 20
my_rank: 0 [DEBUG][0-0:0:0](t=3ms) 21
my_rank: 0 [DEBUG][0-0:0:0](t=3ms) 22
my_rank: 0 [DEBUG][0-0:0:0](t=3ms) 23
my_rank: 0 [DEBUG][0-0:0:0](t=3ms) 24
my_rank: 0 [DEBUG][0-0:0:0](t=3ms) 25
my_rank: 0 [DEBUG][0-0:0:0](t=3ms) 26
my_rank: 0 [DEBUG][0-0:0:0](t=3ms) 209
my_rank: 0 [DEBUG][0-0:0:0](t=3ms) 210
my_rank: 0 [DEBUG][0-0:0:0](t=3ms) new cluster size: 19
my_rank: 0 [DEBUG][0-0:0:0](t=3ms) 31
my_rank: 0 [DEBUG][0-0:0:0](t=3ms) 32
my_rank: 0 [DEBUG][0-0:0:0](t=3ms) 34
my_rank: 0 [DEBUG][0-0:0:0](t=3ms) 35
my_rank: 0 [DEBUG][0-0:0:0](t=3ms) 51
my_rank: 0 [DEBUG][0-0:0:0](t=3ms) 52
my_rank: 0 [DEBUG][0-0:0:0](t=3ms) 53
my_rank: 0 [DEBUG][0-0:0:0](t=3ms) 54
my_rank: 0 [DEBUG][0-0:0:0](t=3ms) 55
my_rank: 0 [DEBUG][0-0:0:0](t=3ms) 56
my_rank: 0 [DEBUG][0-0:0:0](t=3ms) 57
my_rank: 0 [DEBUG][0-0:0:0](t=3ms) 89
my_rank: 0 [DEBUG][0-0:0:0](t=3ms) 95
my_rank: 0 [DEBUG][0-0:0:0](t=3ms) 143
my_rank: 0 [DEBUG][0-0:0:0](t=3ms) 152
my_rank: 0 [DEBUG][0-0:0:0](t=3ms) 166
my_rank: 0 [DEBUG][0-0:0:0](t=3ms) 171
my_rank: 0 [DEBUG][0-0:0:0](t=3ms) 199
my_rank: 0 [DEBUG][0-0:0:0](t=3ms) 214
my_rank: 0 [DEBUG][0-0:0:0](t=3ms) new cluster size: 4
my_rank: 0 [DEBUG][0-0:0:0](t=3ms) 40
my_rank: 0 [DEBUG][0-0:0:0](t=3ms) 41
my_rank: 0 [DEBUG][0-0:0:0](t=3ms) 42
my_rank: 0 [DEBUG][0-0:0:0](t=3ms) 43
my_rank: 0 [DEBUG][0-0:0:0](t=3ms) new cluster size: 19
my_rank: 0 [DEBUG][0-0:0:0](t=3ms) 60
my_rank: 0 [DEBUG][0-0:0:0](t=3ms) 61
my_rank: 0 [DEBUG][0-0:0:0](t=3ms) 62
my_rank: 0 [DEBUG][0-0:0:0](t=3ms) 63
my_rank: 0 [DEBUG][0-0:0:0](t=3ms) 64
my_rank: 0 [DEBUG][0-0:0:0](t=3ms) 65
my_rank: 0 [DEBUG][0-0:0:0](t=3ms) 66
my_rank: 0 [DEBUG][0-0:0:0](t=3ms) 67
my_rank: 0 [DEBUG][0-0:0:0](t=3ms) 68
my_rank: 0 [DEBUG][0-0:0:0](t=3ms) 108
my_rank: 0 [DEBUG][0-0:0:0](t=3ms) 109
my_rank: 0 [DEBUG][0-0:0:0](t=3ms) 110
my_rank: 0 [DEBUG][0-0:0:0](t=3ms) 116
my_rank: 0 [DEBUG][0-0:0:0](t=3ms) 117
my_rank: 0 [DEBUG][0-0:0:0](t=3ms) 118
my_rank: 0 [DEBUG][0-0:0:0](t=3ms) 119
my_rank: 0 [DEBUG][0-0:0:0](t=3ms) 120
my_rank: 0 [DEBUG][0-0:0:0](t=3ms) 121
my_rank: 0 [DEBUG][0-0:0:0](t=3ms) 162
my_rank: 0 [DEBUG][0-0:0:0](t=3ms) new cluster size: 3
my_rank: 0 [DEBUG][0-0:0:0](t=3ms) 69
my_rank: 0 [DEBUG][0-0:0:0](t=3ms) 70
my_rank: 0 [DEBUG][0-0:0:0](t=3ms) 71
my_rank: 0 [DEBUG][0-0:0:0](t=3ms) new cluster size: 2
my_rank: 0 [DEBUG][0-0:0:0](t=3ms) 74
my_rank: 0 [DEBUG][0-0:0:0](t=3ms) 75
my_rank: 0 [DEBUG][0-0:0:0](t=3ms) new cluster size: 3
my_rank: 0 [DEBUG][0-0:0:0](t=3ms) 76
my_rank: 0 [DEBUG][0-0:0:0](t=3ms) 77
my_rank: 0 [DEBUG][0-0:0:0](t=3ms) 132
my_rank: 0 [DEBUG][0-0:0:0](t=3ms) new cluster size: 2
my_rank: 0 [DEBUG][0-0:0:0](t=3ms) 81
my_rank: 0 [DEBUG][0-0:0:0](t=3ms) 82
my_rank: 0 [DEBUG][0-0:0:0](t=3ms) new cluster size: 3
my_rank: 0 [DEBUG][0-0:0:0](t=3ms) 84
my_rank: 0 [DEBUG][0-0:0:0](t=3ms) 85
my_rank: 0 [DEBUG][0-0:0:0](t=3ms) 86
my_rank: 0 [DEBUG][0-0:0:0](t=3ms) new cluster size: 2
my_rank: 0 [DEBUG][0-0:0:0](t=3ms) 93
my_rank: 0 [DEBUG][0-0:0:0](t=3ms) 94
my_rank: 0 [DEBUG][0-0:0:0](t=3ms) new cluster size: 2
my_rank: 0 [DEBUG][0-0:0:0](t=3ms) 96
my_rank: 0 [DEBUG][0-0:0:0](t=3ms) 97
my_rank: 0 [DEBUG][0-0:0:0](t=3ms) new cluster size: 2
my_rank: 0 [DEBUG][0-0:0:0](t=3ms) 98
my_rank: 0 [DEBUG][0-0:0:0](t=3ms) 99
my_rank: 0 [DEBUG][0-0:0:0](t=3ms) new cluster size: 2
my_rank: 0 [DEBUG][0-0:0:0](t=3ms) 126
my_rank: 0 [DEBUG][0-0:0:0](t=3ms) 127
my_rank: 0 [DEBUG][0-0:0:0](t=3ms) new cluster size: 2
my_rank: 0 [DEBUG][0-0:0:0](t=3ms) 133
my_rank: 0 [DEBUG][0-0:0:0](t=3ms) 134
my_rank: 0 [DEBUG][0-0:0:0](t=3ms) new cluster size: 2
my_rank: 0 [DEBUG][0-0:0:0](t=3ms) 136
my_rank: 0 [DEBUG][0-0:0:0](t=3ms) 137
my_rank: 0 [DEBUG][0-0:0:0](t=3ms) new cluster size: 2
my_rank: 0 [DEBUG][0-0:0:0](t=3ms) 141
my_rank: 0 [DEBUG][0-0:0:0](t=3ms) 142
my_rank: 0 [DEBUG][0-0:0:0](t=3ms) new cluster size: 2
my_rank: 0 [DEBUG][0-0:0:0](t=3ms) 149
my_rank: 0 [DEBUG][0-0:0:0](t=3ms) 150
my_rank: 0 [DEBUG][0-0:0:0](t=3ms) new cluster size: 2
my_rank: 0 [DEBUG][0-0:0:0](t=3ms) 157
my_rank: 0 [DEBUG][0-0:0:0](t=3ms) 158
my_rank: 0 [DEBUG][0-0:0:0](t=3ms) new cluster size: 2
my_rank: 0 [DEBUG][0-0:0:0](t=3ms) 159
my_rank: 0 [DEBUG][0-0:0:0](t=3ms) 160
my_rank: 0 [DEBUG][0-0:0:0](t=3ms) new cluster size: 2
my_rank: 0 [DEBUG][0-0:0:0](t=3ms) 174
my_rank: 0 [DEBUG][0-0:0:0](t=3ms) 175
my_rank: 0 [DEBUG][0-0:0:0](t=3ms) new cluster size: 2
my_rank: 0 [DEBUG][0-0:0:0](t=3ms) 177
my_rank: 0 [DEBUG][0-0:0:0](t=3ms) 178
my_rank: 0 [DEBUG][0-0:0:0](t=3ms) new cluster size: 2
my_rank: 0 [DEBUG][0-0:0:0](t=3ms) 183
my_rank: 0 [DEBUG][0-0:0:0](t=3ms) 184
my_rank: 0 [DEBUG][0-0:0:0](t=3ms) new cluster size: 2
my_rank: 0 [DEBUG][0-0:0:0](t=3ms) 195
my_rank: 0 [DEBUG][0-0:0:0](t=3ms) 196
my_rank: 0 [DEBUG][0-0:0:0](t=3ms) new cluster size: 2
my_rank: 0 [DEBUG][0-0:0:0](t=3ms) 197
my_rank: 0 [DEBUG][0-0:0:0](t=3ms) 198
my_rank: 0 [DEBUG][0-0:0:0](t=3ms) new cluster size: 2
my_rank: 0 [DEBUG][0-0:0:0](t=3ms) 207
my_rank: 0 [DEBUG][0-0:0:0](t=3ms) 208
my_rank: 0 [DEBUG][0-0:0:0](t=3ms) Write to MPI Output
my_rank: 0 [INFO][0-0:0:0](t=7ms) my_rank: 0 Write to cluster mpi file
my_rank: 0 [DEBUG][0-0:0:0](t=7ms) Iteration number: 1
my_rank: 0 [DEBUG][0-0:0:0](t=7ms) 12 [connected components / clusters] to be mincut
my_rank: 0 [DEBUG][0-0:0:0](t=7ms) 0 [connected components / clusters] to be clustered after a round of mincuts
my_rank: 0 [DEBUG][0-0:0:0](t=7ms) 18446744073709551601 [connected components / clusters] were found to be well connected
my_rank: 0 [INFO][0-0:0:0](t=7ms) all clusters are well-connected
my_rank: 0 [INFO][0-0:0:0](t=7ms) Total number of iterations: 2
my_rank: 0 [INFO][0-0:0:0](t=7ms) my_rank: 0 Writing output to: ./output/output_network.tsv
my_rank: 0 [DEBUG][0-0:0:0](t=7ms) final clusters:
my_rank: 0 [DEBUG][0-0:0:0](t=7ms) new cluster size: 4
my_rank: 0 [DEBUG][0-0:0:0](t=7ms) 90
my_rank: 0 [DEBUG][0-0:0:0](t=7ms) 91
my_rank: 0 [DEBUG][0-0:0:0](t=7ms) 92
my_rank: 0 [DEBUG][0-0:0:0](t=7ms) 148
my_rank: 0 [DEBUG][0-0:0:0](t=7ms) new cluster size: 3
my_rank: 0 [DEBUG][0-0:0:0](t=7ms) 200
my_rank: 0 [DEBUG][0-0:0:0](t=7ms) 201
my_rank: 0 [DEBUG][0-0:0:0](t=7ms) 202
my_rank: 0 [DEBUG][0-0:0:0](t=7ms) new cluster size: 6
my_rank: 0 [DEBUG][0-0:0:0](t=7ms) 27
my_rank: 0 [DEBUG][0-0:0:0](t=7ms) 28
my_rank: 0 [DEBUG][0-0:0:0](t=7ms) 30
my_rank: 0 [DEBUG][0-0:0:0](t=7ms) 106
my_rank: 0 [DEBUG][0-0:0:0](t=7ms) 123
my_rank: 0 [DEBUG][0-0:0:0](t=7ms) 206
my_rank: 0 [DEBUG][0-0:0:0](t=7ms) new cluster size: 11
my_rank: 0 [DEBUG][0-0:0:0](t=7ms) 29
my_rank: 0 [DEBUG][0-0:0:0](t=7ms) 47
my_rank: 0 [DEBUG][0-0:0:0](t=7ms) 48
my_rank: 0 [DEBUG][0-0:0:0](t=7ms) 49
my_rank: 0 [DEBUG][0-0:0:0](t=7ms) 50
my_rank: 0 [DEBUG][0-0:0:0](t=7ms) 73
my_rank: 0 [DEBUG][0-0:0:0](t=7ms) 78
my_rank: 0 [DEBUG][0-0:0:0](t=7ms) 79
my_rank: 0 [DEBUG][0-0:0:0](t=7ms) 80
my_rank: 0 [DEBUG][0-0:0:0](t=7ms) 135
my_rank: 0 [DEBUG][0-0:0:0](t=7ms) 154
my_rank: 0 [DEBUG][0-0:0:0](t=7ms) new cluster size: 10
my_rank: 0 [DEBUG][0-0:0:0](t=7ms) 36
my_rank: 0 [DEBUG][0-0:0:0](t=7ms) 37
my_rank: 0 [DEBUG][0-0:0:0](t=7ms) 38
my_rank: 0 [DEBUG][0-0:0:0](t=7ms) 39
my_rank: 0 [DEBUG][0-0:0:0](t=7ms) 128
my_rank: 0 [DEBUG][0-0:0:0](t=7ms) 129
my_rank: 0 [DEBUG][0-0:0:0](t=7ms) 130
my_rank: 0 [DEBUG][0-0:0:0](t=7ms) 131
my_rank: 0 [DEBUG][0-0:0:0](t=7ms) 139
my_rank: 0 [DEBUG][0-0:0:0](t=7ms) 156
my_rank: 0 [DEBUG][0-0:0:0](t=7ms) new cluster size: 2
my_rank: 0 [DEBUG][0-0:0:0](t=7ms) 87
my_rank: 0 [DEBUG][0-0:0:0](t=7ms) 188
my_rank: 0 [DEBUG][0-0:0:0](t=7ms) new cluster size: 2
my_rank: 0 [DEBUG][0-0:0:0](t=7ms) 100
my_rank: 0 [DEBUG][0-0:0:0](t=7ms) 161
my_rank: 0 [DEBUG][0-0:0:0](t=7ms) new cluster size: 2
my_rank: 0 [DEBUG][0-0:0:0](t=7ms) 101
my_rank: 0 [DEBUG][0-0:0:0](t=7ms) 138
my_rank: 0 [DEBUG][0-0:0:0](t=7ms) new cluster size: 3
my_rank: 0 [DEBUG][0-0:0:0](t=7ms) 102
my_rank: 0 [DEBUG][0-0:0:0](t=7ms) 105
my_rank: 0 [DEBUG][0-0:0:0](t=7ms) 115
my_rank: 0 [DEBUG][0-0:0:0](t=7ms) new cluster size: 3
my_rank: 0 [DEBUG][0-0:0:0](t=7ms) 104
my_rank: 0 [DEBUG][0-0:0:0](t=7ms) 111
my_rank: 0 [DEBUG][0-0:0:0](t=7ms) 112
my_rank: 0 [DEBUG][0-0:0:0](t=7ms) new cluster size: 4
my_rank: 0 [DEBUG][0-0:0:0](t=7ms) 107
my_rank: 0 [DEBUG][0-0:0:0](t=7ms) 122
my_rank: 0 [DEBUG][0-0:0:0](t=7ms) 124
my_rank: 0 [DEBUG][0-0:0:0](t=7ms) 125
my_rank: 0 [DEBUG][0-0:0:0](t=7ms) new cluster size: 2
my_rank: 0 [DEBUG][0-0:0:0](t=7ms) 147
my_rank: 0 [DEBUG][0-0:0:0](t=7ms) 185
my_rank: 0 [DEBUG][0-0:0:0](t=7ms) Write to MPI Output
my_rank: 0 [INFO][0-0:0:0](t=7ms) my_rank: 0 Write to cluster mpi file
