my_rank: 2 [INFO][0-0:0:0](t=0ms) Loading the distributed graph
my_rank: 2 [INFO][0-0:0:0](t=0ms) Finished loading the initial graph with num_vertices: 79 num_edges: 79
my_rank: 2 [DEBUG][0-0:0:0](t=0ms) Iteration number: 0
my_rank: 2 [INFO][0-0:0:0](t=0ms) Iteration number: 0
my_rank: 2 [DEBUG][0-0:0:0](t=0ms) 8 [connected components / clusters] to be mincut
my_rank: 2 [DEBUG][0-0:0:0](t=2ms) 0 [connected components / clusters] to be clustered after a round of mincuts
my_rank: 2 [DEBUG][0-0:0:0](t=2ms) 8 [connected components / clusters] were found to be well connected
my_rank: 2 [INFO][0-0:0:0](t=2ms) all clusters are well-connected
my_rank: 2 [INFO][0-0:0:0](t=2ms) Total number of iterations: 1
my_rank: 2 [INFO][0-0:0:0](t=2ms) my_rank: 2 Writing output to: ./output/output_network.tsv
my_rank: 2 [DEBUG][0-0:0:0](t=2ms) final clusters:
my_rank: 2 [DEBUG][0-0:0:0](t=2ms) new cluster size: 20
my_rank: 2 [DEBUG][0-0:0:0](t=2ms) 0
my_rank: 2 [DEBUG][0-0:0:0](t=2ms) 1
my_rank: 2 [DEBUG][0-0:0:0](t=2ms) 2
my_rank: 2 [DEBUG][0-0:0:0](t=2ms) 3
my_rank: 2 [DEBUG][0-0:0:0](t=2ms) 4
my_rank: 2 [DEBUG][0-0:0:0](t=2ms) 5
my_rank: 2 [DEBUG][0-0:0:0](t=2ms) 11
my_rank: 2 [DEBUG][0-0:0:0](t=2ms) 12
my_rank: 2 [DEBUG][0-0:0:0](t=2ms) 13
my_rank: 2 [DEBUG][0-0:0:0](t=2ms) 14
my_rank: 2 [DEBUG][0-0:0:0](t=2ms) 15
my_rank: 2 [DEBUG][0-0:0:0](t=2ms) 16
my_rank: 2 [DEBUG][0-0:0:0](t=2ms) 17
my_rank: 2 [DEBUG][0-0:0:0](t=2ms) 18
my_rank: 2 [DEBUG][0-0:0:0](t=2ms) 19
my_rank: 2 [DEBUG][0-0:0:0](t=2ms) 20
my_rank: 2 [DEBUG][0-0:0:0](t=2ms) 21
my_rank: 2 [DEBUG][0-0:0:0](t=2ms) 22
my_rank: 2 [DEBUG][0-0:0:0](t=2ms) 23
my_rank: 2 [DEBUG][0-0:0:0](t=2ms) 63
my_rank: 2 [DEBUG][0-0:0:0](t=2ms) new cluster size: 8
my_rank: 2 [DEBUG][0-0:0:0](t=2ms) 6
my_rank: 2 [DEBUG][0-0:0:0](t=2ms) 7
my_rank: 2 [DEBUG][0-0:0:0](t=2ms) 8
my_rank: 2 [DEBUG][0-0:0:0](t=2ms) 72
my_rank: 2 [DEBUG][0-0:0:0](t=2ms) 73
my_rank: 2 [DEBUG][0-0:0:0](t=2ms) 74
my_rank: 2 [DEBUG][0-0:0:0](t=2ms) 75
my_rank: 2 [DEBUG][0-0:0:0](t=2ms) 76
my_rank: 2 [DEBUG][0-0:0:0](t=2ms) new cluster size: 10
my_rank: 2 [DEBUG][0-0:0:0](t=2ms) 9
my_rank: 2 [DEBUG][0-0:0:0](t=2ms) 10
my_rank: 2 [DEBUG][0-0:0:0](t=2ms) 45
my_rank: 2 [DEBUG][0-0:0:0](t=2ms) 46
my_rank: 2 [DEBUG][0-0:0:0](t=2ms) 47
my_rank: 2 [DEBUG][0-0:0:0](t=2ms) 48
my_rank: 2 [DEBUG][0-0:0:0](t=2ms) 49
my_rank: 2 [DEBUG][0-0:0:0](t=2ms) 50
my_rank: 2 [DEBUG][0-0:0:0](t=2ms) 53
my_rank: 2 [DEBUG][0-0:0:0](t=2ms) 54
my_rank: 2 [DEBUG][0-0:0:0](t=2ms) new cluster size: 14
my_rank: 2 [DEBUG][0-0:0:0](t=2ms) 24
my_rank: 2 [DEBUG][0-0:0:0](t=2ms) 25
my_rank: 2 [DEBUG][0-0:0:0](t=2ms) 26
my_rank: 2 [DEBUG][0-0:0:0](t=2ms) 27
my_rank: 2 [DEBUG][0-0:0:0](t=2ms) 28
my_rank: 2 [DEBUG][0-0:0:0](t=2ms) 29
my_rank: 2 [DEBUG][0-0:0:0](t=2ms) 36
my_rank: 2 [DEBUG][0-0:0:0](t=2ms) 37
my_rank: 2 [DEBUG][0-0:0:0](t=2ms) 38
my_rank: 2 [DEBUG][0-0:0:0](t=2ms) 39
my_rank: 2 [DEBUG][0-0:0:0](t=2ms) 55
my_rank: 2 [DEBUG][0-0:0:0](t=2ms) 66
my_rank: 2 [DEBUG][0-0:0:0](t=2ms) 67
my_rank: 2 [DEBUG][0-0:0:0](t=2ms) 68
my_rank: 2 [DEBUG][0-0:0:0](t=2ms) new cluster size: 13
my_rank: 2 [DEBUG][0-0:0:0](t=2ms) 30
my_rank: 2 [DEBUG][0-0:0:0](t=2ms) 31
my_rank: 2 [DEBUG][0-0:0:0](t=2ms) 32
my_rank: 2 [DEBUG][0-0:0:0](t=2ms) 33
my_rank: 2 [DEBUG][0-0:0:0](t=2ms) 34
my_rank: 2 [DEBUG][0-0:0:0](t=2ms) 35
my_rank: 2 [DEBUG][0-0:0:0](t=2ms) 43
my_rank: 2 [DEBUG][0-0:0:0](t=2ms) 44
my_rank: 2 [DEBUG][0-0:0:0](t=2ms) 64
my_rank: 2 [DEBUG][0-0:0:0](t=2ms) 65
my_rank: 2 [DEBUG][0-0:0:0](t=2ms) 70
my_rank: 2 [DEBUG][0-0:0:0](t=2ms) 71
my_rank: 2 [DEBUG][0-0:0:0](t=2ms) 78
my_rank: 2 [DEBUG][0-0:0:0](t=2ms) new cluster size: 10
my_rank: 2 [DEBUG][0-0:0:0](t=2ms) 40
my_rank: 2 [DEBUG][0-0:0:0](t=2ms) 41
my_rank: 2 [DEBUG][0-0:0:0](t=2ms) 42
my_rank: 2 [DEBUG][0-0:0:0](t=2ms) 51
my_rank: 2 [DEBUG][0-0:0:0](t=2ms) 52
my_rank: 2 [DEBUG][0-0:0:0](t=2ms) 60
my_rank: 2 [DEBUG][0-0:0:0](t=2ms) 61
my_rank: 2 [DEBUG][0-0:0:0](t=2ms) 62
my_rank: 2 [DEBUG][0-0:0:0](t=2ms) 69
my_rank: 2 [DEBUG][0-0:0:0](t=2ms) 77
my_rank: 2 [DEBUG][0-0:0:0](t=2ms) new cluster size: 2
my_rank: 2 [DEBUG][0-0:0:0](t=2ms) 56
my_rank: 2 [DEBUG][0-0:0:0](t=2ms) 57
my_rank: 2 [DEBUG][0-0:0:0](t=2ms) new cluster size: 2
my_rank: 2 [DEBUG][0-0:0:0](t=2ms) 58
my_rank: 2 [DEBUG][0-0:0:0](t=2ms) 59
my_rank: 2 [DEBUG][0-0:0:0](t=2ms) Write to MPI Output
my_rank: 2 [DEBUG][0-0:0:0](t=7ms) Iteration number: 1
my_rank: 2 [DEBUG][0-0:0:0](t=7ms) 0 [connected components / clusters] to be mincut
my_rank: 2 [DEBUG][0-0:0:0](t=7ms) 0 [connected components / clusters] to be clustered after a round of mincuts
my_rank: 2 [DEBUG][0-0:0:0](t=7ms) 18446744073709551608 [connected components / clusters] were found to be well connected
my_rank: 2 [INFO][0-0:0:0](t=7ms) all clusters are well-connected
my_rank: 2 [INFO][0-0:0:0](t=7ms) Total number of iterations: 2
my_rank: 2 [INFO][0-0:0:0](t=7ms) my_rank: 2 Writing output to: ./output/output_network.tsv
my_rank: 2 [DEBUG][0-0:0:0](t=7ms) final clusters:
my_rank: 2 [DEBUG][0-0:0:0](t=7ms) Write to MPI Output
