my_rank: 0 [INFO][0-0:0:0](t=0s) Loading the initial graph
my_rank: 0 [INFO][0-0:0:0](t=0s) Finished loading the initial graph
my_rank: 0 [DEBUG][0-0:0:0](t=0s) Iteration number: 0
my_rank: 0 [INFO][0-0:0:0](t=0s) Iteration number: 0
my_rank: 0 [DEBUG][0-0:0:0](t=0s) 49 [connected components / clusters] to be mincut
my_rank: 0 [DEBUG][0-0:0:0](t=0s) 0 [connected components / clusters] to be clustered after a round of mincuts
my_rank: 0 [DEBUG][0-0:0:0](t=0s) 49 [connected components / clusters] were found to be well connected
my_rank: 0 [INFO][0-0:0:0](t=0s) all clusters are well-connected
my_rank: 0 [INFO][0-0:0:0](t=0s) Total number of iterations: 1
my_rank: 0 [INFO][0-0:0:0](t=0s) Writing output to: ./output_clusters_network_simple.tsv_0
my_rank: 0 [DEBUG][0-0:0:0](t=0s) final clusters:
my_rank: 0 [DEBUG][0-0:0:0](t=0s) new cluster
my_rank: 0 [DEBUG][0-0:0:0](t=0s) 0
my_rank: 0 [DEBUG][0-0:0:0](t=0s) 1
my_rank: 0 [DEBUG][0-0:0:0](t=0s) 2
my_rank: 0 [DEBUG][0-0:0:0](t=0s) 3
my_rank: 0 [DEBUG][0-0:0:0](t=0s) 420
my_rank: 0 [DEBUG][0-0:0:0](t=0s) 902
my_rank: 0 [DEBUG][0-0:0:0](t=0s) new cluster
my_rank: 0 [DEBUG][0-0:0:0](t=0s) 5
my_rank: 0 [DEBUG][0-0:0:0](t=0s) 6
my_rank: 0 [DEBUG][0-0:0:0](t=0s) 7
my_rank: 0 [DEBUG][0-0:0:0](t=0s) 8
my_rank: 0 [DEBUG][0-0:0:0](t=0s) 9
my_rank: 0 [DEBUG][0-0:0:0](t=0s) 10
my_rank: 0 [DEBUG][0-0:0:0](t=0s) 11
my_rank: 0 [DEBUG][0-0:0:0](t=0s) 12
my_rank: 0 [DEBUG][0-0:0:0](t=0s) 13
my_rank: 0 [DEBUG][0-0:0:0](t=0s) 14
my_rank: 0 [DEBUG][0-0:0:0](t=0s) 15
my_rank: 0 [DEBUG][0-0:0:0](t=0s) 16
my_rank: 0 [DEBUG][0-0:0:0](t=0s) 17
my_rank: 0 [DEBUG][0-0:0:0](t=0s) 18
my_rank: 0 [DEBUG][0-0:0:0](t=0s) 19
my_rank: 0 [DEBUG][0-0:0:0](t=0s) 20
my_rank: 0 [DEBUG][0-0:0:0](t=0s) 21
my_rank: 0 [DEBUG][0-0:0:0](t=0s) 22
my_rank: 0 [DEBUG][0-0:0:0](t=0s) 23
my_rank: 0 [DEBUG][0-0:0:0](t=0s) 24
my_rank: 0 [DEBUG][0-0:0:0](t=0s) 25
my_rank: 0 [DEBUG][0-0:0:0](t=0s) 26
my_rank: 0 [DEBUG][0-0:0:0](t=0s) 27
my_rank: 0 [DEBUG][0-0:0:0](t=0s) 28
my_rank: 0 [DEBUG][0-0:0:0](t=0s) 29
my_rank: 0 [DEBUG][0-0:0:0](t=0s) 30
my_rank: 0 [DEBUG][0-0:0:0](t=0s) 31
my_rank: 0 [DEBUG][0-0:0:0](t=0s) 32
my_rank: 0 [DEBUG][0-0:0:0](t=0s) 33
my_rank: 0 [DEBUG][0-0:0:0](t=0s) 34
my_rank: 0 [DEBUG][0-0:0:0](t=0s) 35
my_rank: 0 [DEBUG][0-0:0:0](t=0s) 36
my_rank: 0 [DEBUG][0-0:0:0](t=0s) 37
my_rank: 0 [DEBUG][0-0:0:0](t=0s) 38
my_rank: 0 [DEBUG][0-0:0:0](t=0s) 39
my_rank: 0 [DEBUG][0-0:0:0](t=0s) 40
my_rank: 0 [DEBUG][0-0:0:0](t=0s) 41
my_rank: 0 [DEBUG][0-0:0:0](t=0s) 42
my_rank: 0 [DEBUG][0-0:0:0](t=0s) 43
my_rank: 0 [DEBUG][0-0:0:0](t=0s) 44
my_rank: 0 [DEBUG][0-0:0:0](t=0s) 45
my_rank: 0 [DEBUG][0-0:0:0](t=0s) 46
my_rank: 0 [DEBUG][0-0:0:0](t=0s) 47
my_rank: 0 [DEBUG][0-0:0:0](t=0s) 48
my_rank: 0 [DEBUG][0-0:0:0](t=0s) 49
my_rank: 0 [DEBUG][0-0:0:0](t=0s) 50
my_rank: 0 [DEBUG][0-0:0:0](t=0s) 51
my_rank: 0 [DEBUG][0-0:0:0](t=0s) 52
my_rank: 0 [DEBUG][0-0:0:0](t=0s) 55
my_rank: 0 [DEBUG][0-0:0:0](t=0s) 56
my_rank: 0 [DEBUG][0-0:0:0](t=0s) 57
my_rank: 0 [DEBUG][0-0:0:0](t=0s) 62
my_rank: 0 [DEBUG][0-0:0:0](t=0s) 67
my_rank: 0 [DEBUG][0-0:0:0](t=0s) 68
my_rank: 0 [DEBUG][0-0:0:0](t=0s) 69
my_rank: 0 [DEBUG][0-0:0:0](t=0s) 70
my_rank: 0 [DEBUG][0-0:0:0](t=0s) 71
my_rank: 0 [DEBUG][0-0:0:0](t=0s) 72
my_rank: 0 [DEBUG][0-0:0:0](t=0s) 73
my_rank: 0 [DEBUG][0-0:0:0](t=0s) 74
my_rank: 0 [DEBUG][0-0:0:0](t=0s) 75
my_rank: 0 [DEBUG][0-0:0:0](t=0s) 76
my_rank: 0 [DEBUG][0-0:0:0](t=0s) 77
my_rank: 0 [DEBUG][0-0:0:0](t=0s) 78
my_rank: 0 [DEBUG][0-0:0:0](t=0s) 79
my_rank: 0 [DEBUG][0-0:0:0](t=0s) 80
my_rank: 0 [DEBUG][0-0:0:0](t=0s) 81
my_rank: 0 [DEBUG][0-0:0:0](t=0s) 82
my_rank: 0 [DEBUG][0-0:0:0](t=0s) 83
my_rank: 0 [DEBUG][0-0:0:0](t=0s) 84
my_rank: 0 [DEBUG][0-0:0:0](t=0s) 85
my_rank: 0 [DEBUG][0-0:0:0](t=0s) 86
my_rank: 0 [DEBUG][0-0:0:0](t=0s) 87
my_rank: 0 [DEBUG][0-0:0:0](t=0s) 118
my_rank: 0 [DEBUG][0-0:0:0](t=0s) 130
my_rank: 0 [DEBUG][0-0:0:0](t=0s) 155
my_rank: 0 [DEBUG][0-0:0:0](t=0s) 171
my_rank: 0 [DEBUG][0-0:0:0](t=0s) 187
my_rank: 0 [DEBUG][0-0:0:0](t=0s) 204
my_rank: 0 [DEBUG][0-0:0:0](t=0s) 205
my_rank: 0 [DEBUG][0-0:0:0](t=0s) 206
my_rank: 0 [DEBUG][0-0:0:0](t=0s) 207
my_rank: 0 [DEBUG][0-0:0:0](t=0s) 214
my_rank: 0 [DEBUG][0-0:0:0](t=0s) 229
my_rank: 0 [DEBUG][0-0:0:0](t=0s) 232
my_rank: 0 [DEBUG][0-0:0:0](t=0s) 233
my_rank: 0 [DEBUG][0-0:0:0](t=0s) 234
my_rank: 0 [DEBUG][0-0:0:0](t=0s) 235
my_rank: 0 [DEBUG][0-0:0:0](t=0s) 245
my_rank: 0 [DEBUG][0-0:0:0](t=0s) 247
my_rank: 0 [DEBUG][0-0:0:0](t=0s) 248
my_rank: 0 [DEBUG][0-0:0:0](t=0s) 249
my_rank: 0 [DEBUG][0-0:0:0](t=0s) 250
my_rank: 0 [DEBUG][0-0:0:0](t=0s) 251
my_rank: 0 [DEBUG][0-0:0:0](t=0s) 257
my_rank: 0 [DEBUG][0-0:0:0](t=0s) 258
my_rank: 0 [DEBUG][0-0:0:0](t=0s) 259
my_rank: 0 [DEBUG][0-0:0:0](t=0s) 260
my_rank: 0 [DEBUG][0-0:0:0](t=0s) 272
my_rank: 0 [DEBUG][0-0:0:0](t=0s) 273
my_rank: 0 [DEBUG][0-0:0:0](t=0s) 274
my_rank: 0 [DEBUG][0-0:0:0](t=0s) 275
my_rank: 0 [DEBUG][0-0:0:0](t=0s) 276
my_rank: 0 [DEBUG][0-0:0:0](t=0s) 277
my_rank: 0 [DEBUG][0-0:0:0](t=0s) 278
my_rank: 0 [DEBUG][0-0:0:0](t=0s) 279
my_rank: 0 [DEBUG][0-0:0:0](t=0s) 312
my_rank: 0 [DEBUG][0-0:0:0](t=0s) 316
my_rank: 0 [DEBUG][0-0:0:0](t=0s) 320
my_rank: 0 [DEBUG][0-0:0:0](t=0s) 334
my_rank: 0 [DEBUG][0-0:0:0](t=0s) 335
my_rank: 0 [DEBUG][0-0:0:0](t=0s) 336
my_rank: 0 [DEBUG][0-0:0:0](t=0s) 337
my_rank: 0 [DEBUG][0-0:0:0](t=0s) 360
my_rank: 0 [DEBUG][0-0:0:0](t=0s) 361
my_rank: 0 [DEBUG][0-0:0:0](t=0s) 374
my_rank: 0 [DEBUG][0-0:0:0](t=0s) 377
my_rank: 0 [DEBUG][0-0:0:0](t=0s) 415
my_rank: 0 [DEBUG][0-0:0:0](t=0s) 416
my_rank: 0 [DEBUG][0-0:0:0](t=0s) 442
my_rank: 0 [DEBUG][0-0:0:0](t=0s) 443
my_rank: 0 [DEBUG][0-0:0:0](t=0s) 444
my_rank: 0 [DEBUG][0-0:0:0](t=0s) 467
my_rank: 0 [DEBUG][0-0:0:0](t=0s) 579
my_rank: 0 [DEBUG][0-0:0:0](t=0s) 670
my_rank: 0 [DEBUG][0-0:0:0](t=0s) new cluster
my_rank: 0 [DEBUG][0-0:0:0](t=0s) 53
my_rank: 0 [DEBUG][0-0:0:0](t=0s) 54
my_rank: 0 [DEBUG][0-0:0:0](t=0s) 58
my_rank: 0 [DEBUG][0-0:0:0](t=0s) 59
my_rank: 0 [DEBUG][0-0:0:0](t=0s) 60
my_rank: 0 [DEBUG][0-0:0:0](t=0s) 61
my_rank: 0 [DEBUG][0-0:0:0](t=0s) 63
my_rank: 0 [DEBUG][0-0:0:0](t=0s) 64
my_rank: 0 [DEBUG][0-0:0:0](t=0s) 65
my_rank: 0 [DEBUG][0-0:0:0](t=0s) 66
my_rank: 0 [DEBUG][0-0:0:0](t=0s) 88
my_rank: 0 [DEBUG][0-0:0:0](t=0s) 90
my_rank: 0 [DEBUG][0-0:0:0](t=0s) 91
my_rank: 0 [DEBUG][0-0:0:0](t=0s) 92
my_rank: 0 [DEBUG][0-0:0:0](t=0s) 93
my_rank: 0 [DEBUG][0-0:0:0](t=0s) 94
my_rank: 0 [DEBUG][0-0:0:0](t=0s) 95
my_rank: 0 [DEBUG][0-0:0:0](t=0s) 96
my_rank: 0 [DEBUG][0-0:0:0](t=0s) 99
my_rank: 0 [DEBUG][0-0:0:0](t=0s) 100
my_rank: 0 [DEBUG][0-0:0:0](t=0s) 102
my_rank: 0 [DEBUG][0-0:0:0](t=0s) 103
my_rank: 0 [DEBUG][0-0:0:0](t=0s) 104
my_rank: 0 [DEBUG][0-0:0:0](t=0s) 105
my_rank: 0 [DEBUG][0-0:0:0](t=0s) 106
my_rank: 0 [DEBUG][0-0:0:0](t=0s) 107
my_rank: 0 [DEBUG][0-0:0:0](t=0s) 109
my_rank: 0 [DEBUG][0-0:0:0](t=0s) 110
my_rank: 0 [DEBUG][0-0:0:0](t=0s) 111
my_rank: 0 [DEBUG][0-0:0:0](t=0s) 112
my_rank: 0 [DEBUG][0-0:0:0](t=0s) 113
my_rank: 0 [DEBUG][0-0:0:0](t=0s) 114
my_rank: 0 [DEBUG][0-0:0:0](t=0s) 115
my_rank: 0 [DEBUG][0-0:0:0](t=0s) 116
my_rank: 0 [DEBUG][0-0:0:0](t=0s) 117
my_rank: 0 [DEBUG][0-0:0:0](t=0s) 119
my_rank: 0 [DEBUG][0-0:0:0](t=0s) 120
my_rank: 0 [DEBUG][0-0:0:0](t=0s) 121
my_rank: 0 [DEBUG][0-0:0:0](t=0s) 122
my_rank: 0 [DEBUG][0-0:0:0](t=0s) 123
my_rank: 0 [DEBUG][0-0:0:0](t=0s) 124
my_rank: 0 [DEBUG][0-0:0:0](t=0s) 125
my_rank: 0 [DEBUG][0-0:0:0](t=0s) 126
my_rank: 0 [DEBUG][0-0:0:0](t=0s) 127
my_rank: 0 [DEBUG][0-0:0:0](t=0s) 128
my_rank: 0 [DEBUG][0-0:0:0](t=0s) 129
my_rank: 0 [DEBUG][0-0:0:0](t=0s) 131
my_rank: 0 [DEBUG][0-0:0:0](t=0s) 132
my_rank: 0 [DEBUG][0-0:0:0](t=0s) 133
my_rank: 0 [DEBUG][0-0:0:0](t=0s) 134
my_rank: 0 [DEBUG][0-0:0:0](t=0s) 135
my_rank: 0 [DEBUG][0-0:0:0](t=0s) 136
my_rank: 0 [DEBUG][0-0:0:0](t=0s) 137
my_rank: 0 [DEBUG][0-0:0:0](t=0s) 138
my_rank: 0 [DEBUG][0-0:0:0](t=0s) 139
my_rank: 0 [DEBUG][0-0:0:0](t=0s) 140
my_rank: 0 [DEBUG][0-0:0:0](t=0s) 141
my_rank: 0 [DEBUG][0-0:0:0](t=0s) 142
my_rank: 0 [DEBUG][0-0:0:0](t=0s) 143
my_rank: 0 [DEBUG][0-0:0:0](t=0s) 144
my_rank: 0 [DEBUG][0-0:0:0](t=0s) 145
my_rank: 0 [DEBUG][0-0:0:0](t=0s) 146
my_rank: 0 [DEBUG][0-0:0:0](t=0s) 152
my_rank: 0 [DEBUG][0-0:0:0](t=0s) 160
my_rank: 0 [DEBUG][0-0:0:0](t=0s) 161
my_rank: 0 [DEBUG][0-0:0:0](t=0s) 352
my_rank: 0 [DEBUG][0-0:0:0](t=0s) 900
my_rank: 0 [DEBUG][0-0:0:0](t=0s) new cluster
my_rank: 0 [DEBUG][0-0:0:0](t=0s) 97
my_rank: 0 [DEBUG][0-0:0:0](t=0s) 98
my_rank: 0 [DEBUG][0-0:0:0](t=0s) 376
my_rank: 0 [DEBUG][0-0:0:0](t=0s) 603
my_rank: 0 [DEBUG][0-0:0:0](t=0s) new cluster
my_rank: 0 [DEBUG][0-0:0:0](t=0s) 108
my_rank: 0 [DEBUG][0-0:0:0](t=0s) 217
my_rank: 0 [DEBUG][0-0:0:0](t=0s) 222
my_rank: 0 [DEBUG][0-0:0:0](t=0s) 223
my_rank: 0 [DEBUG][0-0:0:0](t=0s) 224
my_rank: 0 [DEBUG][0-0:0:0](t=0s) 225
my_rank: 0 [DEBUG][0-0:0:0](t=0s) 362
my_rank: 0 [DEBUG][0-0:0:0](t=0s) 364
my_rank: 0 [DEBUG][0-0:0:0](t=0s) 365
my_rank: 0 [DEBUG][0-0:0:0](t=0s) 478
my_rank: 0 [DEBUG][0-0:0:0](t=0s) 514
my_rank: 0 [DEBUG][0-0:0:0](t=0s) new cluster
my_rank: 0 [DEBUG][0-0:0:0](t=0s) 147
my_rank: 0 [DEBUG][0-0:0:0](t=0s) 148
my_rank: 0 [DEBUG][0-0:0:0](t=0s) 413
my_rank: 0 [DEBUG][0-0:0:0](t=0s) 464
my_rank: 0 [DEBUG][0-0:0:0](t=0s) 837
my_rank: 0 [DEBUG][0-0:0:0](t=0s) new cluster
my_rank: 0 [DEBUG][0-0:0:0](t=0s) 149
my_rank: 0 [DEBUG][0-0:0:0](t=0s) 227
my_rank: 0 [DEBUG][0-0:0:0](t=0s) 228
my_rank: 0 [DEBUG][0-0:0:0](t=0s) 230
my_rank: 0 [DEBUG][0-0:0:0](t=0s) 231
my_rank: 0 [DEBUG][0-0:0:0](t=0s) 303
my_rank: 0 [DEBUG][0-0:0:0](t=0s) 317
my_rank: 0 [DEBUG][0-0:0:0](t=0s) 318
my_rank: 0 [DEBUG][0-0:0:0](t=0s) 319
my_rank: 0 [DEBUG][0-0:0:0](t=0s) 338
my_rank: 0 [DEBUG][0-0:0:0](t=0s) 494
my_rank: 0 [DEBUG][0-0:0:0](t=0s) new cluster
my_rank: 0 [DEBUG][0-0:0:0](t=0s) 150
my_rank: 0 [DEBUG][0-0:0:0](t=0s) 255
my_rank: 0 [DEBUG][0-0:0:0](t=0s) 306
my_rank: 0 [DEBUG][0-0:0:0](t=0s) 307
my_rank: 0 [DEBUG][0-0:0:0](t=0s) 308
my_rank: 0 [DEBUG][0-0:0:0](t=0s) 690
my_rank: 0 [DEBUG][0-0:0:0](t=0s) new cluster
my_rank: 0 [DEBUG][0-0:0:0](t=0s) 151
my_rank: 0 [DEBUG][0-0:0:0](t=0s) 153
my_rank: 0 [DEBUG][0-0:0:0](t=0s) 213
my_rank: 0 [DEBUG][0-0:0:0](t=0s) 479
my_rank: 0 [DEBUG][0-0:0:0](t=0s) 547
my_rank: 0 [DEBUG][0-0:0:0](t=0s) new cluster
my_rank: 0 [DEBUG][0-0:0:0](t=0s) 157
my_rank: 0 [DEBUG][0-0:0:0](t=0s) 158
my_rank: 0 [DEBUG][0-0:0:0](t=0s) 639
my_rank: 0 [DEBUG][0-0:0:0](t=0s) new cluster
my_rank: 0 [DEBUG][0-0:0:0](t=0s) 162
my_rank: 0 [DEBUG][0-0:0:0](t=0s) 163
my_rank: 0 [DEBUG][0-0:0:0](t=0s) 164
my_rank: 0 [DEBUG][0-0:0:0](t=0s) 165
my_rank: 0 [DEBUG][0-0:0:0](t=0s) 341
my_rank: 0 [DEBUG][0-0:0:0](t=0s) 342
my_rank: 0 [DEBUG][0-0:0:0](t=0s) 476
my_rank: 0 [DEBUG][0-0:0:0](t=0s) 477
my_rank: 0 [DEBUG][0-0:0:0](t=0s) 503
my_rank: 0 [DEBUG][0-0:0:0](t=0s) 549
my_rank: 0 [DEBUG][0-0:0:0](t=0s) new cluster
my_rank: 0 [DEBUG][0-0:0:0](t=0s) 166
my_rank: 0 [DEBUG][0-0:0:0](t=0s) 167
my_rank: 0 [DEBUG][0-0:0:0](t=0s) 520
my_rank: 0 [DEBUG][0-0:0:0](t=0s) 552
my_rank: 0 [DEBUG][0-0:0:0](t=0s) 553
my_rank: 0 [DEBUG][0-0:0:0](t=0s) new cluster
my_rank: 0 [DEBUG][0-0:0:0](t=0s) 169
my_rank: 0 [DEBUG][0-0:0:0](t=0s) 218
my_rank: 0 [DEBUG][0-0:0:0](t=0s) 219
my_rank: 0 [DEBUG][0-0:0:0](t=0s) 220
my_rank: 0 [DEBUG][0-0:0:0](t=0s) 221
my_rank: 0 [DEBUG][0-0:0:0](t=0s) 226
my_rank: 0 [DEBUG][0-0:0:0](t=0s) 417
my_rank: 0 [DEBUG][0-0:0:0](t=0s) 441
my_rank: 0 [DEBUG][0-0:0:0](t=0s) 487
my_rank: 0 [DEBUG][0-0:0:0](t=0s) 555
my_rank: 0 [DEBUG][0-0:0:0](t=0s) 556
my_rank: 0 [DEBUG][0-0:0:0](t=0s) 606
my_rank: 0 [DEBUG][0-0:0:0](t=0s) 630
my_rank: 0 [DEBUG][0-0:0:0](t=0s) 641
my_rank: 0 [DEBUG][0-0:0:0](t=0s) 653
my_rank: 0 [DEBUG][0-0:0:0](t=0s) new cluster
my_rank: 0 [DEBUG][0-0:0:0](t=0s) 173
my_rank: 0 [DEBUG][0-0:0:0](t=0s) 174
my_rank: 0 [DEBUG][0-0:0:0](t=0s) 175
my_rank: 0 [DEBUG][0-0:0:0](t=0s) 176
my_rank: 0 [DEBUG][0-0:0:0](t=0s) 177
my_rank: 0 [DEBUG][0-0:0:0](t=0s) 178
my_rank: 0 [DEBUG][0-0:0:0](t=0s) 179
my_rank: 0 [DEBUG][0-0:0:0](t=0s) 180
my_rank: 0 [DEBUG][0-0:0:0](t=0s) 181
my_rank: 0 [DEBUG][0-0:0:0](t=0s) 182
my_rank: 0 [DEBUG][0-0:0:0](t=0s) 183
my_rank: 0 [DEBUG][0-0:0:0](t=0s) 184
my_rank: 0 [DEBUG][0-0:0:0](t=0s) 185
my_rank: 0 [DEBUG][0-0:0:0](t=0s) 236
my_rank: 0 [DEBUG][0-0:0:0](t=0s) 237
my_rank: 0 [DEBUG][0-0:0:0](t=0s) 327
my_rank: 0 [DEBUG][0-0:0:0](t=0s) 328
my_rank: 0 [DEBUG][0-0:0:0](t=0s) 329
my_rank: 0 [DEBUG][0-0:0:0](t=0s) 408
my_rank: 0 [DEBUG][0-0:0:0](t=0s) 409
my_rank: 0 [DEBUG][0-0:0:0](t=0s) 410
my_rank: 0 [DEBUG][0-0:0:0](t=0s) 411
my_rank: 0 [DEBUG][0-0:0:0](t=0s) 422
my_rank: 0 [DEBUG][0-0:0:0](t=0s) 423
my_rank: 0 [DEBUG][0-0:0:0](t=0s) 424
my_rank: 0 [DEBUG][0-0:0:0](t=0s) 425
my_rank: 0 [DEBUG][0-0:0:0](t=0s) 426
my_rank: 0 [DEBUG][0-0:0:0](t=0s) 427
my_rank: 0 [DEBUG][0-0:0:0](t=0s) 428
my_rank: 0 [DEBUG][0-0:0:0](t=0s) 429
my_rank: 0 [DEBUG][0-0:0:0](t=0s) 430
my_rank: 0 [DEBUG][0-0:0:0](t=0s) 431
my_rank: 0 [DEBUG][0-0:0:0](t=0s) 593
my_rank: 0 [DEBUG][0-0:0:0](t=0s) 668
my_rank: 0 [DEBUG][0-0:0:0](t=0s) 895
my_rank: 0 [DEBUG][0-0:0:0](t=0s) new cluster
my_rank: 0 [DEBUG][0-0:0:0](t=0s) 186
my_rank: 0 [DEBUG][0-0:0:0](t=0s) 384
my_rank: 0 [DEBUG][0-0:0:0](t=0s) 531
my_rank: 0 [DEBUG][0-0:0:0](t=0s) new cluster
my_rank: 0 [DEBUG][0-0:0:0](t=0s) 189
my_rank: 0 [DEBUG][0-0:0:0](t=0s) 190
my_rank: 0 [DEBUG][0-0:0:0](t=0s) 191
my_rank: 0 [DEBUG][0-0:0:0](t=0s) 192
my_rank: 0 [DEBUG][0-0:0:0](t=0s) new cluster
my_rank: 0 [DEBUG][0-0:0:0](t=0s) 193
my_rank: 0 [DEBUG][0-0:0:0](t=0s) 194
my_rank: 0 [DEBUG][0-0:0:0](t=0s) 195
my_rank: 0 [DEBUG][0-0:0:0](t=0s) 196
my_rank: 0 [DEBUG][0-0:0:0](t=0s) 197
my_rank: 0 [DEBUG][0-0:0:0](t=0s) 198
my_rank: 0 [DEBUG][0-0:0:0](t=0s) 262
my_rank: 0 [DEBUG][0-0:0:0](t=0s) 263
my_rank: 0 [DEBUG][0-0:0:0](t=0s) 264
my_rank: 0 [DEBUG][0-0:0:0](t=0s) 265
my_rank: 0 [DEBUG][0-0:0:0](t=0s) 266
my_rank: 0 [DEBUG][0-0:0:0](t=0s) 267
my_rank: 0 [DEBUG][0-0:0:0](t=0s) 268
my_rank: 0 [DEBUG][0-0:0:0](t=0s) 269
my_rank: 0 [DEBUG][0-0:0:0](t=0s) 270
my_rank: 0 [DEBUG][0-0:0:0](t=0s) 271
my_rank: 0 [DEBUG][0-0:0:0](t=0s) 309
my_rank: 0 [DEBUG][0-0:0:0](t=0s) 310
my_rank: 0 [DEBUG][0-0:0:0](t=0s) 311
my_rank: 0 [DEBUG][0-0:0:0](t=0s) 580
my_rank: 0 [DEBUG][0-0:0:0](t=0s) new cluster
my_rank: 0 [DEBUG][0-0:0:0](t=0s) 199
my_rank: 0 [DEBUG][0-0:0:0](t=0s) 239
my_rank: 0 [DEBUG][0-0:0:0](t=0s) 240
my_rank: 0 [DEBUG][0-0:0:0](t=0s) 241
my_rank: 0 [DEBUG][0-0:0:0](t=0s) 242
my_rank: 0 [DEBUG][0-0:0:0](t=0s) 243
my_rank: 0 [DEBUG][0-0:0:0](t=0s) 244
my_rank: 0 [DEBUG][0-0:0:0](t=0s) 392
my_rank: 0 [DEBUG][0-0:0:0](t=0s) new cluster
my_rank: 0 [DEBUG][0-0:0:0](t=0s) 200
my_rank: 0 [DEBUG][0-0:0:0](t=0s) 281
my_rank: 0 [DEBUG][0-0:0:0](t=0s) 375
my_rank: 0 [DEBUG][0-0:0:0](t=0s) 398
my_rank: 0 [DEBUG][0-0:0:0](t=0s) 399
my_rank: 0 [DEBUG][0-0:0:0](t=0s) 665
my_rank: 0 [DEBUG][0-0:0:0](t=0s) new cluster
my_rank: 0 [DEBUG][0-0:0:0](t=0s) 201
my_rank: 0 [DEBUG][0-0:0:0](t=0s) 676
my_rank: 0 [DEBUG][0-0:0:0](t=0s) 683
my_rank: 0 [DEBUG][0-0:0:0](t=0s) new cluster
my_rank: 0 [DEBUG][0-0:0:0](t=0s) 208
my_rank: 0 [DEBUG][0-0:0:0](t=0s) 209
my_rank: 0 [DEBUG][0-0:0:0](t=0s) 210
my_rank: 0 [DEBUG][0-0:0:0](t=0s) 569
my_rank: 0 [DEBUG][0-0:0:0](t=0s) new cluster
my_rank: 0 [DEBUG][0-0:0:0](t=0s) 211
my_rank: 0 [DEBUG][0-0:0:0](t=0s) 212
my_rank: 0 [DEBUG][0-0:0:0](t=0s) new cluster
my_rank: 0 [DEBUG][0-0:0:0](t=0s) 215
my_rank: 0 [DEBUG][0-0:0:0](t=0s) 216
my_rank: 0 [DEBUG][0-0:0:0](t=0s) 369
my_rank: 0 [DEBUG][0-0:0:0](t=0s) 370
my_rank: 0 [DEBUG][0-0:0:0](t=0s) 371
my_rank: 0 [DEBUG][0-0:0:0](t=0s) 372
my_rank: 0 [DEBUG][0-0:0:0](t=0s) new cluster
my_rank: 0 [DEBUG][0-0:0:0](t=0s) 238
my_rank: 0 [DEBUG][0-0:0:0](t=0s) 528
my_rank: 0 [DEBUG][0-0:0:0](t=0s) new cluster
my_rank: 0 [DEBUG][0-0:0:0](t=0s) 252
my_rank: 0 [DEBUG][0-0:0:0](t=0s) 254
my_rank: 0 [DEBUG][0-0:0:0](t=0s) 439
my_rank: 0 [DEBUG][0-0:0:0](t=0s) 440
my_rank: 0 [DEBUG][0-0:0:0](t=0s) new cluster
my_rank: 0 [DEBUG][0-0:0:0](t=0s) 253
my_rank: 0 [DEBUG][0-0:0:0](t=0s) 256
my_rank: 0 [DEBUG][0-0:0:0](t=0s) new cluster
my_rank: 0 [DEBUG][0-0:0:0](t=0s) 261
my_rank: 0 [DEBUG][0-0:0:0](t=0s) 463
my_rank: 0 [DEBUG][0-0:0:0](t=0s) new cluster
my_rank: 0 [DEBUG][0-0:0:0](t=0s) 280
my_rank: 0 [DEBUG][0-0:0:0](t=0s) 282
my_rank: 0 [DEBUG][0-0:0:0](t=0s) new cluster
my_rank: 0 [DEBUG][0-0:0:0](t=0s) 283
my_rank: 0 [DEBUG][0-0:0:0](t=0s) 284
my_rank: 0 [DEBUG][0-0:0:0](t=0s) 853
my_rank: 0 [DEBUG][0-0:0:0](t=0s) new cluster
my_rank: 0 [DEBUG][0-0:0:0](t=0s) 285
my_rank: 0 [DEBUG][0-0:0:0](t=0s) 286
my_rank: 0 [DEBUG][0-0:0:0](t=0s) 287
my_rank: 0 [DEBUG][0-0:0:0](t=0s) new cluster
my_rank: 0 [DEBUG][0-0:0:0](t=0s) 288
my_rank: 0 [DEBUG][0-0:0:0](t=0s) 289
my_rank: 0 [DEBUG][0-0:0:0](t=0s) new cluster
my_rank: 0 [DEBUG][0-0:0:0](t=0s) 290
my_rank: 0 [DEBUG][0-0:0:0](t=0s) 500
my_rank: 0 [DEBUG][0-0:0:0](t=0s) 501
my_rank: 0 [DEBUG][0-0:0:0](t=0s) 558
my_rank: 0 [DEBUG][0-0:0:0](t=0s) 681
my_rank: 0 [DEBUG][0-0:0:0](t=0s) 905
my_rank: 0 [DEBUG][0-0:0:0](t=0s) new cluster
my_rank: 0 [DEBUG][0-0:0:0](t=0s) 291
my_rank: 0 [DEBUG][0-0:0:0](t=0s) 368
my_rank: 0 [DEBUG][0-0:0:0](t=0s) 617
my_rank: 0 [DEBUG][0-0:0:0](t=0s) 634
my_rank: 0 [DEBUG][0-0:0:0](t=0s) 666
my_rank: 0 [DEBUG][0-0:0:0](t=0s) new cluster
my_rank: 0 [DEBUG][0-0:0:0](t=0s) 292
my_rank: 0 [DEBUG][0-0:0:0](t=0s) 447
my_rank: 0 [DEBUG][0-0:0:0](t=0s) 448
my_rank: 0 [DEBUG][0-0:0:0](t=0s) 450
my_rank: 0 [DEBUG][0-0:0:0](t=0s) 850
my_rank: 0 [DEBUG][0-0:0:0](t=0s) new cluster
my_rank: 0 [DEBUG][0-0:0:0](t=0s) 293
my_rank: 0 [DEBUG][0-0:0:0](t=0s) 294
my_rank: 0 [DEBUG][0-0:0:0](t=0s) 295
my_rank: 0 [DEBUG][0-0:0:0](t=0s) 296
my_rank: 0 [DEBUG][0-0:0:0](t=0s) 297
my_rank: 0 [DEBUG][0-0:0:0](t=0s) 544
my_rank: 0 [DEBUG][0-0:0:0](t=0s) 545
my_rank: 0 [DEBUG][0-0:0:0](t=0s) 657
my_rank: 0 [DEBUG][0-0:0:0](t=0s) new cluster
my_rank: 0 [DEBUG][0-0:0:0](t=0s) 298
my_rank: 0 [DEBUG][0-0:0:0](t=0s) 299
my_rank: 0 [DEBUG][0-0:0:0](t=0s) 564
my_rank: 0 [DEBUG][0-0:0:0](t=0s) 565
my_rank: 0 [DEBUG][0-0:0:0](t=0s) 566
my_rank: 0 [DEBUG][0-0:0:0](t=0s) 567
my_rank: 0 [DEBUG][0-0:0:0](t=0s) new cluster
my_rank: 0 [DEBUG][0-0:0:0](t=0s) 300
my_rank: 0 [DEBUG][0-0:0:0](t=0s) 612
my_rank: 0 [DEBUG][0-0:0:0](t=0s) new cluster
my_rank: 0 [DEBUG][0-0:0:0](t=0s) 301
my_rank: 0 [DEBUG][0-0:0:0](t=0s) 508
my_rank: 0 [DEBUG][0-0:0:0](t=0s) new cluster
my_rank: 0 [DEBUG][0-0:0:0](t=0s) 304
my_rank: 0 [DEBUG][0-0:0:0](t=0s) 305
my_rank: 0 [DEBUG][0-0:0:0](t=0s) new cluster
my_rank: 0 [DEBUG][0-0:0:0](t=0s) 314
my_rank: 0 [DEBUG][0-0:0:0](t=0s) 315
my_rank: 0 [DEBUG][0-0:0:0](t=0s) 482
my_rank: 0 [DEBUG][0-0:0:0](t=0s) new cluster
my_rank: 0 [DEBUG][0-0:0:0](t=0s) 322
my_rank: 0 [DEBUG][0-0:0:0](t=0s) 323
my_rank: 0 [DEBUG][0-0:0:0](t=0s) new cluster
my_rank: 0 [DEBUG][0-0:0:0](t=0s) 330
my_rank: 0 [DEBUG][0-0:0:0](t=0s) 347
my_rank: 0 [DEBUG][0-0:0:0](t=0s) new cluster
my_rank: 0 [DEBUG][0-0:0:0](t=0s) 331
my_rank: 0 [DEBUG][0-0:0:0](t=0s) 332
my_rank: 0 [DEBUG][0-0:0:0](t=0s) 333
my_rank: 0 [DEBUG][0-0:0:0](t=0s) new cluster
my_rank: 0 [DEBUG][0-0:0:0](t=0s) 339
my_rank: 0 [DEBUG][0-0:0:0](t=0s) 453
my_rank: 0 [DEBUG][0-0:0:0](t=0s) new cluster
my_rank: 0 [DEBUG][0-0:0:0](t=0s) 340
my_rank: 0 [DEBUG][0-0:0:0](t=0s) 343
my_rank: 0 [DEBUG][0-0:0:0](t=0s) 667
my_rank: 0 [DEBUG][0-0:0:0](t=0s) new cluster
my_rank: 0 [DEBUG][0-0:0:0](t=0s) 346
my_rank: 0 [DEBUG][0-0:0:0](t=0s) 821
my_rank: 0 [DEBUG][0-0:0:0](t=0s) 823
my_rank: 0 [DEBUG][0-0:0:0](t=0s) new cluster
my_rank: 0 [DEBUG][0-0:0:0](t=0s) 349
my_rank: 0 [DEBUG][0-0:0:0](t=0s) 649
my_rank: 0 [DEBUG][0-0:0:0](t=0s) new cluster
my_rank: 0 [DEBUG][0-0:0:0](t=0s) 351
my_rank: 0 [DEBUG][0-0:0:0](t=0s) 433
my_rank: 0 [DEBUG][0-0:0:0](t=0s) 577
my_rank: 0 [DEBUG][0-0:0:0](t=0s) 605
my_rank: 0 [DEBUG][0-0:0:0](t=0s) new cluster
my_rank: 0 [DEBUG][0-0:0:0](t=0s) 354
my_rank: 0 [DEBUG][0-0:0:0](t=0s) 412
my_rank: 1 [INFO][0-0:0:0](t=0s) Loading the initial graph
my_rank: 1 [INFO][0-0:0:0](t=0s) Finished loading the initial graph
my_rank: 1 [DEBUG][0-0:0:0](t=0s) Iteration number: 0
my_rank: 1 [INFO][0-0:0:0](t=0s) Iteration number: 0
my_rank: 1 [DEBUG][0-0:0:0](t=0s) 48 [connected components / clusters] to be mincut
my_rank: 1 [DEBUG][0-0:0:0](t=0s) 0 [connected components / clusters] to be clustered after a round of mincuts
my_rank: 1 [DEBUG][0-0:0:0](t=0s) 48 [connected components / clusters] were found to be well connected
my_rank: 1 [INFO][0-0:0:0](t=0s) all clusters are well-connected
my_rank: 1 [INFO][0-0:0:0](t=0s) Total number of iterations: 1
my_rank: 1 [INFO][0-0:0:0](t=0s) Writing output to: ./output_clusters_network_simple.tsv_1
my_rank: 1 [DEBUG][0-0:0:0](t=0s) final clusters:
my_rank: 1 [DEBUG][0-0:0:0](t=0s) new cluster
my_rank: 1 [DEBUG][0-0:0:0](t=0s) 357
my_rank: 1 [DEBUG][0-0:0:0](t=0s) 358
my_rank: 1 [DEBUG][0-0:0:0](t=0s) new cluster
my_rank: 1 [DEBUG][0-0:0:0](t=0s) 363
my_rank: 1 [DEBUG][0-0:0:0](t=0s) 406
my_rank: 1 [DEBUG][0-0:0:0](t=0s) 407
my_rank: 1 [DEBUG][0-0:0:0](t=0s) 560
my_rank: 1 [DEBUG][0-0:0:0](t=0s) 561
my_rank: 1 [DEBUG][0-0:0:0](t=0s) new cluster
my_rank: 1 [DEBUG][0-0:0:0](t=0s) 378
my_rank: 1 [DEBUG][0-0:0:0](t=0s) 451
my_rank: 1 [DEBUG][0-0:0:0](t=0s) 845
my_rank: 1 [DEBUG][0-0:0:0](t=0s) new cluster
my_rank: 1 [DEBUG][0-0:0:0](t=0s) 379
my_rank: 1 [DEBUG][0-0:0:0](t=0s) 380
my_rank: 1 [DEBUG][0-0:0:0](t=0s) new cluster
my_rank: 1 [DEBUG][0-0:0:0](t=0s) 385
my_rank: 1 [DEBUG][0-0:0:0](t=0s) 386
my_rank: 1 [DEBUG][0-0:0:0](t=0s) 387
my_rank: 1 [DEBUG][0-0:0:0](t=0s) new cluster
my_rank: 1 [DEBUG][0-0:0:0](t=0s) 389
my_rank: 1 [DEBUG][0-0:0:0](t=0s) 390
my_rank: 1 [DEBUG][0-0:0:0](t=0s) new cluster
my_rank: 1 [DEBUG][0-0:0:0](t=0s) 393
my_rank: 1 [DEBUG][0-0:0:0](t=0s) 394
my_rank: 1 [DEBUG][0-0:0:0](t=0s) new cluster
my_rank: 1 [DEBUG][0-0:0:0](t=0s) 395
my_rank: 1 [DEBUG][0-0:0:0](t=0s) 396
my_rank: 1 [DEBUG][0-0:0:0](t=0s) new cluster
my_rank: 1 [DEBUG][0-0:0:0](t=0s) 397
my_rank: 1 [DEBUG][0-0:0:0](t=0s) 901
my_rank: 1 [DEBUG][0-0:0:0](t=0s) new cluster
my_rank: 1 [DEBUG][0-0:0:0](t=0s) 401
my_rank: 1 [DEBUG][0-0:0:0](t=0s) 499
my_rank: 1 [DEBUG][0-0:0:0](t=0s) new cluster
my_rank: 1 [DEBUG][0-0:0:0](t=0s) 402
my_rank: 1 [DEBUG][0-0:0:0](t=0s) 539
my_rank: 1 [DEBUG][0-0:0:0](t=0s) new cluster
my_rank: 1 [DEBUG][0-0:0:0](t=0s) 404
my_rank: 1 [DEBUG][0-0:0:0](t=0s) 418
my_rank: 1 [DEBUG][0-0:0:0](t=0s) 419
my_rank: 1 [DEBUG][0-0:0:0](t=0s) new cluster
my_rank: 1 [DEBUG][0-0:0:0](t=0s) 414
my_rank: 1 [DEBUG][0-0:0:0](t=0s) 445
my_rank: 1 [DEBUG][0-0:0:0](t=0s) 465
my_rank: 1 [DEBUG][0-0:0:0](t=0s) 466
my_rank: 1 [DEBUG][0-0:0:0](t=0s) new cluster
my_rank: 1 [DEBUG][0-0:0:0](t=0s) 437
my_rank: 1 [DEBUG][0-0:0:0](t=0s) 438
my_rank: 1 [DEBUG][0-0:0:0](t=0s) new cluster
my_rank: 1 [DEBUG][0-0:0:0](t=0s) 452
my_rank: 1 [DEBUG][0-0:0:0](t=0s) 648
my_rank: 1 [DEBUG][0-0:0:0](t=0s) new cluster
my_rank: 1 [DEBUG][0-0:0:0](t=0s) 458
my_rank: 1 [DEBUG][0-0:0:0](t=0s) 488
my_rank: 1 [DEBUG][0-0:0:0](t=0s) new cluster
my_rank: 1 [DEBUG][0-0:0:0](t=0s) 470
my_rank: 1 [DEBUG][0-0:0:0](t=0s) 471
my_rank: 1 [DEBUG][0-0:0:0](t=0s) new cluster
my_rank: 1 [DEBUG][0-0:0:0](t=0s) 472
my_rank: 1 [DEBUG][0-0:0:0](t=0s) 473
my_rank: 1 [DEBUG][0-0:0:0](t=0s) new cluster
my_rank: 1 [DEBUG][0-0:0:0](t=0s) 474
my_rank: 1 [DEBUG][0-0:0:0](t=0s) 475
my_rank: 1 [DEBUG][0-0:0:0](t=0s) 486
my_rank: 1 [DEBUG][0-0:0:0](t=0s) 598
my_rank: 1 [DEBUG][0-0:0:0](t=0s) 599
my_rank: 1 [DEBUG][0-0:0:0](t=0s) new cluster
my_rank: 1 [DEBUG][0-0:0:0](t=0s) 484
my_rank: 1 [DEBUG][0-0:0:0](t=0s) 485
my_rank: 1 [DEBUG][0-0:0:0](t=0s) new cluster
my_rank: 1 [DEBUG][0-0:0:0](t=0s) 489
my_rank: 1 [DEBUG][0-0:0:0](t=0s) 490
my_rank: 1 [DEBUG][0-0:0:0](t=0s) new cluster
my_rank: 1 [DEBUG][0-0:0:0](t=0s) 497
my_rank: 1 [DEBUG][0-0:0:0](t=0s) 498
my_rank: 1 [DEBUG][0-0:0:0](t=0s) new cluster
my_rank: 1 [DEBUG][0-0:0:0](t=0s) 511
my_rank: 1 [DEBUG][0-0:0:0](t=0s) 512
my_rank: 1 [DEBUG][0-0:0:0](t=0s) new cluster
my_rank: 1 [DEBUG][0-0:0:0](t=0s) 515
my_rank: 1 [DEBUG][0-0:0:0](t=0s) 516
my_rank: 1 [DEBUG][0-0:0:0](t=0s) new cluster
my_rank: 1 [DEBUG][0-0:0:0](t=0s) 517
my_rank: 1 [DEBUG][0-0:0:0](t=0s) 518
my_rank: 1 [DEBUG][0-0:0:0](t=0s) new cluster
my_rank: 1 [DEBUG][0-0:0:0](t=0s) 521
my_rank: 1 [DEBUG][0-0:0:0](t=0s) 522
my_rank: 1 [DEBUG][0-0:0:0](t=0s) new cluster
my_rank: 1 [DEBUG][0-0:0:0](t=0s) 524
my_rank: 1 [DEBUG][0-0:0:0](t=0s) 525
my_rank: 1 [DEBUG][0-0:0:0](t=0s) new cluster
my_rank: 1 [DEBUG][0-0:0:0](t=0s) 541
my_rank: 1 [DEBUG][0-0:0:0](t=0s) 542
my_rank: 1 [DEBUG][0-0:0:0](t=0s) new cluster
my_rank: 1 [DEBUG][0-0:0:0](t=0s) 562
my_rank: 1 [DEBUG][0-0:0:0](t=0s) 563
my_rank: 1 [DEBUG][0-0:0:0](t=0s) new cluster
my_rank: 1 [DEBUG][0-0:0:0](t=0s) 571
my_rank: 1 [DEBUG][0-0:0:0](t=0s) 572
my_rank: 1 [DEBUG][0-0:0:0](t=0s) new cluster
my_rank: 1 [DEBUG][0-0:0:0](t=0s) 575
my_rank: 1 [DEBUG][0-0:0:0](t=0s) 576
my_rank: 1 [DEBUG][0-0:0:0](t=0s) new cluster
my_rank: 1 [DEBUG][0-0:0:0](t=0s) 581
my_rank: 1 [DEBUG][0-0:0:0](t=0s) 582
my_rank: 1 [DEBUG][0-0:0:0](t=0s) new cluster
my_rank: 1 [DEBUG][0-0:0:0](t=0s) 585
my_rank: 1 [DEBUG][0-0:0:0](t=0s) 586
my_rank: 1 [DEBUG][0-0:0:0](t=0s) 596
my_rank: 1 [DEBUG][0-0:0:0](t=0s) 834
my_rank: 1 [DEBUG][0-0:0:0](t=0s) new cluster
my_rank: 1 [DEBUG][0-0:0:0](t=0s) 589
my_rank: 1 [DEBUG][0-0:0:0](t=0s) 590
my_rank: 1 [DEBUG][0-0:0:0](t=0s) 664
my_rank: 1 [DEBUG][0-0:0:0](t=0s) new cluster
my_rank: 1 [DEBUG][0-0:0:0](t=0s) 597
my_rank: 1 [DEBUG][0-0:0:0](t=0s) 618
my_rank: 1 [DEBUG][0-0:0:0](t=0s) new cluster
my_rank: 1 [DEBUG][0-0:0:0](t=0s) 624
my_rank: 1 [DEBUG][0-0:0:0](t=0s) 658
my_rank: 1 [DEBUG][0-0:0:0](t=0s) 659
my_rank: 1 [DEBUG][0-0:0:0](t=0s) 660
my_rank: 1 [DEBUG][0-0:0:0](t=0s) new cluster
my_rank: 1 [DEBUG][0-0:0:0](t=0s) 635
my_rank: 1 [DEBUG][0-0:0:0](t=0s) 636
my_rank: 1 [DEBUG][0-0:0:0](t=0s) new cluster
my_rank: 1 [DEBUG][0-0:0:0](t=0s) 645
my_rank: 1 [DEBUG][0-0:0:0](t=0s) 646
my_rank: 1 [DEBUG][0-0:0:0](t=0s) new cluster
my_rank: 1 [DEBUG][0-0:0:0](t=0s) 655
my_rank: 1 [DEBUG][0-0:0:0](t=0s) 656
my_rank: 1 [DEBUG][0-0:0:0](t=0s) new cluster
my_rank: 1 [DEBUG][0-0:0:0](t=0s) 662
my_rank: 1 [DEBUG][0-0:0:0](t=0s) 663
my_rank: 1 [DEBUG][0-0:0:0](t=0s) new cluster
my_rank: 1 [DEBUG][0-0:0:0](t=0s) 671
my_rank: 1 [DEBUG][0-0:0:0](t=0s) 672
my_rank: 1 [DEBUG][0-0:0:0](t=0s) new cluster
my_rank: 1 [DEBUG][0-0:0:0](t=0s) 674
my_rank: 1 [DEBUG][0-0:0:0](t=0s) 675
my_rank: 1 [DEBUG][0-0:0:0](t=0s) new cluster
my_rank: 1 [DEBUG][0-0:0:0](t=0s) 678
my_rank: 1 [DEBUG][0-0:0:0](t=0s) 679
my_rank: 1 [DEBUG][0-0:0:0](t=0s) new cluster
my_rank: 1 [DEBUG][0-0:0:0](t=0s) 840
my_rank: 1 [DEBUG][0-0:0:0](t=0s) 841
my_rank: 1 [DEBUG][0-0:0:0](t=0s) new cluster
my_rank: 1 [DEBUG][0-0:0:0](t=0s) 843
my_rank: 1 [DEBUG][0-0:0:0](t=0s) 844
my_rank: 1 [DEBUG][0-0:0:0](t=0s) new cluster
my_rank: 1 [DEBUG][0-0:0:0](t=0s) 846
my_rank: 1 [DEBUG][0-0:0:0](t=0s) 847
my_rank: 1 [DEBUG][0-0:0:0](t=0s) new cluster
my_rank: 1 [DEBUG][0-0:0:0](t=0s) 892
my_rank: 1 [DEBUG][0-0:0:0](t=0s) 893
my_rank: 1 [DEBUG][0-0:0:0](t=0s) 894
my_rank: 1 [DEBUG][0-0:0:0](t=0s) new cluster
my_rank: 1 [DEBUG][0-0:0:0](t=0s) 897
my_rank: 1 [DEBUG][0-0:0:0](t=0s) 898
